2020-12-24 21:20:25 [main] DEBUG org.hibernate.type.BasicTypeRegistry -
				Adding type registration boolean -> org.hibernate.type.BooleanType@1552da16
2020-12-24 21:20:25 [main] DEBUG org.hibernate.type.BasicTypeRegistry -
				Adding type registration boolean -> org.hibernate.type.BooleanType@1552da16
2020-12-24 21:20:25 [main] DEBUG org.hibernate.type.BasicTypeRegistry -
				Adding type registration java.lang.Boolean -> org.hibernate.type.BooleanType@1552da16
2020-12-24 21:20:25 [main] DEBUG org.hibernate.type.BasicTypeRegistry -
				Adding type registration numeric_boolean -> org.hibernate.type.NumericBooleanType@65e4cb84
2020-12-24 21:20:25 [main] DEBUG org.hibernate.type.BasicTypeRegistry -
				Adding type registration true_false -> org.hibernate.type.TrueFalseType@4afd65fd
2020-12-24 21:20:25 [main] DEBUG org.hibernate.type.BasicTypeRegistry -
				Adding type registration yes_no -> org.hibernate.type.YesNoType@2aa6bbad
2020-12-24 21:20:25 [main] DEBUG org.hibernate.type.BasicTypeRegistry -
				Adding type registration byte -> org.hibernate.type.ByteType@2ef041bb
2020-12-24 21:20:25 [main] DEBUG org.hibernate.type.BasicTypeRegistry -
				Adding type registration byte -> org.hibernate.type.ByteType@2ef041bb
2020-12-24 21:20:25 [main] DEBUG org.hibernate.type.BasicTypeRegistry -
				Adding type registration java.lang.Byte -> org.hibernate.type.ByteType@2ef041bb
2020-12-24 21:20:25 [main] DEBUG org.hibernate.type.BasicTypeRegistry -
				Adding type registration character -> org.hibernate.type.CharacterType@6d815fb7
2020-12-24 21:20:25 [main] DEBUG org.hibernate.type.BasicTypeRegistry -
				Adding type registration char -> org.hibernate.type.CharacterType@6d815fb7
2020-12-24 21:20:25 [main] DEBUG org.hibernate.type.BasicTypeRegistry -
				Adding type registration java.lang.Character -> org.hibernate.type.CharacterType@6d815fb7
2020-12-24 21:20:25 [main] DEBUG org.hibernate.type.BasicTypeRegistry -
				Adding type registration short -> org.hibernate.type.ShortType@7e050be1
2020-12-24 21:20:25 [main] DEBUG org.hibernate.type.BasicTypeRegistry -
				Adding type registration short -> org.hibernate.type.ShortType@7e050be1
2020-12-24 21:20:25 [main] DEBUG org.hibernate.type.BasicTypeRegistry -
				Adding type registration java.lang.Short -> org.hibernate.type.ShortType@7e050be1
2020-12-24 21:20:25 [main] DEBUG org.hibernate.type.BasicTypeRegistry -
				Adding type registration integer -> org.hibernate.type.IntegerType@2f86f9cf
2020-12-24 21:20:25 [main] DEBUG org.hibernate.type.BasicTypeRegistry -
				Adding type registration int -> org.hibernate.type.IntegerType@2f86f9cf
2020-12-24 21:20:25 [main] DEBUG org.hibernate.type.BasicTypeRegistry -
				Adding type registration java.lang.Integer -> org.hibernate.type.IntegerType@2f86f9cf
2020-12-24 21:20:25 [main] DEBUG org.hibernate.type.BasicTypeRegistry -
				Adding type registration long -> org.hibernate.type.LongType@6dded900
2020-12-24 21:20:25 [main] DEBUG org.hibernate.type.BasicTypeRegistry -
				Adding type registration long -> org.hibernate.type.LongType@6dded900
2020-12-24 21:20:25 [main] DEBUG org.hibernate.type.BasicTypeRegistry -
				Adding type registration java.lang.Long -> org.hibernate.type.LongType@6dded900
2020-12-24 21:20:25 [main] DEBUG org.hibernate.type.BasicTypeRegistry -
				Adding type registration float -> org.hibernate.type.FloatType@60c96eb4
2020-12-24 21:20:25 [main] DEBUG org.hibernate.type.BasicTypeRegistry -
				Adding type registration float -> org.hibernate.type.FloatType@60c96eb4
2020-12-24 21:20:25 [main] DEBUG org.hibernate.type.BasicTypeRegistry -
				Adding type registration java.lang.Float -> org.hibernate.type.FloatType@60c96eb4
2020-12-24 21:20:25 [main] DEBUG org.hibernate.type.BasicTypeRegistry -
				Adding type registration double -> org.hibernate.type.DoubleType@2b3f7704
2020-12-24 21:20:25 [main] DEBUG org.hibernate.type.BasicTypeRegistry -
				Adding type registration double -> org.hibernate.type.DoubleType@2b3f7704
2020-12-24 21:20:25 [main] DEBUG org.hibernate.type.BasicTypeRegistry -
				Adding type registration java.lang.Double -> org.hibernate.type.DoubleType@2b3f7704
2020-12-24 21:20:25 [main] DEBUG org.hibernate.type.BasicTypeRegistry -
				Adding type registration big_decimal -> org.hibernate.type.BigDecimalType@3b57f915
2020-12-24 21:20:25 [main] DEBUG org.hibernate.type.BasicTypeRegistry -
				Adding type registration java.math.BigDecimal -> org.hibernate.type.BigDecimalType@3b57f915
2020-12-24 21:20:25 [main] DEBUG org.hibernate.type.BasicTypeRegistry -
				Adding type registration big_integer -> org.hibernate.type.BigIntegerType@6aad919c
2020-12-24 21:20:25 [main] DEBUG org.hibernate.type.BasicTypeRegistry -
				Adding type registration java.math.BigInteger -> org.hibernate.type.BigIntegerType@6aad919c
2020-12-24 21:20:25 [main] DEBUG org.hibernate.type.BasicTypeRegistry -
				Adding type registration string -> org.hibernate.type.StringType@66298fe9
2020-12-24 21:20:25 [main] DEBUG org.hibernate.type.BasicTypeRegistry -
				Adding type registration java.lang.String -> org.hibernate.type.StringType@66298fe9
2020-12-24 21:20:25 [main] DEBUG org.hibernate.type.BasicTypeRegistry -
				Adding type registration nstring -> org.hibernate.type.StringNVarcharType@3be80ece
2020-12-24 21:20:25 [main] DEBUG org.hibernate.type.BasicTypeRegistry -
				Adding type registration ncharacter -> org.hibernate.type.CharacterNCharType@5112b7
2020-12-24 21:20:25 [main] DEBUG org.hibernate.type.BasicTypeRegistry -
				Adding type registration url -> org.hibernate.type.UrlType@19dac2d6
2020-12-24 21:20:25 [main] DEBUG org.hibernate.type.BasicTypeRegistry -
				Adding type registration java.net.URL -> org.hibernate.type.UrlType@19dac2d6
2020-12-24 21:20:25 [main] DEBUG org.hibernate.type.BasicTypeRegistry -
				Adding type registration Duration -> org.hibernate.type.DurationType@7f93f4c
2020-12-24 21:20:25 [main] DEBUG org.hibernate.type.BasicTypeRegistry -
				Adding type registration java.time.Duration -> org.hibernate.type.DurationType@7f93f4c
2020-12-24 21:20:25 [main] DEBUG org.hibernate.type.BasicTypeRegistry -
				Adding type registration Instant -> org.hibernate.type.InstantType@22c8ee48
2020-12-24 21:20:25 [main] DEBUG org.hibernate.type.BasicTypeRegistry -
				Adding type registration java.time.Instant -> org.hibernate.type.InstantType@22c8ee48
2020-12-24 21:20:25 [main] DEBUG org.hibernate.type.BasicTypeRegistry -
				Adding type registration LocalDateTime -> org.hibernate.type.LocalDateTimeType@6e5f5478
2020-12-24 21:20:25 [main] DEBUG org.hibernate.type.BasicTypeRegistry -
				Adding type registration java.time.LocalDateTime -> org.hibernate.type.LocalDateTimeType@6e5f5478
2020-12-24 21:20:25 [main] DEBUG org.hibernate.type.BasicTypeRegistry -
				Adding type registration LocalDate -> org.hibernate.type.LocalDateType@2b7774d5
2020-12-24 21:20:25 [main] DEBUG org.hibernate.type.BasicTypeRegistry -
				Adding type registration java.time.LocalDate -> org.hibernate.type.LocalDateType@2b7774d5
2020-12-24 21:20:25 [main] DEBUG org.hibernate.type.BasicTypeRegistry -
				Adding type registration LocalTime -> org.hibernate.type.LocalTimeType@21090c88
2020-12-24 21:20:25 [main] DEBUG org.hibernate.type.BasicTypeRegistry -
				Adding type registration java.time.LocalTime -> org.hibernate.type.LocalTimeType@21090c88
2020-12-24 21:20:25 [main] DEBUG org.hibernate.type.BasicTypeRegistry -
				Adding type registration OffsetDateTime -> org.hibernate.type.OffsetDateTimeType@3ed7dd70
2020-12-24 21:20:25 [main] DEBUG org.hibernate.type.BasicTypeRegistry -
				Adding type registration java.time.OffsetDateTime -> org.hibernate.type.OffsetDateTimeType@3ed7dd70
2020-12-24 21:20:25 [main] DEBUG org.hibernate.type.BasicTypeRegistry -
				Adding type registration OffsetTime -> org.hibernate.type.OffsetTimeType@579846cc
2020-12-24 21:20:25 [main] DEBUG org.hibernate.type.BasicTypeRegistry -
				Adding type registration java.time.OffsetTime -> org.hibernate.type.OffsetTimeType@579846cc
2020-12-24 21:20:25 [main] DEBUG org.hibernate.type.BasicTypeRegistry -
				Adding type registration ZonedDateTime -> org.hibernate.type.ZonedDateTimeType@3dde5f38
2020-12-24 21:20:25 [main] DEBUG org.hibernate.type.BasicTypeRegistry -
				Adding type registration java.time.ZonedDateTime -> org.hibernate.type.ZonedDateTimeType@3dde5f38
2020-12-24 21:20:25 [main] DEBUG org.hibernate.type.BasicTypeRegistry -
				Adding type registration date -> org.hibernate.type.DateType@455f4483
2020-12-24 21:20:25 [main] DEBUG org.hibernate.type.BasicTypeRegistry -
				Adding type registration java.sql.Date -> org.hibernate.type.DateType@455f4483
2020-12-24 21:20:25 [main] DEBUG org.hibernate.type.BasicTypeRegistry -
				Adding type registration time -> org.hibernate.type.TimeType@1377b1a0
2020-12-24 21:20:25 [main] DEBUG org.hibernate.type.BasicTypeRegistry -
				Adding type registration java.sql.Time -> org.hibernate.type.TimeType@1377b1a0
2020-12-24 21:20:25 [main] DEBUG org.hibernate.type.BasicTypeRegistry -
				Adding type registration timestamp -> org.hibernate.type.TimestampType@793cef95
2020-12-24 21:20:25 [main] DEBUG org.hibernate.type.BasicTypeRegistry -
				Adding type registration java.sql.Timestamp -> org.hibernate.type.TimestampType@793cef95
2020-12-24 21:20:25 [main] DEBUG org.hibernate.type.BasicTypeRegistry -
				Adding type registration java.util.Date -> org.hibernate.type.TimestampType@793cef95
2020-12-24 21:20:25 [main] DEBUG org.hibernate.type.BasicTypeRegistry -
				Adding type registration dbtimestamp -> org.hibernate.type.DbTimestampType@79f1e22e
2020-12-24 21:20:25 [main] DEBUG org.hibernate.type.BasicTypeRegistry -
				Adding type registration calendar -> org.hibernate.type.CalendarType@77c23d90
2020-12-24 21:20:25 [main] DEBUG org.hibernate.type.BasicTypeRegistry -
				Adding type registration java.util.Calendar -> org.hibernate.type.CalendarType@77c23d90
2020-12-24 21:20:25 [main] DEBUG org.hibernate.type.BasicTypeRegistry -
				Adding type registration java.util.GregorianCalendar -> org.hibernate.type.CalendarType@77c23d90
2020-12-24 21:20:25 [main] DEBUG org.hibernate.type.BasicTypeRegistry -
				Adding type registration calendar_date -> org.hibernate.type.CalendarDateType@30ffb2a6
2020-12-24 21:20:25 [main] DEBUG org.hibernate.type.BasicTypeRegistry -
				Adding type registration locale -> org.hibernate.type.LocaleType@2a7ebe07
2020-12-24 21:20:25 [main] DEBUG org.hibernate.type.BasicTypeRegistry -
				Adding type registration java.util.Locale -> org.hibernate.type.LocaleType@2a7ebe07
2020-12-24 21:20:25 [main] DEBUG org.hibernate.type.BasicTypeRegistry -
				Adding type registration currency -> org.hibernate.type.CurrencyType@6fc1a8f6
2020-12-24 21:20:25 [main] DEBUG org.hibernate.type.BasicTypeRegistry -
				Adding type registration java.util.Currency -> org.hibernate.type.CurrencyType@6fc1a8f6
2020-12-24 21:20:25 [main] DEBUG org.hibernate.type.BasicTypeRegistry -
				Adding type registration timezone -> org.hibernate.type.TimeZoneType@33a47707
2020-12-24 21:20:25 [main] DEBUG org.hibernate.type.BasicTypeRegistry -
				Adding type registration java.util.TimeZone -> org.hibernate.type.TimeZoneType@33a47707
2020-12-24 21:20:25 [main] DEBUG org.hibernate.type.BasicTypeRegistry -
				Adding type registration class -> org.hibernate.type.ClassType@acb5508
2020-12-24 21:20:25 [main] DEBUG org.hibernate.type.BasicTypeRegistry -
				Adding type registration java.lang.Class -> org.hibernate.type.ClassType@acb5508
2020-12-24 21:20:25 [main] DEBUG org.hibernate.type.BasicTypeRegistry -
				Adding type registration uuid-binary -> org.hibernate.type.UUIDBinaryType@67a8bcbb
2020-12-24 21:20:25 [main] DEBUG org.hibernate.type.BasicTypeRegistry -
				Adding type registration java.util.UUID -> org.hibernate.type.UUIDBinaryType@67a8bcbb
2020-12-24 21:20:25 [main] DEBUG org.hibernate.type.BasicTypeRegistry -
				Adding type registration uuid-char -> org.hibernate.type.UUIDCharType@2fc7fa6e
2020-12-24 21:20:25 [main] DEBUG org.hibernate.type.BasicTypeRegistry -
				Adding type registration binary -> org.hibernate.type.BinaryType@1d226f27
2020-12-24 21:20:25 [main] DEBUG org.hibernate.type.BasicTypeRegistry -
				Adding type registration byte[] -> org.hibernate.type.BinaryType@1d226f27
2020-12-24 21:20:25 [main] DEBUG org.hibernate.type.BasicTypeRegistry -
				Adding type registration [B -> org.hibernate.type.BinaryType@1d226f27
2020-12-24 21:20:25 [main] DEBUG org.hibernate.type.BasicTypeRegistry -
				Adding type registration wrapper-binary -> org.hibernate.type.WrapperBinaryType@6736f40f
2020-12-24 21:20:25 [main] DEBUG org.hibernate.type.BasicTypeRegistry -
				Adding type registration Byte[] -> org.hibernate.type.WrapperBinaryType@6736f40f
2020-12-24 21:20:25 [main] DEBUG org.hibernate.type.BasicTypeRegistry -
				Adding type registration [Ljava.lang.Byte; -> org.hibernate.type.WrapperBinaryType@6736f40f
2020-12-24 21:20:25 [main] DEBUG org.hibernate.type.BasicTypeRegistry -
				Adding type registration row_version -> org.hibernate.type.RowVersionType@45571cfc
2020-12-24 21:20:25 [main] DEBUG org.hibernate.type.BasicTypeRegistry -
				Adding type registration image -> org.hibernate.type.ImageType@6b24ddd7
2020-12-24 21:20:25 [main] DEBUG org.hibernate.type.BasicTypeRegistry -
				Adding type registration characters -> org.hibernate.type.CharArrayType@315b4202
2020-12-24 21:20:25 [main] DEBUG org.hibernate.type.BasicTypeRegistry -
				Adding type registration char[] -> org.hibernate.type.CharArrayType@315b4202
2020-12-24 21:20:25 [main] DEBUG org.hibernate.type.BasicTypeRegistry -
				Adding type registration [C -> org.hibernate.type.CharArrayType@315b4202
2020-12-24 21:20:25 [main] DEBUG org.hibernate.type.BasicTypeRegistry -
				Adding type registration wrapper-characters -> org.hibernate.type.CharacterArrayType@2969a9a6
2020-12-24 21:20:25 [main] DEBUG org.hibernate.type.BasicTypeRegistry -
				Adding type registration [Ljava.lang.Character; -> org.hibernate.type.CharacterArrayType@2969a9a6
2020-12-24 21:20:25 [main] DEBUG org.hibernate.type.BasicTypeRegistry -
				Adding type registration Character[] -> org.hibernate.type.CharacterArrayType@2969a9a6
2020-12-24 21:20:25 [main] DEBUG org.hibernate.type.BasicTypeRegistry -
				Adding type registration text -> org.hibernate.type.TextType@2d24cdd9
2020-12-24 21:20:25 [main] DEBUG org.hibernate.type.BasicTypeRegistry -
				Adding type registration ntext -> org.hibernate.type.NTextType@27d73d22
2020-12-24 21:20:25 [main] DEBUG org.hibernate.type.BasicTypeRegistry -
				Adding type registration blob -> org.hibernate.type.BlobType@1231a1be
2020-12-24 21:20:25 [main] DEBUG org.hibernate.type.BasicTypeRegistry -
				Adding type registration java.sql.Blob -> org.hibernate.type.BlobType@1231a1be
2020-12-24 21:20:25 [main] DEBUG org.hibernate.type.BasicTypeRegistry -
				Adding type registration materialized_blob -> org.hibernate.type.MaterializedBlobType@6ce9771c
2020-12-24 21:20:25 [main] DEBUG org.hibernate.type.BasicTypeRegistry -
				Adding type registration clob -> org.hibernate.type.ClobType@1bfa5a13
2020-12-24 21:20:25 [main] DEBUG org.hibernate.type.BasicTypeRegistry -
				Adding type registration java.sql.Clob -> org.hibernate.type.ClobType@1bfa5a13
2020-12-24 21:20:25 [main] DEBUG org.hibernate.type.BasicTypeRegistry -
				Adding type registration nclob -> org.hibernate.type.NClobType@5f935d49
2020-12-24 21:20:25 [main] DEBUG org.hibernate.type.BasicTypeRegistry -
				Adding type registration java.sql.NClob -> org.hibernate.type.NClobType@5f935d49
2020-12-24 21:20:25 [main] DEBUG org.hibernate.type.BasicTypeRegistry -
				Adding type registration materialized_clob -> org.hibernate.type.MaterializedClobType@3313463c
2020-12-24 21:20:25 [main] DEBUG org.hibernate.type.BasicTypeRegistry -
				Adding type registration materialized_nclob -> org.hibernate.type.MaterializedNClobType@316d30ad
2020-12-24 21:20:25 [main] DEBUG org.hibernate.type.BasicTypeRegistry -
				Adding type registration serializable -> org.hibernate.type.SerializableType@12209826
2020-12-24 21:20:25 [main] DEBUG org.hibernate.type.BasicTypeRegistry -
				Adding type registration object -> org.hibernate.type.ObjectType@2c0798bd
2020-12-24 21:20:25 [main] DEBUG org.hibernate.type.BasicTypeRegistry -
				Adding type registration java.lang.Object -> org.hibernate.type.ObjectType@2c0798bd
2020-12-24 21:20:25 [main] DEBUG org.hibernate.type.BasicTypeRegistry -
				Adding type registration imm_date -> org.hibernate.type.AdaptedImmutableType@774f2992
2020-12-24 21:20:25 [main] DEBUG org.hibernate.type.BasicTypeRegistry -
				Adding type registration imm_time -> org.hibernate.type.AdaptedImmutableType@602298b
2020-12-24 21:20:25 [main] DEBUG org.hibernate.type.BasicTypeRegistry -
				Adding type registration imm_timestamp -> org.hibernate.type.AdaptedImmutableType@1fb6b8fb
2020-12-24 21:20:25 [main] DEBUG org.hibernate.type.BasicTypeRegistry -
				Adding type registration imm_dbtimestamp -> org.hibernate.type.AdaptedImmutableType@149d7cc6
2020-12-24 21:20:25 [main] DEBUG org.hibernate.type.BasicTypeRegistry -
				Adding type registration imm_calendar -> org.hibernate.type.AdaptedImmutableType@1a10c47e
2020-12-24 21:20:25 [main] DEBUG org.hibernate.type.BasicTypeRegistry -
				Adding type registration imm_calendar_date -> org.hibernate.type.AdaptedImmutableType@d49e8c6
2020-12-24 21:20:25 [main] DEBUG org.hibernate.type.BasicTypeRegistry -
				Adding type registration imm_binary -> org.hibernate.type.AdaptedImmutableType@2712e8f4
2020-12-24 21:20:25 [main] DEBUG org.hibernate.type.BasicTypeRegistry -
				Adding type registration imm_serializable -> org.hibernate.type.AdaptedImmutableType@5896cb9c
2020-12-24 21:20:26 [main] DEBUG o.h.type.spi.TypeConfiguration$Scope -
				Scoping TypeConfiguration [org.hibernate.type.spi.TypeConfiguration@106459d9] to MetadataBuildingContext [org.hibernate.boot.internal.MetadataBuildingContextRootImpl@33a71d23]
2020-12-24 21:20:27 [main] DEBUG o.h.type.spi.TypeConfiguration$Scope -
				Scoping TypeConfiguration [org.hibernate.type.spi.TypeConfiguration@106459d9] to SessionFactoryImpl [org.hibernate.internal.SessionFactoryImpl@105c6c9e]
2020-12-24 21:20:28 [main] TRACE o.h.type.spi.TypeConfiguration$Scope -
				Handling #sessionFactoryCreated from [org.hibernate.internal.SessionFactoryImpl@105c6c9e] for TypeConfiguration
2020-12-24 21:20:29 [main] WARN  o.s.b.a.o.j.JpaBaseConfiguration$JpaWebConfiguration -
				spring.jpa.open-in-view is enabled by default. Therefore, database queries may be performed during view rendering. Explicitly configure spring.jpa.open-in-view to disable this warning
2020-12-24 21:20:30 [main] WARN  c.n.c.sources.URLConfigurationSource -
				No URLs will be polled as dynamic configuration sources.
2020-12-24 21:20:30 [main] WARN  c.n.c.sources.URLConfigurationSource -
				No URLs will be polled as dynamic configuration sources.
2020-12-24 21:20:37 [main] WARN  o.s.c.l.c.BlockingLoadBalancerClientAutoConfiguration$BlockingLoadBalancerClientRibbonWarnLogger -
				You already have RibbonLoadBalancerClient on your classpath. It will be used by default. As Spring Cloud Ribbon is in maintenance mode. We recommend switching to BlockingLoadBalancerClient instead. In order to use it, set the value of `spring.cloud.loadbalancer.ribbon.enabled` to `false` or remove spring-cloud-starter-netflix-ribbon from your project.
2020-12-24 21:21:46 [http-nio-8082-exec-1] WARN  o.s.web.servlet.PageNotFound -
				No mapping for GET /api/v1/welcome
2020-12-24 21:22:40 [http-nio-8082-exec-5] DEBUG org.hibernate.SQL -
				select user0_.user_id as user_id1_0_, user0_.cpassword as cpasswor2_0_, user0_.password as password3_0_ from user user0_ where user0_.user_id=? and user0_.password=?
2020-12-24 21:22:40 [http-nio-8082-exec-5] TRACE o.h.type.descriptor.sql.BasicBinder -
				binding parameter [1] as [VARCHAR] - [mehersk]
2020-12-24 21:22:40 [http-nio-8082-exec-5] TRACE o.h.type.descriptor.sql.BasicBinder -
				binding parameter [2] as [VARCHAR] - [Meher@123]
2020-12-24 21:22:40 [http-nio-8082-exec-5] TRACE o.h.t.descriptor.sql.BasicExtractor -
				extracted value ([user_id1_0_] : [VARCHAR]) - [mehersk]
2020-12-24 21:22:40 [http-nio-8082-exec-5] TRACE o.h.t.descriptor.sql.BasicExtractor -
				extracted value ([cpasswor2_0_] : [VARCHAR]) - [Meher@123]
2020-12-24 21:22:40 [http-nio-8082-exec-5] TRACE o.h.t.descriptor.sql.BasicExtractor -
				extracted value ([password3_0_] : [VARCHAR]) - [Meher@123]
2020-12-24 21:22:52 [http-nio-8082-exec-8] DEBUG org.hibernate.SQL -
				select user0_.user_id as user_id1_0_, user0_.cpassword as cpasswor2_0_, user0_.password as password3_0_ from user user0_ where user0_.user_id=? and user0_.password=?
2020-12-24 21:22:52 [http-nio-8082-exec-8] TRACE o.h.type.descriptor.sql.BasicBinder -
				binding parameter [1] as [VARCHAR] - [mehersk]
2020-12-24 21:22:52 [http-nio-8082-exec-8] TRACE o.h.type.descriptor.sql.BasicBinder -
				binding parameter [2] as [VARCHAR] - [Meher@123]
2020-12-24 21:22:52 [http-nio-8082-exec-8] TRACE o.h.t.descriptor.sql.BasicExtractor -
				extracted value ([user_id1_0_] : [VARCHAR]) - [mehersk]
2020-12-24 21:22:52 [http-nio-8082-exec-8] TRACE o.h.t.descriptor.sql.BasicExtractor -
				extracted value ([cpasswor2_0_] : [VARCHAR]) - [Meher@123]
2020-12-24 21:22:52 [http-nio-8082-exec-8] TRACE o.h.t.descriptor.sql.BasicExtractor -
				extracted value ([password3_0_] : [VARCHAR]) - [Meher@123]
2020-12-24 21:24:58 [http-nio-8082-exec-3] DEBUG org.hibernate.SQL -
				select user0_.user_id as user_id1_0_, user0_.cpassword as cpasswor2_0_, user0_.password as password3_0_ from user user0_ where user0_.user_id=? and user0_.password=?
2020-12-24 21:24:58 [http-nio-8082-exec-3] TRACE o.h.type.descriptor.sql.BasicBinder -
				binding parameter [1] as [VARCHAR] - [mehersk]
2020-12-24 21:24:58 [http-nio-8082-exec-3] TRACE o.h.type.descriptor.sql.BasicBinder -
				binding parameter [2] as [VARCHAR] - [Meher@123]
2020-12-24 21:24:58 [http-nio-8082-exec-3] TRACE o.h.t.descriptor.sql.BasicExtractor -
				extracted value ([user_id1_0_] : [VARCHAR]) - [mehersk]
2020-12-24 21:24:58 [http-nio-8082-exec-3] TRACE o.h.t.descriptor.sql.BasicExtractor -
				extracted value ([cpasswor2_0_] : [VARCHAR]) - [Meher@123]
2020-12-24 21:24:58 [http-nio-8082-exec-3] TRACE o.h.t.descriptor.sql.BasicExtractor -
				extracted value ([password3_0_] : [VARCHAR]) - [Meher@123]
