2020-12-31 05:20:51 [main] WARN  c.n.c.sources.URLConfigurationSource -
				No URLs will be polled as dynamic configuration sources.
2020-12-31 05:20:51 [main] WARN  c.n.c.sources.URLConfigurationSource -
				No URLs will be polled as dynamic configuration sources.
2020-12-31 05:20:56 [main] WARN  o.s.c.l.c.BlockingLoadBalancerClientAutoConfiguration$BlockingLoadBalancerClientRibbonWarnLogger -
				You already have RibbonLoadBalancerClient on your classpath. It will be used by default. As Spring Cloud Ribbon is in maintenance mode. We recommend switching to BlockingLoadBalancerClient instead. In order to use it, set the value of `spring.cloud.loadbalancer.ribbon.enabled` to `false` or remove spring-cloud-starter-netflix-ribbon from your project.
2020-12-31 08:29:15 [http-nio-8084-exec-6] WARN  o.s.web.servlet.PageNotFound -
				No mapping for GET /webjars/springfox-swagger-ui/springfox.js
2020-12-31 08:29:15 [http-nio-8084-exec-5] WARN  o.s.web.servlet.PageNotFound -
				No mapping for GET /webjars/springfox-swagger-ui/springfox.css
2020-12-31 08:29:15 [http-nio-8084-exec-4] WARN  o.s.web.servlet.PageNotFound -
				No mapping for GET /webjars/springfox-swagger-ui/swagger-ui.css
2020-12-31 08:29:15 [http-nio-8084-exec-8] WARN  o.s.web.servlet.PageNotFound -
				No mapping for GET /webjars/springfox-swagger-ui/swagger-ui-bundle.js
2020-12-31 08:29:15 [http-nio-8084-exec-7] WARN  o.s.web.servlet.PageNotFound -
				No mapping for GET /webjars/springfox-swagger-ui/swagger-ui-standalone-preset.js
2020-12-31 08:29:18 [http-nio-8084-exec-9] WARN  o.s.web.servlet.PageNotFound -
				No mapping for GET /swagger-ui.html
2020-12-31 08:29:25 [http-nio-8084-exec-10] WARN  o.s.web.servlet.PageNotFound -
				No mapping for GET /swagger-ui.html
2020-12-31 08:30:04 [http-nio-8084-exec-7] WARN  o.s.web.servlet.PageNotFound -
				No mapping for GET /swagger-ui.html
2020-12-31 08:30:05 [http-nio-8084-exec-6] WARN  o.s.web.servlet.PageNotFound -
				No mapping for GET /swagger-ui.html
2020-12-31 08:30:06 [http-nio-8084-exec-8] WARN  o.s.web.servlet.PageNotFound -
				No mapping for GET /swagger-ui.html
2020-12-31 08:30:06 [http-nio-8084-exec-9] WARN  o.s.web.servlet.PageNotFound -
				No mapping for GET /swagger-ui.html
2020-12-31 08:30:07 [http-nio-8084-exec-10] WARN  o.s.web.servlet.PageNotFound -
				No mapping for GET /swagger-ui.html
2020-12-31 08:30:07 [http-nio-8084-exec-4] WARN  o.s.web.servlet.PageNotFound -
				No mapping for GET /swagger-ui.html
2020-12-31 08:30:07 [http-nio-8084-exec-5] WARN  o.s.web.servlet.PageNotFound -
				No mapping for GET /swagger-ui.html
2020-12-31 08:30:08 [http-nio-8084-exec-1] WARN  o.s.web.servlet.PageNotFound -
				No mapping for GET /swagger-ui.html
2020-12-31 08:30:08 [http-nio-8084-exec-2] WARN  o.s.web.servlet.PageNotFound -
				No mapping for GET /swagger-ui.html
2020-12-31 08:30:08 [http-nio-8084-exec-3] WARN  o.s.web.servlet.PageNotFound -
				No mapping for GET /swagger-ui.html
2020-12-31 08:30:09 [http-nio-8084-exec-7] WARN  o.s.web.servlet.PageNotFound -
				No mapping for GET /swagger-ui.html
2020-12-31 08:30:09 [http-nio-8084-exec-6] WARN  o.s.web.servlet.PageNotFound -
				No mapping for GET /swagger-ui.html
2020-12-31 08:30:09 [http-nio-8084-exec-8] WARN  o.s.web.servlet.PageNotFound -
				No mapping for GET /swagger-ui.html
2020-12-31 08:30:09 [http-nio-8084-exec-9] WARN  o.s.web.servlet.PageNotFound -
				No mapping for GET /swagger-ui.html
2020-12-31 08:30:10 [http-nio-8084-exec-10] WARN  o.s.web.servlet.PageNotFound -
				No mapping for GET /swagger-ui.html
2020-12-31 08:30:10 [http-nio-8084-exec-4] WARN  o.s.web.servlet.PageNotFound -
				No mapping for GET /swagger-ui.html
2020-12-31 08:30:10 [http-nio-8084-exec-5] WARN  o.s.web.servlet.PageNotFound -
				No mapping for GET /swagger-ui.html
2020-12-31 08:30:10 [http-nio-8084-exec-1] WARN  o.s.web.servlet.PageNotFound -
				No mapping for GET /swagger-ui.html
2020-12-31 08:30:11 [http-nio-8084-exec-2] WARN  o.s.web.servlet.PageNotFound -
				No mapping for GET /swagger-ui.html
2020-12-31 08:30:11 [http-nio-8084-exec-3] WARN  o.s.web.servlet.PageNotFound -
				No mapping for GET /swagger-ui.html
2020-12-31 08:30:11 [http-nio-8084-exec-7] WARN  o.s.web.servlet.PageNotFound -
				No mapping for GET /swagger-ui.html
2020-12-31 08:30:11 [http-nio-8084-exec-6] WARN  o.s.web.servlet.PageNotFound -
				No mapping for GET /swagger-ui.html
2020-12-31 08:30:12 [http-nio-8084-exec-8] WARN  o.s.web.servlet.PageNotFound -
				No mapping for GET /swagger-ui.html
2020-12-31 08:30:12 [http-nio-8084-exec-9] WARN  o.s.web.servlet.PageNotFound -
				No mapping for GET /swagger-ui.html
2020-12-31 08:30:12 [http-nio-8084-exec-10] WARN  o.s.web.servlet.PageNotFound -
				No mapping for GET /swagger-ui.html
2020-12-31 08:30:12 [http-nio-8084-exec-4] WARN  o.s.web.servlet.PageNotFound -
				No mapping for GET /swagger-ui.html
2020-12-31 08:30:12 [http-nio-8084-exec-5] WARN  o.s.web.servlet.PageNotFound -
				No mapping for GET /swagger-ui.html
2020-12-31 08:30:13 [http-nio-8084-exec-1] WARN  o.s.web.servlet.PageNotFound -
				No mapping for GET /swagger-ui.html
2020-12-31 08:30:13 [http-nio-8084-exec-2] WARN  o.s.web.servlet.PageNotFound -
				No mapping for GET /swagger-ui.html
2020-12-31 08:30:14 [http-nio-8084-exec-3] WARN  o.s.web.servlet.PageNotFound -
				No mapping for GET /swagger-ui.html
2020-12-31 08:31:09 [http-nio-8084-exec-6] WARN  o.s.web.servlet.PageNotFound -
				No mapping for GET /swagger-ui.html
2020-12-31 08:31:10 [http-nio-8084-exec-8] WARN  o.s.web.servlet.PageNotFound -
				No mapping for GET /swagger-ui.html
2020-12-31 08:31:10 [http-nio-8084-exec-9] WARN  o.s.web.servlet.PageNotFound -
				No mapping for GET /swagger-ui.html
2020-12-31 08:31:26 [http-nio-8084-exec-10] WARN  o.s.web.servlet.PageNotFound -
				No mapping for GET /swagger-ui.html
2020-12-31 08:31:29 [http-nio-8084-exec-4] WARN  o.s.web.servlet.PageNotFound -
				No mapping for GET /swagger-ui.html
2020-12-31 08:31:55 [http-nio-8084-exec-2] WARN  o.s.web.servlet.PageNotFound -
				No mapping for GET /swagger-ui.html
2020-12-31 08:32:42 [http-nio-8084-exec-3] WARN  o.s.web.servlet.PageNotFound -
				No mapping for GET /swagger-ui.html
2020-12-31 08:32:42 [http-nio-8084-exec-7] WARN  o.s.web.servlet.PageNotFound -
				No mapping for GET /favicon.ico
2020-12-31 08:33:00 [http-nio-8084-exec-10] WARN  o.s.web.servlet.PageNotFound -
				No mapping for GET /swagger-ui.html
2020-12-31 08:33:08 [http-nio-8084-exec-1] WARN  o.s.web.servlet.PageNotFound -
				No mapping for GET /swagger-ui.html
