2020-12-28 13:25:06 [main] DEBUG org.hibernate.type.BasicTypeRegistry -
				Adding type registration boolean -> org.hibernate.type.BooleanType@2ab9e43e
2020-12-28 13:25:06 [main] DEBUG org.hibernate.type.BasicTypeRegistry -
				Adding type registration boolean -> org.hibernate.type.BooleanType@2ab9e43e
2020-12-28 13:25:06 [main] DEBUG org.hibernate.type.BasicTypeRegistry -
				Adding type registration java.lang.Boolean -> org.hibernate.type.BooleanType@2ab9e43e
2020-12-28 13:25:06 [main] DEBUG org.hibernate.type.BasicTypeRegistry -
				Adding type registration numeric_boolean -> org.hibernate.type.NumericBooleanType@4438b862
2020-12-28 13:25:06 [main] DEBUG org.hibernate.type.BasicTypeRegistry -
				Adding type registration true_false -> org.hibernate.type.TrueFalseType@5cdf221a
2020-12-28 13:25:06 [main] DEBUG org.hibernate.type.BasicTypeRegistry -
				Adding type registration yes_no -> org.hibernate.type.YesNoType@32dcfeea
2020-12-28 13:25:06 [main] DEBUG org.hibernate.type.BasicTypeRegistry -
				Adding type registration byte -> org.hibernate.type.ByteType@5f0677f3
2020-12-28 13:25:06 [main] DEBUG org.hibernate.type.BasicTypeRegistry -
				Adding type registration byte -> org.hibernate.type.ByteType@5f0677f3
2020-12-28 13:25:06 [main] DEBUG org.hibernate.type.BasicTypeRegistry -
				Adding type registration java.lang.Byte -> org.hibernate.type.ByteType@5f0677f3
2020-12-28 13:25:06 [main] DEBUG org.hibernate.type.BasicTypeRegistry -
				Adding type registration character -> org.hibernate.type.CharacterType@4228f269
2020-12-28 13:25:06 [main] DEBUG org.hibernate.type.BasicTypeRegistry -
				Adding type registration char -> org.hibernate.type.CharacterType@4228f269
2020-12-28 13:25:06 [main] DEBUG org.hibernate.type.BasicTypeRegistry -
				Adding type registration java.lang.Character -> org.hibernate.type.CharacterType@4228f269
2020-12-28 13:25:06 [main] DEBUG org.hibernate.type.BasicTypeRegistry -
				Adding type registration short -> org.hibernate.type.ShortType@11abd6c
2020-12-28 13:25:06 [main] DEBUG org.hibernate.type.BasicTypeRegistry -
				Adding type registration short -> org.hibernate.type.ShortType@11abd6c
2020-12-28 13:25:06 [main] DEBUG org.hibernate.type.BasicTypeRegistry -
				Adding type registration java.lang.Short -> org.hibernate.type.ShortType@11abd6c
2020-12-28 13:25:06 [main] DEBUG org.hibernate.type.BasicTypeRegistry -
				Adding type registration integer -> org.hibernate.type.IntegerType@236861da
2020-12-28 13:25:06 [main] DEBUG org.hibernate.type.BasicTypeRegistry -
				Adding type registration int -> org.hibernate.type.IntegerType@236861da
2020-12-28 13:25:06 [main] DEBUG org.hibernate.type.BasicTypeRegistry -
				Adding type registration java.lang.Integer -> org.hibernate.type.IntegerType@236861da
2020-12-28 13:25:06 [main] DEBUG org.hibernate.type.BasicTypeRegistry -
				Adding type registration long -> org.hibernate.type.LongType@3ba3f40d
2020-12-28 13:25:06 [main] DEBUG org.hibernate.type.BasicTypeRegistry -
				Adding type registration long -> org.hibernate.type.LongType@3ba3f40d
2020-12-28 13:25:06 [main] DEBUG org.hibernate.type.BasicTypeRegistry -
				Adding type registration java.lang.Long -> org.hibernate.type.LongType@3ba3f40d
2020-12-28 13:25:06 [main] DEBUG org.hibernate.type.BasicTypeRegistry -
				Adding type registration float -> org.hibernate.type.FloatType@547aaa32
2020-12-28 13:25:06 [main] DEBUG org.hibernate.type.BasicTypeRegistry -
				Adding type registration float -> org.hibernate.type.FloatType@547aaa32
2020-12-28 13:25:06 [main] DEBUG org.hibernate.type.BasicTypeRegistry -
				Adding type registration java.lang.Float -> org.hibernate.type.FloatType@547aaa32
2020-12-28 13:25:06 [main] DEBUG org.hibernate.type.BasicTypeRegistry -
				Adding type registration double -> org.hibernate.type.DoubleType@65e4cb84
2020-12-28 13:25:06 [main] DEBUG org.hibernate.type.BasicTypeRegistry -
				Adding type registration double -> org.hibernate.type.DoubleType@65e4cb84
2020-12-28 13:25:06 [main] DEBUG org.hibernate.type.BasicTypeRegistry -
				Adding type registration java.lang.Double -> org.hibernate.type.DoubleType@65e4cb84
2020-12-28 13:25:06 [main] DEBUG org.hibernate.type.BasicTypeRegistry -
				Adding type registration big_decimal -> org.hibernate.type.BigDecimalType@b55f5b7
2020-12-28 13:25:06 [main] DEBUG org.hibernate.type.BasicTypeRegistry -
				Adding type registration java.math.BigDecimal -> org.hibernate.type.BigDecimalType@b55f5b7
2020-12-28 13:25:06 [main] DEBUG org.hibernate.type.BasicTypeRegistry -
				Adding type registration big_integer -> org.hibernate.type.BigIntegerType@1426370c
2020-12-28 13:25:06 [main] DEBUG org.hibernate.type.BasicTypeRegistry -
				Adding type registration java.math.BigInteger -> org.hibernate.type.BigIntegerType@1426370c
2020-12-28 13:25:06 [main] DEBUG org.hibernate.type.BasicTypeRegistry -
				Adding type registration string -> org.hibernate.type.StringType@75527e36
2020-12-28 13:25:06 [main] DEBUG org.hibernate.type.BasicTypeRegistry -
				Adding type registration java.lang.String -> org.hibernate.type.StringType@75527e36
2020-12-28 13:25:06 [main] DEBUG org.hibernate.type.BasicTypeRegistry -
				Adding type registration nstring -> org.hibernate.type.StringNVarcharType@376af784
2020-12-28 13:25:06 [main] DEBUG org.hibernate.type.BasicTypeRegistry -
				Adding type registration ncharacter -> org.hibernate.type.CharacterNCharType@203765b2
2020-12-28 13:25:06 [main] DEBUG org.hibernate.type.BasicTypeRegistry -
				Adding type registration url -> org.hibernate.type.UrlType@3ee6dc82
2020-12-28 13:25:06 [main] DEBUG org.hibernate.type.BasicTypeRegistry -
				Adding type registration java.net.URL -> org.hibernate.type.UrlType@3ee6dc82
2020-12-28 13:25:06 [main] DEBUG org.hibernate.type.BasicTypeRegistry -
				Adding type registration Duration -> org.hibernate.type.DurationType@1322b575
2020-12-28 13:25:06 [main] DEBUG org.hibernate.type.BasicTypeRegistry -
				Adding type registration java.time.Duration -> org.hibernate.type.DurationType@1322b575
2020-12-28 13:25:06 [main] DEBUG org.hibernate.type.BasicTypeRegistry -
				Adding type registration Instant -> org.hibernate.type.InstantType@be6d228
2020-12-28 13:25:06 [main] DEBUG org.hibernate.type.BasicTypeRegistry -
				Adding type registration java.time.Instant -> org.hibernate.type.InstantType@be6d228
2020-12-28 13:25:07 [main] DEBUG org.hibernate.type.BasicTypeRegistry -
				Adding type registration LocalDateTime -> org.hibernate.type.LocalDateTimeType@2ae5bd34
2020-12-28 13:25:07 [main] DEBUG org.hibernate.type.BasicTypeRegistry -
				Adding type registration java.time.LocalDateTime -> org.hibernate.type.LocalDateTimeType@2ae5bd34
2020-12-28 13:25:07 [main] DEBUG org.hibernate.type.BasicTypeRegistry -
				Adding type registration LocalDate -> org.hibernate.type.LocalDateType@57c6feea
2020-12-28 13:25:07 [main] DEBUG org.hibernate.type.BasicTypeRegistry -
				Adding type registration java.time.LocalDate -> org.hibernate.type.LocalDateType@57c6feea
2020-12-28 13:25:07 [main] DEBUG org.hibernate.type.BasicTypeRegistry -
				Adding type registration LocalTime -> org.hibernate.type.LocalTimeType@c732e1c
2020-12-28 13:25:07 [main] DEBUG org.hibernate.type.BasicTypeRegistry -
				Adding type registration java.time.LocalTime -> org.hibernate.type.LocalTimeType@c732e1c
2020-12-28 13:25:07 [main] DEBUG org.hibernate.type.BasicTypeRegistry -
				Adding type registration OffsetDateTime -> org.hibernate.type.OffsetDateTimeType@308e87a1
2020-12-28 13:25:07 [main] DEBUG org.hibernate.type.BasicTypeRegistry -
				Adding type registration java.time.OffsetDateTime -> org.hibernate.type.OffsetDateTimeType@308e87a1
2020-12-28 13:25:07 [main] DEBUG org.hibernate.type.BasicTypeRegistry -
				Adding type registration OffsetTime -> org.hibernate.type.OffsetTimeType@4efb13f1
2020-12-28 13:25:07 [main] DEBUG org.hibernate.type.BasicTypeRegistry -
				Adding type registration java.time.OffsetTime -> org.hibernate.type.OffsetTimeType@4efb13f1
2020-12-28 13:25:07 [main] DEBUG org.hibernate.type.BasicTypeRegistry -
				Adding type registration ZonedDateTime -> org.hibernate.type.ZonedDateTimeType@58882a93
2020-12-28 13:25:07 [main] DEBUG org.hibernate.type.BasicTypeRegistry -
				Adding type registration java.time.ZonedDateTime -> org.hibernate.type.ZonedDateTimeType@58882a93
2020-12-28 13:25:07 [main] DEBUG org.hibernate.type.BasicTypeRegistry -
				Adding type registration date -> org.hibernate.type.DateType@456aa471
2020-12-28 13:25:07 [main] DEBUG org.hibernate.type.BasicTypeRegistry -
				Adding type registration java.sql.Date -> org.hibernate.type.DateType@456aa471
2020-12-28 13:25:07 [main] DEBUG org.hibernate.type.BasicTypeRegistry -
				Adding type registration time -> org.hibernate.type.TimeType@2321e482
2020-12-28 13:25:07 [main] DEBUG org.hibernate.type.BasicTypeRegistry -
				Adding type registration java.sql.Time -> org.hibernate.type.TimeType@2321e482
2020-12-28 13:25:07 [main] DEBUG org.hibernate.type.BasicTypeRegistry -
				Adding type registration timestamp -> org.hibernate.type.TimestampType@5d717f19
2020-12-28 13:25:07 [main] DEBUG org.hibernate.type.BasicTypeRegistry -
				Adding type registration java.sql.Timestamp -> org.hibernate.type.TimestampType@5d717f19
2020-12-28 13:25:07 [main] DEBUG org.hibernate.type.BasicTypeRegistry -
				Adding type registration java.util.Date -> org.hibernate.type.TimestampType@5d717f19
2020-12-28 13:25:07 [main] DEBUG org.hibernate.type.BasicTypeRegistry -
				Adding type registration dbtimestamp -> org.hibernate.type.DbTimestampType@7d284f15
2020-12-28 13:25:07 [main] DEBUG org.hibernate.type.BasicTypeRegistry -
				Adding type registration calendar -> org.hibernate.type.CalendarType@63a84bb6
2020-12-28 13:25:07 [main] DEBUG org.hibernate.type.BasicTypeRegistry -
				Adding type registration java.util.Calendar -> org.hibernate.type.CalendarType@63a84bb6
2020-12-28 13:25:07 [main] DEBUG org.hibernate.type.BasicTypeRegistry -
				Adding type registration java.util.GregorianCalendar -> org.hibernate.type.CalendarType@63a84bb6
2020-12-28 13:25:07 [main] DEBUG org.hibernate.type.BasicTypeRegistry -
				Adding type registration calendar_date -> org.hibernate.type.CalendarDateType@3ed7dd70
2020-12-28 13:25:07 [main] DEBUG org.hibernate.type.BasicTypeRegistry -
				Adding type registration locale -> org.hibernate.type.LocaleType@579846cc
2020-12-28 13:25:07 [main] DEBUG org.hibernate.type.BasicTypeRegistry -
				Adding type registration java.util.Locale -> org.hibernate.type.LocaleType@579846cc
2020-12-28 13:25:07 [main] DEBUG org.hibernate.type.BasicTypeRegistry -
				Adding type registration currency -> org.hibernate.type.CurrencyType@3dde5f38
2020-12-28 13:25:07 [main] DEBUG org.hibernate.type.BasicTypeRegistry -
				Adding type registration java.util.Currency -> org.hibernate.type.CurrencyType@3dde5f38
2020-12-28 13:25:07 [main] DEBUG org.hibernate.type.BasicTypeRegistry -
				Adding type registration timezone -> org.hibernate.type.TimeZoneType@1a536164
2020-12-28 13:25:07 [main] DEBUG org.hibernate.type.BasicTypeRegistry -
				Adding type registration java.util.TimeZone -> org.hibernate.type.TimeZoneType@1a536164
2020-12-28 13:25:07 [main] DEBUG org.hibernate.type.BasicTypeRegistry -
				Adding type registration class -> org.hibernate.type.ClassType@fcf9525
2020-12-28 13:25:07 [main] DEBUG org.hibernate.type.BasicTypeRegistry -
				Adding type registration java.lang.Class -> org.hibernate.type.ClassType@fcf9525
2020-12-28 13:25:07 [main] DEBUG org.hibernate.type.BasicTypeRegistry -
				Adding type registration uuid-binary -> org.hibernate.type.UUIDBinaryType@27dbaa33
2020-12-28 13:25:07 [main] DEBUG org.hibernate.type.BasicTypeRegistry -
				Adding type registration java.util.UUID -> org.hibernate.type.UUIDBinaryType@27dbaa33
2020-12-28 13:25:07 [main] DEBUG org.hibernate.type.BasicTypeRegistry -
				Adding type registration uuid-char -> org.hibernate.type.UUIDCharType@752973de
2020-12-28 13:25:07 [main] DEBUG org.hibernate.type.BasicTypeRegistry -
				Adding type registration binary -> org.hibernate.type.BinaryType@e154848
2020-12-28 13:25:07 [main] DEBUG org.hibernate.type.BasicTypeRegistry -
				Adding type registration byte[] -> org.hibernate.type.BinaryType@e154848
2020-12-28 13:25:07 [main] DEBUG org.hibernate.type.BasicTypeRegistry -
				Adding type registration [B -> org.hibernate.type.BinaryType@e154848
2020-12-28 13:25:07 [main] DEBUG org.hibernate.type.BasicTypeRegistry -
				Adding type registration wrapper-binary -> org.hibernate.type.WrapperBinaryType@6d17914a
2020-12-28 13:25:07 [main] DEBUG org.hibernate.type.BasicTypeRegistry -
				Adding type registration Byte[] -> org.hibernate.type.WrapperBinaryType@6d17914a
2020-12-28 13:25:07 [main] DEBUG org.hibernate.type.BasicTypeRegistry -
				Adding type registration [Ljava.lang.Byte; -> org.hibernate.type.WrapperBinaryType@6d17914a
2020-12-28 13:25:07 [main] DEBUG org.hibernate.type.BasicTypeRegistry -
				Adding type registration row_version -> org.hibernate.type.RowVersionType@43deba42
2020-12-28 13:25:07 [main] DEBUG org.hibernate.type.BasicTypeRegistry -
				Adding type registration image -> org.hibernate.type.ImageType@2a7ebe07
2020-12-28 13:25:07 [main] DEBUG org.hibernate.type.BasicTypeRegistry -
				Adding type registration characters -> org.hibernate.type.CharArrayType@6fc1a8f6
2020-12-28 13:25:07 [main] DEBUG org.hibernate.type.BasicTypeRegistry -
				Adding type registration char[] -> org.hibernate.type.CharArrayType@6fc1a8f6
2020-12-28 13:25:07 [main] DEBUG org.hibernate.type.BasicTypeRegistry -
				Adding type registration [C -> org.hibernate.type.CharArrayType@6fc1a8f6
2020-12-28 13:25:07 [main] DEBUG org.hibernate.type.BasicTypeRegistry -
				Adding type registration wrapper-characters -> org.hibernate.type.CharacterArrayType@33a47707
2020-12-28 13:25:07 [main] DEBUG org.hibernate.type.BasicTypeRegistry -
				Adding type registration [Ljava.lang.Character; -> org.hibernate.type.CharacterArrayType@33a47707
2020-12-28 13:25:07 [main] DEBUG org.hibernate.type.BasicTypeRegistry -
				Adding type registration Character[] -> org.hibernate.type.CharacterArrayType@33a47707
2020-12-28 13:25:07 [main] DEBUG org.hibernate.type.BasicTypeRegistry -
				Adding type registration text -> org.hibernate.type.TextType@4abbe41c
2020-12-28 13:25:07 [main] DEBUG org.hibernate.type.BasicTypeRegistry -
				Adding type registration ntext -> org.hibernate.type.NTextType@1f45db49
2020-12-28 13:25:07 [main] DEBUG org.hibernate.type.BasicTypeRegistry -
				Adding type registration blob -> org.hibernate.type.BlobType@2fc7fa6e
2020-12-28 13:25:07 [main] DEBUG org.hibernate.type.BasicTypeRegistry -
				Adding type registration java.sql.Blob -> org.hibernate.type.BlobType@2fc7fa6e
2020-12-28 13:25:07 [main] DEBUG org.hibernate.type.BasicTypeRegistry -
				Adding type registration materialized_blob -> org.hibernate.type.MaterializedBlobType@7cca31fc
2020-12-28 13:25:07 [main] DEBUG org.hibernate.type.BasicTypeRegistry -
				Adding type registration clob -> org.hibernate.type.ClobType@34f23816
2020-12-28 13:25:07 [main] DEBUG org.hibernate.type.BasicTypeRegistry -
				Adding type registration java.sql.Clob -> org.hibernate.type.ClobType@34f23816
2020-12-28 13:25:07 [main] DEBUG org.hibernate.type.BasicTypeRegistry -
				Adding type registration nclob -> org.hibernate.type.NClobType@1b475663
2020-12-28 13:25:07 [main] DEBUG org.hibernate.type.BasicTypeRegistry -
				Adding type registration java.sql.NClob -> org.hibernate.type.NClobType@1b475663
2020-12-28 13:25:07 [main] DEBUG org.hibernate.type.BasicTypeRegistry -
				Adding type registration materialized_clob -> org.hibernate.type.MaterializedClobType@3335afcf
2020-12-28 13:25:07 [main] DEBUG org.hibernate.type.BasicTypeRegistry -
				Adding type registration materialized_nclob -> org.hibernate.type.MaterializedNClobType@28831d69
2020-12-28 13:25:07 [main] DEBUG org.hibernate.type.BasicTypeRegistry -
				Adding type registration serializable -> org.hibernate.type.SerializableType@6182ffef
2020-12-28 13:25:07 [main] DEBUG org.hibernate.type.BasicTypeRegistry -
				Adding type registration object -> org.hibernate.type.ObjectType@6ce9771c
2020-12-28 13:25:07 [main] DEBUG org.hibernate.type.BasicTypeRegistry -
				Adding type registration java.lang.Object -> org.hibernate.type.ObjectType@6ce9771c
2020-12-28 13:25:07 [main] DEBUG org.hibernate.type.BasicTypeRegistry -
				Adding type registration imm_date -> org.hibernate.type.AdaptedImmutableType@6ad6ae45
2020-12-28 13:25:07 [main] DEBUG org.hibernate.type.BasicTypeRegistry -
				Adding type registration imm_time -> org.hibernate.type.AdaptedImmutableType@7c4d1c7b
2020-12-28 13:25:07 [main] DEBUG org.hibernate.type.BasicTypeRegistry -
				Adding type registration imm_timestamp -> org.hibernate.type.AdaptedImmutableType@7893c715
2020-12-28 13:25:07 [main] DEBUG org.hibernate.type.BasicTypeRegistry -
				Adding type registration imm_dbtimestamp -> org.hibernate.type.AdaptedImmutableType@36f6d25c
2020-12-28 13:25:07 [main] DEBUG org.hibernate.type.BasicTypeRegistry -
				Adding type registration imm_calendar -> org.hibernate.type.AdaptedImmutableType@690df641
2020-12-28 13:25:07 [main] DEBUG org.hibernate.type.BasicTypeRegistry -
				Adding type registration imm_calendar_date -> org.hibernate.type.AdaptedImmutableType@7db791df
2020-12-28 13:25:07 [main] DEBUG org.hibernate.type.BasicTypeRegistry -
				Adding type registration imm_binary -> org.hibernate.type.AdaptedImmutableType@1bfa5a13
2020-12-28 13:25:07 [main] DEBUG org.hibernate.type.BasicTypeRegistry -
				Adding type registration imm_serializable -> org.hibernate.type.AdaptedImmutableType@1b1e1f02
2020-12-28 13:25:08 [main] DEBUG o.h.type.spi.TypeConfiguration$Scope -
				Scoping TypeConfiguration [org.hibernate.type.spi.TypeConfiguration@15d79b70] to MetadataBuildingContext [org.hibernate.boot.internal.MetadataBuildingContextRootImpl@33430fc]
2020-12-28 13:25:08 [main] DEBUG o.h.type.spi.TypeConfiguration$Scope -
				Scoping TypeConfiguration [org.hibernate.type.spi.TypeConfiguration@15d79b70] to SessionFactoryImpl [org.hibernate.internal.SessionFactoryImpl@76cf91c9]
2020-12-28 13:25:09 [main] TRACE o.h.type.spi.TypeConfiguration$Scope -
				Handling #sessionFactoryCreated from [org.hibernate.internal.SessionFactoryImpl@76cf91c9] for TypeConfiguration
2020-12-28 13:25:10 [main] WARN  o.s.b.a.o.j.JpaBaseConfiguration$JpaWebConfiguration -
				spring.jpa.open-in-view is enabled by default. Therefore, database queries may be performed during view rendering. Explicitly configure spring.jpa.open-in-view to disable this warning
2020-12-28 13:25:11 [main] WARN  c.n.c.sources.URLConfigurationSource -
				No URLs will be polled as dynamic configuration sources.
2020-12-28 13:25:11 [main] WARN  c.n.c.sources.URLConfigurationSource -
				No URLs will be polled as dynamic configuration sources.
2020-12-28 13:25:17 [main] WARN  o.s.c.l.c.BlockingLoadBalancerClientAutoConfiguration$BlockingLoadBalancerClientRibbonWarnLogger -
				You already have RibbonLoadBalancerClient on your classpath. It will be used by default. As Spring Cloud Ribbon is in maintenance mode. We recommend switching to BlockingLoadBalancerClient instead. In order to use it, set the value of `spring.cloud.loadbalancer.ribbon.enabled` to `false` or remove spring-cloud-starter-netflix-ribbon from your project.
2020-12-28 13:28:24 [http-nio-8082-exec-1] DEBUG org.hibernate.SQL -
				select user0_.user_id as user_id1_0_, user0_.cpassword as cpasswor2_0_, user0_.password as password3_0_ from user user0_ where user0_.user_id=? and user0_.password=?
2020-12-28 13:28:24 [http-nio-8082-exec-1] TRACE o.h.type.descriptor.sql.BasicBinder -
				binding parameter [1] as [VARCHAR] - [mehersk]
2020-12-28 13:28:24 [http-nio-8082-exec-1] TRACE o.h.type.descriptor.sql.BasicBinder -
				binding parameter [2] as [VARCHAR] - [Meher@123]
2020-12-28 13:28:24 [http-nio-8082-exec-1] TRACE o.h.t.descriptor.sql.BasicExtractor -
				extracted value ([user_id1_0_] : [VARCHAR]) - [mehersk]
2020-12-28 13:28:24 [http-nio-8082-exec-1] TRACE o.h.t.descriptor.sql.BasicExtractor -
				extracted value ([cpasswor2_0_] : [VARCHAR]) - [Meher@123]
2020-12-28 13:28:24 [http-nio-8082-exec-1] TRACE o.h.t.descriptor.sql.BasicExtractor -
				extracted value ([password3_0_] : [VARCHAR]) - [Meher@123]
2020-12-28 13:28:28 [http-nio-8082-exec-2] DEBUG org.hibernate.SQL -
				select user0_.user_id as user_id1_0_, user0_.cpassword as cpasswor2_0_, user0_.password as password3_0_ from user user0_ where user0_.user_id=? and user0_.password=?
2020-12-28 13:28:28 [http-nio-8082-exec-2] TRACE o.h.type.descriptor.sql.BasicBinder -
				binding parameter [1] as [VARCHAR] - [mehersk]
2020-12-28 13:28:28 [http-nio-8082-exec-2] TRACE o.h.type.descriptor.sql.BasicBinder -
				binding parameter [2] as [VARCHAR] - [Meher@123]
2020-12-28 13:28:28 [http-nio-8082-exec-2] TRACE o.h.t.descriptor.sql.BasicExtractor -
				extracted value ([user_id1_0_] : [VARCHAR]) - [mehersk]
2020-12-28 13:28:28 [http-nio-8082-exec-2] TRACE o.h.t.descriptor.sql.BasicExtractor -
				extracted value ([cpasswor2_0_] : [VARCHAR]) - [Meher@123]
2020-12-28 13:28:28 [http-nio-8082-exec-2] TRACE o.h.t.descriptor.sql.BasicExtractor -
				extracted value ([password3_0_] : [VARCHAR]) - [Meher@123]
2020-12-28 13:33:53 [http-nio-8082-exec-4] DEBUG org.hibernate.SQL -
				select user0_.user_id as user_id1_0_, user0_.cpassword as cpasswor2_0_, user0_.password as password3_0_ from user user0_ where user0_.user_id=? and user0_.password=?
2020-12-28 13:33:53 [http-nio-8082-exec-4] TRACE o.h.type.descriptor.sql.BasicBinder -
				binding parameter [1] as [VARCHAR] - [mehersk]
2020-12-28 13:33:53 [http-nio-8082-exec-4] TRACE o.h.type.descriptor.sql.BasicBinder -
				binding parameter [2] as [VARCHAR] - [Meher@123]
2020-12-28 13:33:53 [http-nio-8082-exec-4] TRACE o.h.t.descriptor.sql.BasicExtractor -
				extracted value ([user_id1_0_] : [VARCHAR]) - [mehersk]
2020-12-28 13:33:53 [http-nio-8082-exec-4] TRACE o.h.t.descriptor.sql.BasicExtractor -
				extracted value ([cpasswor2_0_] : [VARCHAR]) - [Meher@123]
2020-12-28 13:33:53 [http-nio-8082-exec-4] TRACE o.h.t.descriptor.sql.BasicExtractor -
				extracted value ([password3_0_] : [VARCHAR]) - [Meher@123]
2020-12-28 13:34:31 [http-nio-8082-exec-5] DEBUG org.hibernate.SQL -
				select user0_.user_id as user_id1_0_, user0_.cpassword as cpasswor2_0_, user0_.password as password3_0_ from user user0_ where user0_.user_id=? and user0_.password=?
2020-12-28 13:34:31 [http-nio-8082-exec-5] TRACE o.h.type.descriptor.sql.BasicBinder -
				binding parameter [1] as [VARCHAR] - [mehersk]
2020-12-28 13:34:31 [http-nio-8082-exec-5] TRACE o.h.type.descriptor.sql.BasicBinder -
				binding parameter [2] as [VARCHAR] - [Meher@123]
2020-12-28 13:34:31 [http-nio-8082-exec-5] TRACE o.h.t.descriptor.sql.BasicExtractor -
				extracted value ([user_id1_0_] : [VARCHAR]) - [mehersk]
2020-12-28 13:34:31 [http-nio-8082-exec-5] TRACE o.h.t.descriptor.sql.BasicExtractor -
				extracted value ([cpasswor2_0_] : [VARCHAR]) - [Meher@123]
2020-12-28 13:34:31 [http-nio-8082-exec-5] TRACE o.h.t.descriptor.sql.BasicExtractor -
				extracted value ([password3_0_] : [VARCHAR]) - [Meher@123]
2020-12-28 13:34:35 [http-nio-8082-exec-6] DEBUG org.hibernate.SQL -
				select user0_.user_id as user_id1_0_, user0_.cpassword as cpasswor2_0_, user0_.password as password3_0_ from user user0_ where user0_.user_id=? and user0_.password=?
2020-12-28 13:34:35 [http-nio-8082-exec-6] TRACE o.h.type.descriptor.sql.BasicBinder -
				binding parameter [1] as [VARCHAR] - [mehersk]
2020-12-28 13:34:35 [http-nio-8082-exec-6] TRACE o.h.type.descriptor.sql.BasicBinder -
				binding parameter [2] as [VARCHAR] - [Meher@12]
