2020-12-31 17:13:27 [main] DEBUG org.hibernate.type.BasicTypeRegistry -
				Adding type registration boolean -> org.hibernate.type.BooleanType@1d556461
2020-12-31 17:13:27 [main] DEBUG org.hibernate.type.BasicTypeRegistry -
				Adding type registration boolean -> org.hibernate.type.BooleanType@1d556461
2020-12-31 17:13:27 [main] DEBUG org.hibernate.type.BasicTypeRegistry -
				Adding type registration java.lang.Boolean -> org.hibernate.type.BooleanType@1d556461
2020-12-31 17:13:27 [main] DEBUG org.hibernate.type.BasicTypeRegistry -
				Adding type registration numeric_boolean -> org.hibernate.type.NumericBooleanType@335b3d6
2020-12-31 17:13:27 [main] DEBUG org.hibernate.type.BasicTypeRegistry -
				Adding type registration true_false -> org.hibernate.type.TrueFalseType@38826984
2020-12-31 17:13:27 [main] DEBUG org.hibernate.type.BasicTypeRegistry -
				Adding type registration yes_no -> org.hibernate.type.YesNoType@7a78d380
2020-12-31 17:13:27 [main] DEBUG org.hibernate.type.BasicTypeRegistry -
				Adding type registration byte -> org.hibernate.type.ByteType@299eca90
2020-12-31 17:13:27 [main] DEBUG org.hibernate.type.BasicTypeRegistry -
				Adding type registration byte -> org.hibernate.type.ByteType@299eca90
2020-12-31 17:13:27 [main] DEBUG org.hibernate.type.BasicTypeRegistry -
				Adding type registration java.lang.Byte -> org.hibernate.type.ByteType@299eca90
2020-12-31 17:13:27 [main] DEBUG org.hibernate.type.BasicTypeRegistry -
				Adding type registration character -> org.hibernate.type.CharacterType@13374ca6
2020-12-31 17:13:27 [main] DEBUG org.hibernate.type.BasicTypeRegistry -
				Adding type registration char -> org.hibernate.type.CharacterType@13374ca6
2020-12-31 17:13:27 [main] DEBUG org.hibernate.type.BasicTypeRegistry -
				Adding type registration java.lang.Character -> org.hibernate.type.CharacterType@13374ca6
2020-12-31 17:13:27 [main] DEBUG org.hibernate.type.BasicTypeRegistry -
				Adding type registration short -> org.hibernate.type.ShortType@6ca33187
2020-12-31 17:13:27 [main] DEBUG org.hibernate.type.BasicTypeRegistry -
				Adding type registration short -> org.hibernate.type.ShortType@6ca33187
2020-12-31 17:13:27 [main] DEBUG org.hibernate.type.BasicTypeRegistry -
				Adding type registration java.lang.Short -> org.hibernate.type.ShortType@6ca33187
2020-12-31 17:13:27 [main] DEBUG org.hibernate.type.BasicTypeRegistry -
				Adding type registration integer -> org.hibernate.type.IntegerType@44a14de0
2020-12-31 17:13:27 [main] DEBUG org.hibernate.type.BasicTypeRegistry -
				Adding type registration int -> org.hibernate.type.IntegerType@44a14de0
2020-12-31 17:13:27 [main] DEBUG org.hibernate.type.BasicTypeRegistry -
				Adding type registration java.lang.Integer -> org.hibernate.type.IntegerType@44a14de0
2020-12-31 17:13:27 [main] DEBUG org.hibernate.type.BasicTypeRegistry -
				Adding type registration long -> org.hibernate.type.LongType@12608986
2020-12-31 17:13:27 [main] DEBUG org.hibernate.type.BasicTypeRegistry -
				Adding type registration long -> org.hibernate.type.LongType@12608986
2020-12-31 17:13:27 [main] DEBUG org.hibernate.type.BasicTypeRegistry -
				Adding type registration java.lang.Long -> org.hibernate.type.LongType@12608986
2020-12-31 17:13:27 [main] DEBUG org.hibernate.type.BasicTypeRegistry -
				Adding type registration float -> org.hibernate.type.FloatType@4119346d
2020-12-31 17:13:27 [main] DEBUG org.hibernate.type.BasicTypeRegistry -
				Adding type registration float -> org.hibernate.type.FloatType@4119346d
2020-12-31 17:13:27 [main] DEBUG org.hibernate.type.BasicTypeRegistry -
				Adding type registration java.lang.Float -> org.hibernate.type.FloatType@4119346d
2020-12-31 17:13:27 [main] DEBUG org.hibernate.type.BasicTypeRegistry -
				Adding type registration double -> org.hibernate.type.DoubleType@3f64d943
2020-12-31 17:13:27 [main] DEBUG org.hibernate.type.BasicTypeRegistry -
				Adding type registration double -> org.hibernate.type.DoubleType@3f64d943
2020-12-31 17:13:27 [main] DEBUG org.hibernate.type.BasicTypeRegistry -
				Adding type registration java.lang.Double -> org.hibernate.type.DoubleType@3f64d943
2020-12-31 17:13:27 [main] DEBUG org.hibernate.type.BasicTypeRegistry -
				Adding type registration big_decimal -> org.hibernate.type.BigDecimalType@591e5fd4
2020-12-31 17:13:27 [main] DEBUG org.hibernate.type.BasicTypeRegistry -
				Adding type registration java.math.BigDecimal -> org.hibernate.type.BigDecimalType@591e5fd4
2020-12-31 17:13:27 [main] DEBUG org.hibernate.type.BasicTypeRegistry -
				Adding type registration big_integer -> org.hibernate.type.BigIntegerType@4e951fb1
2020-12-31 17:13:27 [main] DEBUG org.hibernate.type.BasicTypeRegistry -
				Adding type registration java.math.BigInteger -> org.hibernate.type.BigIntegerType@4e951fb1
2020-12-31 17:13:27 [main] DEBUG org.hibernate.type.BasicTypeRegistry -
				Adding type registration string -> org.hibernate.type.StringType@56b66a26
2020-12-31 17:13:27 [main] DEBUG org.hibernate.type.BasicTypeRegistry -
				Adding type registration java.lang.String -> org.hibernate.type.StringType@56b66a26
2020-12-31 17:13:27 [main] DEBUG org.hibernate.type.BasicTypeRegistry -
				Adding type registration nstring -> org.hibernate.type.StringNVarcharType@b2da3a5
2020-12-31 17:13:27 [main] DEBUG org.hibernate.type.BasicTypeRegistry -
				Adding type registration ncharacter -> org.hibernate.type.CharacterNCharType@acd3460
2020-12-31 17:13:27 [main] DEBUG org.hibernate.type.BasicTypeRegistry -
				Adding type registration url -> org.hibernate.type.UrlType@69d7bc1a
2020-12-31 17:13:27 [main] DEBUG org.hibernate.type.BasicTypeRegistry -
				Adding type registration java.net.URL -> org.hibernate.type.UrlType@69d7bc1a
2020-12-31 17:13:27 [main] DEBUG org.hibernate.type.BasicTypeRegistry -
				Adding type registration Duration -> org.hibernate.type.DurationType@69de72ec
2020-12-31 17:13:27 [main] DEBUG org.hibernate.type.BasicTypeRegistry -
				Adding type registration java.time.Duration -> org.hibernate.type.DurationType@69de72ec
2020-12-31 17:13:27 [main] DEBUG org.hibernate.type.BasicTypeRegistry -
				Adding type registration Instant -> org.hibernate.type.InstantType@2ac05a33
2020-12-31 17:13:27 [main] DEBUG org.hibernate.type.BasicTypeRegistry -
				Adding type registration java.time.Instant -> org.hibernate.type.InstantType@2ac05a33
2020-12-31 17:13:27 [main] DEBUG org.hibernate.type.BasicTypeRegistry -
				Adding type registration LocalDateTime -> org.hibernate.type.LocalDateTimeType@4e10a320
2020-12-31 17:13:27 [main] DEBUG org.hibernate.type.BasicTypeRegistry -
				Adding type registration java.time.LocalDateTime -> org.hibernate.type.LocalDateTimeType@4e10a320
2020-12-31 17:13:27 [main] DEBUG org.hibernate.type.BasicTypeRegistry -
				Adding type registration LocalDate -> org.hibernate.type.LocalDateType@f793f15
2020-12-31 17:13:27 [main] DEBUG org.hibernate.type.BasicTypeRegistry -
				Adding type registration java.time.LocalDate -> org.hibernate.type.LocalDateType@f793f15
2020-12-31 17:13:27 [main] DEBUG org.hibernate.type.BasicTypeRegistry -
				Adding type registration LocalTime -> org.hibernate.type.LocalTimeType@2ae2fa13
2020-12-31 17:13:27 [main] DEBUG org.hibernate.type.BasicTypeRegistry -
				Adding type registration java.time.LocalTime -> org.hibernate.type.LocalTimeType@2ae2fa13
2020-12-31 17:13:27 [main] DEBUG org.hibernate.type.BasicTypeRegistry -
				Adding type registration OffsetDateTime -> org.hibernate.type.OffsetDateTimeType@ab2009f
2020-12-31 17:13:27 [main] DEBUG org.hibernate.type.BasicTypeRegistry -
				Adding type registration java.time.OffsetDateTime -> org.hibernate.type.OffsetDateTimeType@ab2009f
2020-12-31 17:13:27 [main] DEBUG org.hibernate.type.BasicTypeRegistry -
				Adding type registration OffsetTime -> org.hibernate.type.OffsetTimeType@13404f75
2020-12-31 17:13:27 [main] DEBUG org.hibernate.type.BasicTypeRegistry -
				Adding type registration java.time.OffsetTime -> org.hibernate.type.OffsetTimeType@13404f75
2020-12-31 17:13:27 [main] DEBUG org.hibernate.type.BasicTypeRegistry -
				Adding type registration ZonedDateTime -> org.hibernate.type.ZonedDateTimeType@62360a68
2020-12-31 17:13:27 [main] DEBUG org.hibernate.type.BasicTypeRegistry -
				Adding type registration java.time.ZonedDateTime -> org.hibernate.type.ZonedDateTimeType@62360a68
2020-12-31 17:13:27 [main] DEBUG org.hibernate.type.BasicTypeRegistry -
				Adding type registration date -> org.hibernate.type.DateType@f5ae29e
2020-12-31 17:13:27 [main] DEBUG org.hibernate.type.BasicTypeRegistry -
				Adding type registration java.sql.Date -> org.hibernate.type.DateType@f5ae29e
2020-12-31 17:13:27 [main] DEBUG org.hibernate.type.BasicTypeRegistry -
				Adding type registration time -> org.hibernate.type.TimeType@2d230cff
2020-12-31 17:13:27 [main] DEBUG org.hibernate.type.BasicTypeRegistry -
				Adding type registration java.sql.Time -> org.hibernate.type.TimeType@2d230cff
2020-12-31 17:13:27 [main] DEBUG org.hibernate.type.BasicTypeRegistry -
				Adding type registration timestamp -> org.hibernate.type.TimestampType@3d59933
2020-12-31 17:13:27 [main] DEBUG org.hibernate.type.BasicTypeRegistry -
				Adding type registration java.sql.Timestamp -> org.hibernate.type.TimestampType@3d59933
2020-12-31 17:13:27 [main] DEBUG org.hibernate.type.BasicTypeRegistry -
				Adding type registration java.util.Date -> org.hibernate.type.TimestampType@3d59933
2020-12-31 17:13:27 [main] DEBUG org.hibernate.type.BasicTypeRegistry -
				Adding type registration dbtimestamp -> org.hibernate.type.DbTimestampType@26a33cf
2020-12-31 17:13:27 [main] DEBUG org.hibernate.type.BasicTypeRegistry -
				Adding type registration calendar -> org.hibernate.type.CalendarType@2591d23a
2020-12-31 17:13:27 [main] DEBUG org.hibernate.type.BasicTypeRegistry -
				Adding type registration java.util.Calendar -> org.hibernate.type.CalendarType@2591d23a
2020-12-31 17:13:27 [main] DEBUG org.hibernate.type.BasicTypeRegistry -
				Adding type registration java.util.GregorianCalendar -> org.hibernate.type.CalendarType@2591d23a
2020-12-31 17:13:27 [main] DEBUG org.hibernate.type.BasicTypeRegistry -
				Adding type registration calendar_date -> org.hibernate.type.CalendarDateType@67f8f5a6
2020-12-31 17:13:27 [main] DEBUG org.hibernate.type.BasicTypeRegistry -
				Adding type registration locale -> org.hibernate.type.LocaleType@7037a680
2020-12-31 17:13:27 [main] DEBUG org.hibernate.type.BasicTypeRegistry -
				Adding type registration java.util.Locale -> org.hibernate.type.LocaleType@7037a680
2020-12-31 17:13:27 [main] DEBUG org.hibernate.type.BasicTypeRegistry -
				Adding type registration currency -> org.hibernate.type.CurrencyType@6339e604
2020-12-31 17:13:27 [main] DEBUG org.hibernate.type.BasicTypeRegistry -
				Adding type registration java.util.Currency -> org.hibernate.type.CurrencyType@6339e604
2020-12-31 17:13:27 [main] DEBUG org.hibernate.type.BasicTypeRegistry -
				Adding type registration timezone -> org.hibernate.type.TimeZoneType@10f8e2d2
2020-12-31 17:13:27 [main] DEBUG org.hibernate.type.BasicTypeRegistry -
				Adding type registration java.util.TimeZone -> org.hibernate.type.TimeZoneType@10f8e2d2
2020-12-31 17:13:27 [main] DEBUG org.hibernate.type.BasicTypeRegistry -
				Adding type registration class -> org.hibernate.type.ClassType@4a58e0e9
2020-12-31 17:13:27 [main] DEBUG org.hibernate.type.BasicTypeRegistry -
				Adding type registration java.lang.Class -> org.hibernate.type.ClassType@4a58e0e9
2020-12-31 17:13:27 [main] DEBUG org.hibernate.type.BasicTypeRegistry -
				Adding type registration uuid-binary -> org.hibernate.type.UUIDBinaryType@13cf5f8a
2020-12-31 17:13:27 [main] DEBUG org.hibernate.type.BasicTypeRegistry -
				Adding type registration java.util.UUID -> org.hibernate.type.UUIDBinaryType@13cf5f8a
2020-12-31 17:13:27 [main] DEBUG org.hibernate.type.BasicTypeRegistry -
				Adding type registration uuid-char -> org.hibernate.type.UUIDCharType@584136c1
2020-12-31 17:13:27 [main] DEBUG org.hibernate.type.BasicTypeRegistry -
				Adding type registration binary -> org.hibernate.type.BinaryType@5dd23809
2020-12-31 17:13:27 [main] DEBUG org.hibernate.type.BasicTypeRegistry -
				Adding type registration byte[] -> org.hibernate.type.BinaryType@5dd23809
2020-12-31 17:13:27 [main] DEBUG org.hibernate.type.BasicTypeRegistry -
				Adding type registration [B -> org.hibernate.type.BinaryType@5dd23809
2020-12-31 17:13:27 [main] DEBUG org.hibernate.type.BasicTypeRegistry -
				Adding type registration wrapper-binary -> org.hibernate.type.WrapperBinaryType@28dacf31
2020-12-31 17:13:27 [main] DEBUG org.hibernate.type.BasicTypeRegistry -
				Adding type registration Byte[] -> org.hibernate.type.WrapperBinaryType@28dacf31
2020-12-31 17:13:27 [main] DEBUG org.hibernate.type.BasicTypeRegistry -
				Adding type registration [Ljava.lang.Byte; -> org.hibernate.type.WrapperBinaryType@28dacf31
2020-12-31 17:13:27 [main] DEBUG org.hibernate.type.BasicTypeRegistry -
				Adding type registration row_version -> org.hibernate.type.RowVersionType@51869ad6
2020-12-31 17:13:27 [main] DEBUG org.hibernate.type.BasicTypeRegistry -
				Adding type registration image -> org.hibernate.type.ImageType@2c15034f
2020-12-31 17:13:27 [main] DEBUG org.hibernate.type.BasicTypeRegistry -
				Adding type registration characters -> org.hibernate.type.CharArrayType@3ff26c9
2020-12-31 17:13:27 [main] DEBUG org.hibernate.type.BasicTypeRegistry -
				Adding type registration char[] -> org.hibernate.type.CharArrayType@3ff26c9
2020-12-31 17:13:27 [main] DEBUG org.hibernate.type.BasicTypeRegistry -
				Adding type registration [C -> org.hibernate.type.CharArrayType@3ff26c9
2020-12-31 17:13:27 [main] DEBUG org.hibernate.type.BasicTypeRegistry -
				Adding type registration wrapper-characters -> org.hibernate.type.CharacterArrayType@5b6cc344
2020-12-31 17:13:27 [main] DEBUG org.hibernate.type.BasicTypeRegistry -
				Adding type registration [Ljava.lang.Character; -> org.hibernate.type.CharacterArrayType@5b6cc344
2020-12-31 17:13:27 [main] DEBUG org.hibernate.type.BasicTypeRegistry -
				Adding type registration Character[] -> org.hibernate.type.CharacterArrayType@5b6cc344
2020-12-31 17:13:27 [main] DEBUG org.hibernate.type.BasicTypeRegistry -
				Adding type registration text -> org.hibernate.type.TextType@62794582
2020-12-31 17:13:27 [main] DEBUG org.hibernate.type.BasicTypeRegistry -
				Adding type registration ntext -> org.hibernate.type.NTextType@5c60c08
2020-12-31 17:13:27 [main] DEBUG org.hibernate.type.BasicTypeRegistry -
				Adding type registration blob -> org.hibernate.type.BlobType@131d977f
2020-12-31 17:13:27 [main] DEBUG org.hibernate.type.BasicTypeRegistry -
				Adding type registration java.sql.Blob -> org.hibernate.type.BlobType@131d977f
2020-12-31 17:13:27 [main] DEBUG org.hibernate.type.BasicTypeRegistry -
				Adding type registration materialized_blob -> org.hibernate.type.MaterializedBlobType@43d6262c
2020-12-31 17:13:27 [main] DEBUG org.hibernate.type.BasicTypeRegistry -
				Adding type registration clob -> org.hibernate.type.ClobType@b56c222
2020-12-31 17:13:27 [main] DEBUG org.hibernate.type.BasicTypeRegistry -
				Adding type registration java.sql.Clob -> org.hibernate.type.ClobType@b56c222
2020-12-31 17:13:27 [main] DEBUG org.hibernate.type.BasicTypeRegistry -
				Adding type registration nclob -> org.hibernate.type.NClobType@67e4928c
2020-12-31 17:13:27 [main] DEBUG org.hibernate.type.BasicTypeRegistry -
				Adding type registration java.sql.NClob -> org.hibernate.type.NClobType@67e4928c
2020-12-31 17:13:27 [main] DEBUG org.hibernate.type.BasicTypeRegistry -
				Adding type registration materialized_clob -> org.hibernate.type.MaterializedClobType@6fbc7853
2020-12-31 17:13:27 [main] DEBUG org.hibernate.type.BasicTypeRegistry -
				Adding type registration materialized_nclob -> org.hibernate.type.MaterializedNClobType@647ff23e
2020-12-31 17:13:27 [main] DEBUG org.hibernate.type.BasicTypeRegistry -
				Adding type registration serializable -> org.hibernate.type.SerializableType@57a982f9
2020-12-31 17:13:27 [main] DEBUG org.hibernate.type.BasicTypeRegistry -
				Adding type registration object -> org.hibernate.type.ObjectType@1c53bd49
2020-12-31 17:13:27 [main] DEBUG org.hibernate.type.BasicTypeRegistry -
				Adding type registration java.lang.Object -> org.hibernate.type.ObjectType@1c53bd49
2020-12-31 17:13:27 [main] DEBUG org.hibernate.type.BasicTypeRegistry -
				Adding type registration imm_date -> org.hibernate.type.AdaptedImmutableType@43778371
2020-12-31 17:13:27 [main] DEBUG org.hibernate.type.BasicTypeRegistry -
				Adding type registration imm_time -> org.hibernate.type.AdaptedImmutableType@71beada8
2020-12-31 17:13:27 [main] DEBUG org.hibernate.type.BasicTypeRegistry -
				Adding type registration imm_timestamp -> org.hibernate.type.AdaptedImmutableType@17f41739
2020-12-31 17:13:27 [main] DEBUG org.hibernate.type.BasicTypeRegistry -
				Adding type registration imm_dbtimestamp -> org.hibernate.type.AdaptedImmutableType@2b3b1124
2020-12-31 17:13:27 [main] DEBUG org.hibernate.type.BasicTypeRegistry -
				Adding type registration imm_calendar -> org.hibernate.type.AdaptedImmutableType@54286339
2020-12-31 17:13:27 [main] DEBUG org.hibernate.type.BasicTypeRegistry -
				Adding type registration imm_calendar_date -> org.hibernate.type.AdaptedImmutableType@507f47f9
2020-12-31 17:13:27 [main] DEBUG org.hibernate.type.BasicTypeRegistry -
				Adding type registration imm_binary -> org.hibernate.type.AdaptedImmutableType@6785df10
2020-12-31 17:13:27 [main] DEBUG org.hibernate.type.BasicTypeRegistry -
				Adding type registration imm_serializable -> org.hibernate.type.AdaptedImmutableType@144440f5
2020-12-31 17:13:28 [main] DEBUG o.h.type.spi.TypeConfiguration$Scope -
				Scoping TypeConfiguration [org.hibernate.type.spi.TypeConfiguration@3d4b45b] to MetadataBuildingContext [org.hibernate.boot.internal.MetadataBuildingContextRootImpl@4d0b276e]
2020-12-31 17:13:29 [main] DEBUG o.h.type.spi.TypeConfiguration$Scope -
				Scoping TypeConfiguration [org.hibernate.type.spi.TypeConfiguration@3d4b45b] to SessionFactoryImpl [org.hibernate.internal.SessionFactoryImpl@42c55978]
2020-12-31 17:13:29 [main] TRACE o.h.type.spi.TypeConfiguration$Scope -
				Handling #sessionFactoryCreated from [org.hibernate.internal.SessionFactoryImpl@42c55978] for TypeConfiguration
2020-12-31 17:13:30 [main] WARN  o.s.b.a.o.j.JpaBaseConfiguration$JpaWebConfiguration -
				spring.jpa.open-in-view is enabled by default. Therefore, database queries may be performed during view rendering. Explicitly configure spring.jpa.open-in-view to disable this warning
2020-12-31 17:13:31 [main] WARN  o.s.b.a.j.JacksonAutoConfiguration$JodaDateTimeJacksonConfiguration -
				Auto-configuration of Jackson's Joda-Time integration is deprecated in favor of using java.time (JSR-310).
2020-12-31 17:13:32 [main] WARN  c.n.c.sources.URLConfigurationSource -
				No URLs will be polled as dynamic configuration sources.
2020-12-31 17:13:32 [main] WARN  c.n.c.sources.URLConfigurationSource -
				No URLs will be polled as dynamic configuration sources.
2020-12-31 17:13:41 [main] WARN  o.s.c.l.c.BlockingLoadBalancerClientAutoConfiguration$BlockingLoadBalancerClientRibbonWarnLogger -
				You already have RibbonLoadBalancerClient on your classpath. It will be used by default. As Spring Cloud Ribbon is in maintenance mode. We recommend switching to BlockingLoadBalancerClient instead. In order to use it, set the value of `spring.cloud.loadbalancer.ribbon.enabled` to `false` or remove spring-cloud-starter-netflix-ribbon from your project.
2020-12-31 17:13:48 [main] DEBUG org.hibernate.type.BasicTypeRegistry -
				Adding type registration boolean -> org.hibernate.type.BooleanType@1d556461
2020-12-31 17:13:48 [main] DEBUG org.hibernate.type.BasicTypeRegistry -
				Adding type registration boolean -> org.hibernate.type.BooleanType@1d556461
2020-12-31 17:13:48 [main] DEBUG org.hibernate.type.BasicTypeRegistry -
				Adding type registration java.lang.Boolean -> org.hibernate.type.BooleanType@1d556461
2020-12-31 17:13:48 [main] DEBUG org.hibernate.type.BasicTypeRegistry -
				Adding type registration numeric_boolean -> org.hibernate.type.NumericBooleanType@335b3d6
2020-12-31 17:13:48 [main] DEBUG org.hibernate.type.BasicTypeRegistry -
				Adding type registration true_false -> org.hibernate.type.TrueFalseType@38826984
2020-12-31 17:13:48 [main] DEBUG org.hibernate.type.BasicTypeRegistry -
				Adding type registration yes_no -> org.hibernate.type.YesNoType@7a78d380
2020-12-31 17:13:48 [main] DEBUG org.hibernate.type.BasicTypeRegistry -
				Adding type registration byte -> org.hibernate.type.ByteType@299eca90
2020-12-31 17:13:48 [main] DEBUG org.hibernate.type.BasicTypeRegistry -
				Adding type registration byte -> org.hibernate.type.ByteType@299eca90
2020-12-31 17:13:48 [main] DEBUG org.hibernate.type.BasicTypeRegistry -
				Adding type registration java.lang.Byte -> org.hibernate.type.ByteType@299eca90
2020-12-31 17:13:48 [main] DEBUG org.hibernate.type.BasicTypeRegistry -
				Adding type registration character -> org.hibernate.type.CharacterType@13374ca6
2020-12-31 17:13:48 [main] DEBUG org.hibernate.type.BasicTypeRegistry -
				Adding type registration char -> org.hibernate.type.CharacterType@13374ca6
2020-12-31 17:13:48 [main] DEBUG org.hibernate.type.BasicTypeRegistry -
				Adding type registration java.lang.Character -> org.hibernate.type.CharacterType@13374ca6
2020-12-31 17:13:48 [main] DEBUG org.hibernate.type.BasicTypeRegistry -
				Adding type registration short -> org.hibernate.type.ShortType@6ca33187
2020-12-31 17:13:48 [main] DEBUG org.hibernate.type.BasicTypeRegistry -
				Adding type registration short -> org.hibernate.type.ShortType@6ca33187
2020-12-31 17:13:48 [main] DEBUG org.hibernate.type.BasicTypeRegistry -
				Adding type registration java.lang.Short -> org.hibernate.type.ShortType@6ca33187
2020-12-31 17:13:48 [main] DEBUG org.hibernate.type.BasicTypeRegistry -
				Adding type registration integer -> org.hibernate.type.IntegerType@44a14de0
2020-12-31 17:13:48 [main] DEBUG org.hibernate.type.BasicTypeRegistry -
				Adding type registration int -> org.hibernate.type.IntegerType@44a14de0
2020-12-31 17:13:48 [main] DEBUG org.hibernate.type.BasicTypeRegistry -
				Adding type registration java.lang.Integer -> org.hibernate.type.IntegerType@44a14de0
2020-12-31 17:13:48 [main] DEBUG org.hibernate.type.BasicTypeRegistry -
				Adding type registration long -> org.hibernate.type.LongType@12608986
2020-12-31 17:13:48 [main] DEBUG org.hibernate.type.BasicTypeRegistry -
				Adding type registration long -> org.hibernate.type.LongType@12608986
2020-12-31 17:13:48 [main] DEBUG org.hibernate.type.BasicTypeRegistry -
				Adding type registration java.lang.Long -> org.hibernate.type.LongType@12608986
2020-12-31 17:13:48 [main] DEBUG org.hibernate.type.BasicTypeRegistry -
				Adding type registration float -> org.hibernate.type.FloatType@4119346d
2020-12-31 17:13:48 [main] DEBUG org.hibernate.type.BasicTypeRegistry -
				Adding type registration float -> org.hibernate.type.FloatType@4119346d
2020-12-31 17:13:48 [main] DEBUG org.hibernate.type.BasicTypeRegistry -
				Adding type registration java.lang.Float -> org.hibernate.type.FloatType@4119346d
2020-12-31 17:13:48 [main] DEBUG org.hibernate.type.BasicTypeRegistry -
				Adding type registration double -> org.hibernate.type.DoubleType@3f64d943
2020-12-31 17:13:48 [main] DEBUG org.hibernate.type.BasicTypeRegistry -
				Adding type registration double -> org.hibernate.type.DoubleType@3f64d943
2020-12-31 17:13:48 [main] DEBUG org.hibernate.type.BasicTypeRegistry -
				Adding type registration java.lang.Double -> org.hibernate.type.DoubleType@3f64d943
2020-12-31 17:13:48 [main] DEBUG org.hibernate.type.BasicTypeRegistry -
				Adding type registration big_decimal -> org.hibernate.type.BigDecimalType@591e5fd4
2020-12-31 17:13:48 [main] DEBUG org.hibernate.type.BasicTypeRegistry -
				Adding type registration java.math.BigDecimal -> org.hibernate.type.BigDecimalType@591e5fd4
2020-12-31 17:13:48 [main] DEBUG org.hibernate.type.BasicTypeRegistry -
				Adding type registration big_integer -> org.hibernate.type.BigIntegerType@4e951fb1
2020-12-31 17:13:48 [main] DEBUG org.hibernate.type.BasicTypeRegistry -
				Adding type registration java.math.BigInteger -> org.hibernate.type.BigIntegerType@4e951fb1
2020-12-31 17:13:48 [main] DEBUG org.hibernate.type.BasicTypeRegistry -
				Adding type registration string -> org.hibernate.type.StringType@56b66a26
2020-12-31 17:13:48 [main] DEBUG org.hibernate.type.BasicTypeRegistry -
				Adding type registration java.lang.String -> org.hibernate.type.StringType@56b66a26
2020-12-31 17:13:48 [main] DEBUG org.hibernate.type.BasicTypeRegistry -
				Adding type registration nstring -> org.hibernate.type.StringNVarcharType@b2da3a5
2020-12-31 17:13:48 [main] DEBUG org.hibernate.type.BasicTypeRegistry -
				Adding type registration ncharacter -> org.hibernate.type.CharacterNCharType@acd3460
2020-12-31 17:13:48 [main] DEBUG org.hibernate.type.BasicTypeRegistry -
				Adding type registration url -> org.hibernate.type.UrlType@69d7bc1a
2020-12-31 17:13:48 [main] DEBUG org.hibernate.type.BasicTypeRegistry -
				Adding type registration java.net.URL -> org.hibernate.type.UrlType@69d7bc1a
2020-12-31 17:13:48 [main] DEBUG org.hibernate.type.BasicTypeRegistry -
				Adding type registration Duration -> org.hibernate.type.DurationType@69de72ec
2020-12-31 17:13:48 [main] DEBUG org.hibernate.type.BasicTypeRegistry -
				Adding type registration java.time.Duration -> org.hibernate.type.DurationType@69de72ec
2020-12-31 17:13:48 [main] DEBUG org.hibernate.type.BasicTypeRegistry -
				Adding type registration Instant -> org.hibernate.type.InstantType@2ac05a33
2020-12-31 17:13:48 [main] DEBUG org.hibernate.type.BasicTypeRegistry -
				Adding type registration java.time.Instant -> org.hibernate.type.InstantType@2ac05a33
2020-12-31 17:13:48 [main] DEBUG org.hibernate.type.BasicTypeRegistry -
				Adding type registration LocalDateTime -> org.hibernate.type.LocalDateTimeType@4e10a320
2020-12-31 17:13:48 [main] DEBUG org.hibernate.type.BasicTypeRegistry -
				Adding type registration java.time.LocalDateTime -> org.hibernate.type.LocalDateTimeType@4e10a320
2020-12-31 17:13:48 [main] DEBUG org.hibernate.type.BasicTypeRegistry -
				Adding type registration LocalDate -> org.hibernate.type.LocalDateType@f793f15
2020-12-31 17:13:48 [main] DEBUG org.hibernate.type.BasicTypeRegistry -
				Adding type registration java.time.LocalDate -> org.hibernate.type.LocalDateType@f793f15
2020-12-31 17:13:48 [main] DEBUG org.hibernate.type.BasicTypeRegistry -
				Adding type registration LocalTime -> org.hibernate.type.LocalTimeType@2ae2fa13
2020-12-31 17:13:48 [main] DEBUG org.hibernate.type.BasicTypeRegistry -
				Adding type registration java.time.LocalTime -> org.hibernate.type.LocalTimeType@2ae2fa13
2020-12-31 17:13:48 [main] DEBUG org.hibernate.type.BasicTypeRegistry -
				Adding type registration OffsetDateTime -> org.hibernate.type.OffsetDateTimeType@ab2009f
2020-12-31 17:13:48 [main] DEBUG org.hibernate.type.BasicTypeRegistry -
				Adding type registration java.time.OffsetDateTime -> org.hibernate.type.OffsetDateTimeType@ab2009f
2020-12-31 17:13:48 [main] DEBUG org.hibernate.type.BasicTypeRegistry -
				Adding type registration OffsetTime -> org.hibernate.type.OffsetTimeType@13404f75
2020-12-31 17:13:48 [main] DEBUG org.hibernate.type.BasicTypeRegistry -
				Adding type registration java.time.OffsetTime -> org.hibernate.type.OffsetTimeType@13404f75
2020-12-31 17:13:48 [main] DEBUG org.hibernate.type.BasicTypeRegistry -
				Adding type registration ZonedDateTime -> org.hibernate.type.ZonedDateTimeType@62360a68
2020-12-31 17:13:48 [main] DEBUG org.hibernate.type.BasicTypeRegistry -
				Adding type registration java.time.ZonedDateTime -> org.hibernate.type.ZonedDateTimeType@62360a68
2020-12-31 17:13:48 [main] DEBUG org.hibernate.type.BasicTypeRegistry -
				Adding type registration date -> org.hibernate.type.DateType@f5ae29e
2020-12-31 17:13:48 [main] DEBUG org.hibernate.type.BasicTypeRegistry -
				Adding type registration java.sql.Date -> org.hibernate.type.DateType@f5ae29e
2020-12-31 17:13:48 [main] DEBUG org.hibernate.type.BasicTypeRegistry -
				Adding type registration time -> org.hibernate.type.TimeType@2d230cff
2020-12-31 17:13:48 [main] DEBUG org.hibernate.type.BasicTypeRegistry -
				Adding type registration java.sql.Time -> org.hibernate.type.TimeType@2d230cff
2020-12-31 17:13:48 [main] DEBUG org.hibernate.type.BasicTypeRegistry -
				Adding type registration timestamp -> org.hibernate.type.TimestampType@3d59933
2020-12-31 17:13:48 [main] DEBUG org.hibernate.type.BasicTypeRegistry -
				Adding type registration java.sql.Timestamp -> org.hibernate.type.TimestampType@3d59933
2020-12-31 17:13:48 [main] DEBUG org.hibernate.type.BasicTypeRegistry -
				Adding type registration java.util.Date -> org.hibernate.type.TimestampType@3d59933
2020-12-31 17:13:48 [main] DEBUG org.hibernate.type.BasicTypeRegistry -
				Adding type registration dbtimestamp -> org.hibernate.type.DbTimestampType@26a33cf
2020-12-31 17:13:48 [main] DEBUG org.hibernate.type.BasicTypeRegistry -
				Adding type registration calendar -> org.hibernate.type.CalendarType@2591d23a
2020-12-31 17:13:48 [main] DEBUG org.hibernate.type.BasicTypeRegistry -
				Adding type registration java.util.Calendar -> org.hibernate.type.CalendarType@2591d23a
2020-12-31 17:13:48 [main] DEBUG org.hibernate.type.BasicTypeRegistry -
				Adding type registration java.util.GregorianCalendar -> org.hibernate.type.CalendarType@2591d23a
2020-12-31 17:13:48 [main] DEBUG org.hibernate.type.BasicTypeRegistry -
				Adding type registration calendar_date -> org.hibernate.type.CalendarDateType@67f8f5a6
2020-12-31 17:13:48 [main] DEBUG org.hibernate.type.BasicTypeRegistry -
				Adding type registration locale -> org.hibernate.type.LocaleType@7037a680
2020-12-31 17:13:48 [main] DEBUG org.hibernate.type.BasicTypeRegistry -
				Adding type registration java.util.Locale -> org.hibernate.type.LocaleType@7037a680
2020-12-31 17:13:48 [main] DEBUG org.hibernate.type.BasicTypeRegistry -
				Adding type registration currency -> org.hibernate.type.CurrencyType@6339e604
2020-12-31 17:13:48 [main] DEBUG org.hibernate.type.BasicTypeRegistry -
				Adding type registration java.util.Currency -> org.hibernate.type.CurrencyType@6339e604
2020-12-31 17:13:48 [main] DEBUG org.hibernate.type.BasicTypeRegistry -
				Adding type registration timezone -> org.hibernate.type.TimeZoneType@10f8e2d2
2020-12-31 17:13:48 [main] DEBUG org.hibernate.type.BasicTypeRegistry -
				Adding type registration java.util.TimeZone -> org.hibernate.type.TimeZoneType@10f8e2d2
2020-12-31 17:13:48 [main] DEBUG org.hibernate.type.BasicTypeRegistry -
				Adding type registration class -> org.hibernate.type.ClassType@4a58e0e9
2020-12-31 17:13:48 [main] DEBUG org.hibernate.type.BasicTypeRegistry -
				Adding type registration java.lang.Class -> org.hibernate.type.ClassType@4a58e0e9
2020-12-31 17:13:48 [main] DEBUG org.hibernate.type.BasicTypeRegistry -
				Adding type registration uuid-binary -> org.hibernate.type.UUIDBinaryType@13cf5f8a
2020-12-31 17:13:48 [main] DEBUG org.hibernate.type.BasicTypeRegistry -
				Adding type registration java.util.UUID -> org.hibernate.type.UUIDBinaryType@13cf5f8a
2020-12-31 17:13:48 [main] DEBUG org.hibernate.type.BasicTypeRegistry -
				Adding type registration uuid-char -> org.hibernate.type.UUIDCharType@584136c1
2020-12-31 17:13:48 [main] DEBUG org.hibernate.type.BasicTypeRegistry -
				Adding type registration binary -> org.hibernate.type.BinaryType@5dd23809
2020-12-31 17:13:48 [main] DEBUG org.hibernate.type.BasicTypeRegistry -
				Adding type registration byte[] -> org.hibernate.type.BinaryType@5dd23809
2020-12-31 17:13:48 [main] DEBUG org.hibernate.type.BasicTypeRegistry -
				Adding type registration [B -> org.hibernate.type.BinaryType@5dd23809
2020-12-31 17:13:48 [main] DEBUG org.hibernate.type.BasicTypeRegistry -
				Adding type registration wrapper-binary -> org.hibernate.type.WrapperBinaryType@28dacf31
2020-12-31 17:13:48 [main] DEBUG org.hibernate.type.BasicTypeRegistry -
				Adding type registration Byte[] -> org.hibernate.type.WrapperBinaryType@28dacf31
2020-12-31 17:13:48 [main] DEBUG org.hibernate.type.BasicTypeRegistry -
				Adding type registration [Ljava.lang.Byte; -> org.hibernate.type.WrapperBinaryType@28dacf31
2020-12-31 17:13:48 [main] DEBUG org.hibernate.type.BasicTypeRegistry -
				Adding type registration row_version -> org.hibernate.type.RowVersionType@51869ad6
2020-12-31 17:13:48 [main] DEBUG org.hibernate.type.BasicTypeRegistry -
				Adding type registration image -> org.hibernate.type.ImageType@2c15034f
2020-12-31 17:13:48 [main] DEBUG org.hibernate.type.BasicTypeRegistry -
				Adding type registration characters -> org.hibernate.type.CharArrayType@3ff26c9
2020-12-31 17:13:48 [main] DEBUG org.hibernate.type.BasicTypeRegistry -
				Adding type registration char[] -> org.hibernate.type.CharArrayType@3ff26c9
2020-12-31 17:13:48 [main] DEBUG org.hibernate.type.BasicTypeRegistry -
				Adding type registration [C -> org.hibernate.type.CharArrayType@3ff26c9
2020-12-31 17:13:48 [main] DEBUG org.hibernate.type.BasicTypeRegistry -
				Adding type registration wrapper-characters -> org.hibernate.type.CharacterArrayType@5b6cc344
2020-12-31 17:13:48 [main] DEBUG org.hibernate.type.BasicTypeRegistry -
				Adding type registration [Ljava.lang.Character; -> org.hibernate.type.CharacterArrayType@5b6cc344
2020-12-31 17:13:48 [main] DEBUG org.hibernate.type.BasicTypeRegistry -
				Adding type registration Character[] -> org.hibernate.type.CharacterArrayType@5b6cc344
2020-12-31 17:13:48 [main] DEBUG org.hibernate.type.BasicTypeRegistry -
				Adding type registration text -> org.hibernate.type.TextType@62794582
2020-12-31 17:13:48 [main] DEBUG org.hibernate.type.BasicTypeRegistry -
				Adding type registration ntext -> org.hibernate.type.NTextType@5c60c08
2020-12-31 17:13:48 [main] DEBUG org.hibernate.type.BasicTypeRegistry -
				Adding type registration blob -> org.hibernate.type.BlobType@131d977f
2020-12-31 17:13:48 [main] DEBUG org.hibernate.type.BasicTypeRegistry -
				Adding type registration java.sql.Blob -> org.hibernate.type.BlobType@131d977f
2020-12-31 17:13:48 [main] DEBUG org.hibernate.type.BasicTypeRegistry -
				Adding type registration materialized_blob -> org.hibernate.type.MaterializedBlobType@43d6262c
2020-12-31 17:13:48 [main] DEBUG org.hibernate.type.BasicTypeRegistry -
				Adding type registration clob -> org.hibernate.type.ClobType@b56c222
2020-12-31 17:13:48 [main] DEBUG org.hibernate.type.BasicTypeRegistry -
				Adding type registration java.sql.Clob -> org.hibernate.type.ClobType@b56c222
2020-12-31 17:13:48 [main] DEBUG org.hibernate.type.BasicTypeRegistry -
				Adding type registration nclob -> org.hibernate.type.NClobType@67e4928c
2020-12-31 17:13:48 [main] DEBUG org.hibernate.type.BasicTypeRegistry -
				Adding type registration java.sql.NClob -> org.hibernate.type.NClobType@67e4928c
2020-12-31 17:13:48 [main] DEBUG org.hibernate.type.BasicTypeRegistry -
				Adding type registration materialized_clob -> org.hibernate.type.MaterializedClobType@6fbc7853
2020-12-31 17:13:48 [main] DEBUG org.hibernate.type.BasicTypeRegistry -
				Adding type registration materialized_nclob -> org.hibernate.type.MaterializedNClobType@647ff23e
2020-12-31 17:13:48 [main] DEBUG org.hibernate.type.BasicTypeRegistry -
				Adding type registration serializable -> org.hibernate.type.SerializableType@57a982f9
2020-12-31 17:13:48 [main] DEBUG org.hibernate.type.BasicTypeRegistry -
				Adding type registration object -> org.hibernate.type.ObjectType@1c53bd49
2020-12-31 17:13:48 [main] DEBUG org.hibernate.type.BasicTypeRegistry -
				Adding type registration java.lang.Object -> org.hibernate.type.ObjectType@1c53bd49
2020-12-31 17:13:48 [main] DEBUG org.hibernate.type.BasicTypeRegistry -
				Adding type registration imm_date -> org.hibernate.type.AdaptedImmutableType@7a7b6556
2020-12-31 17:13:48 [main] DEBUG org.hibernate.type.BasicTypeRegistry -
				Adding type registration imm_time -> org.hibernate.type.AdaptedImmutableType@c04b755
2020-12-31 17:13:48 [main] DEBUG org.hibernate.type.BasicTypeRegistry -
				Adding type registration imm_timestamp -> org.hibernate.type.AdaptedImmutableType@6eec092
2020-12-31 17:13:48 [main] DEBUG org.hibernate.type.BasicTypeRegistry -
				Adding type registration imm_dbtimestamp -> org.hibernate.type.AdaptedImmutableType@7d9587b3
2020-12-31 17:13:48 [main] DEBUG org.hibernate.type.BasicTypeRegistry -
				Adding type registration imm_calendar -> org.hibernate.type.AdaptedImmutableType@5ce50c82
2020-12-31 17:13:48 [main] DEBUG org.hibernate.type.BasicTypeRegistry -
				Adding type registration imm_calendar_date -> org.hibernate.type.AdaptedImmutableType@75f2a654
2020-12-31 17:13:48 [main] DEBUG org.hibernate.type.BasicTypeRegistry -
				Adding type registration imm_binary -> org.hibernate.type.AdaptedImmutableType@5680228
2020-12-31 17:13:48 [main] DEBUG org.hibernate.type.BasicTypeRegistry -
				Adding type registration imm_serializable -> org.hibernate.type.AdaptedImmutableType@5411a529
2020-12-31 17:13:48 [main] DEBUG o.h.type.spi.TypeConfiguration$Scope -
				Scoping TypeConfiguration [org.hibernate.type.spi.TypeConfiguration@52688730] to MetadataBuildingContext [org.hibernate.boot.internal.MetadataBuildingContextRootImpl@2227c82d]
2020-12-31 17:13:48 [main] DEBUG o.h.type.spi.TypeConfiguration$Scope -
				Scoping TypeConfiguration [org.hibernate.type.spi.TypeConfiguration@52688730] to SessionFactoryImpl [org.hibernate.internal.SessionFactoryImpl@106a6420]
2020-12-31 17:13:48 [main] TRACE o.h.type.spi.TypeConfiguration$Scope -
				Handling #sessionFactoryCreated from [org.hibernate.internal.SessionFactoryImpl@106a6420] for TypeConfiguration
2020-12-31 17:13:49 [main] WARN  o.s.b.a.o.j.JpaBaseConfiguration$JpaWebConfiguration -
				spring.jpa.open-in-view is enabled by default. Therefore, database queries may be performed during view rendering. Explicitly configure spring.jpa.open-in-view to disable this warning
2020-12-31 17:13:49 [main] WARN  o.s.b.a.j.JacksonAutoConfiguration$JodaDateTimeJacksonConfiguration -
				Auto-configuration of Jackson's Joda-Time integration is deprecated in favor of using java.time (JSR-310).
2020-12-31 17:13:49 [main] WARN  o.s.c.n.a.ArchaiusAutoConfiguration -
				Netflix ConfigurationManager has already been installed, unable to re-install
2020-12-31 17:13:56 [main] WARN  o.s.c.l.c.BlockingLoadBalancerClientAutoConfiguration$BlockingLoadBalancerClientRibbonWarnLogger -
				You already have RibbonLoadBalancerClient on your classpath. It will be used by default. As Spring Cloud Ribbon is in maintenance mode. We recommend switching to BlockingLoadBalancerClient instead. In order to use it, set the value of `spring.cloud.loadbalancer.ribbon.enabled` to `false` or remove spring-cloud-starter-netflix-ribbon from your project.
2020-12-31 17:14:00 [main] DEBUG org.hibernate.type.BasicTypeRegistry -
				Adding type registration boolean -> org.hibernate.type.BooleanType@1d556461
2020-12-31 17:14:00 [main] DEBUG org.hibernate.type.BasicTypeRegistry -
				Adding type registration boolean -> org.hibernate.type.BooleanType@1d556461
2020-12-31 17:14:00 [main] DEBUG org.hibernate.type.BasicTypeRegistry -
				Adding type registration java.lang.Boolean -> org.hibernate.type.BooleanType@1d556461
2020-12-31 17:14:00 [main] DEBUG org.hibernate.type.BasicTypeRegistry -
				Adding type registration numeric_boolean -> org.hibernate.type.NumericBooleanType@335b3d6
2020-12-31 17:14:00 [main] DEBUG org.hibernate.type.BasicTypeRegistry -
				Adding type registration true_false -> org.hibernate.type.TrueFalseType@38826984
2020-12-31 17:14:00 [main] DEBUG org.hibernate.type.BasicTypeRegistry -
				Adding type registration yes_no -> org.hibernate.type.YesNoType@7a78d380
2020-12-31 17:14:00 [main] DEBUG org.hibernate.type.BasicTypeRegistry -
				Adding type registration byte -> org.hibernate.type.ByteType@299eca90
2020-12-31 17:14:00 [main] DEBUG org.hibernate.type.BasicTypeRegistry -
				Adding type registration byte -> org.hibernate.type.ByteType@299eca90
2020-12-31 17:14:00 [main] DEBUG org.hibernate.type.BasicTypeRegistry -
				Adding type registration java.lang.Byte -> org.hibernate.type.ByteType@299eca90
2020-12-31 17:14:00 [main] DEBUG org.hibernate.type.BasicTypeRegistry -
				Adding type registration character -> org.hibernate.type.CharacterType@13374ca6
2020-12-31 17:14:00 [main] DEBUG org.hibernate.type.BasicTypeRegistry -
				Adding type registration char -> org.hibernate.type.CharacterType@13374ca6
2020-12-31 17:14:00 [main] DEBUG org.hibernate.type.BasicTypeRegistry -
				Adding type registration java.lang.Character -> org.hibernate.type.CharacterType@13374ca6
2020-12-31 17:14:00 [main] DEBUG org.hibernate.type.BasicTypeRegistry -
				Adding type registration short -> org.hibernate.type.ShortType@6ca33187
2020-12-31 17:14:00 [main] DEBUG org.hibernate.type.BasicTypeRegistry -
				Adding type registration short -> org.hibernate.type.ShortType@6ca33187
2020-12-31 17:14:00 [main] DEBUG org.hibernate.type.BasicTypeRegistry -
				Adding type registration java.lang.Short -> org.hibernate.type.ShortType@6ca33187
2020-12-31 17:14:00 [main] DEBUG org.hibernate.type.BasicTypeRegistry -
				Adding type registration integer -> org.hibernate.type.IntegerType@44a14de0
2020-12-31 17:14:00 [main] DEBUG org.hibernate.type.BasicTypeRegistry -
				Adding type registration int -> org.hibernate.type.IntegerType@44a14de0
2020-12-31 17:14:00 [main] DEBUG org.hibernate.type.BasicTypeRegistry -
				Adding type registration java.lang.Integer -> org.hibernate.type.IntegerType@44a14de0
2020-12-31 17:14:00 [main] DEBUG org.hibernate.type.BasicTypeRegistry -
				Adding type registration long -> org.hibernate.type.LongType@12608986
2020-12-31 17:14:00 [main] DEBUG org.hibernate.type.BasicTypeRegistry -
				Adding type registration long -> org.hibernate.type.LongType@12608986
2020-12-31 17:14:00 [main] DEBUG org.hibernate.type.BasicTypeRegistry -
				Adding type registration java.lang.Long -> org.hibernate.type.LongType@12608986
2020-12-31 17:14:00 [main] DEBUG org.hibernate.type.BasicTypeRegistry -
				Adding type registration float -> org.hibernate.type.FloatType@4119346d
2020-12-31 17:14:00 [main] DEBUG org.hibernate.type.BasicTypeRegistry -
				Adding type registration float -> org.hibernate.type.FloatType@4119346d
2020-12-31 17:14:00 [main] DEBUG org.hibernate.type.BasicTypeRegistry -
				Adding type registration java.lang.Float -> org.hibernate.type.FloatType@4119346d
2020-12-31 17:14:00 [main] DEBUG org.hibernate.type.BasicTypeRegistry -
				Adding type registration double -> org.hibernate.type.DoubleType@3f64d943
2020-12-31 17:14:00 [main] DEBUG org.hibernate.type.BasicTypeRegistry -
				Adding type registration double -> org.hibernate.type.DoubleType@3f64d943
2020-12-31 17:14:00 [main] DEBUG org.hibernate.type.BasicTypeRegistry -
				Adding type registration java.lang.Double -> org.hibernate.type.DoubleType@3f64d943
2020-12-31 17:14:00 [main] DEBUG org.hibernate.type.BasicTypeRegistry -
				Adding type registration big_decimal -> org.hibernate.type.BigDecimalType@591e5fd4
2020-12-31 17:14:00 [main] DEBUG org.hibernate.type.BasicTypeRegistry -
				Adding type registration java.math.BigDecimal -> org.hibernate.type.BigDecimalType@591e5fd4
2020-12-31 17:14:00 [main] DEBUG org.hibernate.type.BasicTypeRegistry -
				Adding type registration big_integer -> org.hibernate.type.BigIntegerType@4e951fb1
2020-12-31 17:14:00 [main] DEBUG org.hibernate.type.BasicTypeRegistry -
				Adding type registration java.math.BigInteger -> org.hibernate.type.BigIntegerType@4e951fb1
2020-12-31 17:14:00 [main] DEBUG org.hibernate.type.BasicTypeRegistry -
				Adding type registration string -> org.hibernate.type.StringType@56b66a26
2020-12-31 17:14:00 [main] DEBUG org.hibernate.type.BasicTypeRegistry -
				Adding type registration java.lang.String -> org.hibernate.type.StringType@56b66a26
2020-12-31 17:14:00 [main] DEBUG org.hibernate.type.BasicTypeRegistry -
				Adding type registration nstring -> org.hibernate.type.StringNVarcharType@b2da3a5
2020-12-31 17:14:00 [main] DEBUG org.hibernate.type.BasicTypeRegistry -
				Adding type registration ncharacter -> org.hibernate.type.CharacterNCharType@acd3460
2020-12-31 17:14:00 [main] DEBUG org.hibernate.type.BasicTypeRegistry -
				Adding type registration url -> org.hibernate.type.UrlType@69d7bc1a
2020-12-31 17:14:00 [main] DEBUG org.hibernate.type.BasicTypeRegistry -
				Adding type registration java.net.URL -> org.hibernate.type.UrlType@69d7bc1a
2020-12-31 17:14:00 [main] DEBUG org.hibernate.type.BasicTypeRegistry -
				Adding type registration Duration -> org.hibernate.type.DurationType@69de72ec
2020-12-31 17:14:00 [main] DEBUG org.hibernate.type.BasicTypeRegistry -
				Adding type registration java.time.Duration -> org.hibernate.type.DurationType@69de72ec
2020-12-31 17:14:00 [main] DEBUG org.hibernate.type.BasicTypeRegistry -
				Adding type registration Instant -> org.hibernate.type.InstantType@2ac05a33
2020-12-31 17:14:00 [main] DEBUG org.hibernate.type.BasicTypeRegistry -
				Adding type registration java.time.Instant -> org.hibernate.type.InstantType@2ac05a33
2020-12-31 17:14:00 [main] DEBUG org.hibernate.type.BasicTypeRegistry -
				Adding type registration LocalDateTime -> org.hibernate.type.LocalDateTimeType@4e10a320
2020-12-31 17:14:00 [main] DEBUG org.hibernate.type.BasicTypeRegistry -
				Adding type registration java.time.LocalDateTime -> org.hibernate.type.LocalDateTimeType@4e10a320
2020-12-31 17:14:00 [main] DEBUG org.hibernate.type.BasicTypeRegistry -
				Adding type registration LocalDate -> org.hibernate.type.LocalDateType@f793f15
2020-12-31 17:14:00 [main] DEBUG org.hibernate.type.BasicTypeRegistry -
				Adding type registration java.time.LocalDate -> org.hibernate.type.LocalDateType@f793f15
2020-12-31 17:14:00 [main] DEBUG org.hibernate.type.BasicTypeRegistry -
				Adding type registration LocalTime -> org.hibernate.type.LocalTimeType@2ae2fa13
2020-12-31 17:14:00 [main] DEBUG org.hibernate.type.BasicTypeRegistry -
				Adding type registration java.time.LocalTime -> org.hibernate.type.LocalTimeType@2ae2fa13
2020-12-31 17:14:00 [main] DEBUG org.hibernate.type.BasicTypeRegistry -
				Adding type registration OffsetDateTime -> org.hibernate.type.OffsetDateTimeType@ab2009f
2020-12-31 17:14:00 [main] DEBUG org.hibernate.type.BasicTypeRegistry -
				Adding type registration java.time.OffsetDateTime -> org.hibernate.type.OffsetDateTimeType@ab2009f
2020-12-31 17:14:00 [main] DEBUG org.hibernate.type.BasicTypeRegistry -
				Adding type registration OffsetTime -> org.hibernate.type.OffsetTimeType@13404f75
2020-12-31 17:14:00 [main] DEBUG org.hibernate.type.BasicTypeRegistry -
				Adding type registration java.time.OffsetTime -> org.hibernate.type.OffsetTimeType@13404f75
2020-12-31 17:14:00 [main] DEBUG org.hibernate.type.BasicTypeRegistry -
				Adding type registration ZonedDateTime -> org.hibernate.type.ZonedDateTimeType@62360a68
2020-12-31 17:14:00 [main] DEBUG org.hibernate.type.BasicTypeRegistry -
				Adding type registration java.time.ZonedDateTime -> org.hibernate.type.ZonedDateTimeType@62360a68
2020-12-31 17:14:00 [main] DEBUG org.hibernate.type.BasicTypeRegistry -
				Adding type registration date -> org.hibernate.type.DateType@f5ae29e
2020-12-31 17:14:00 [main] DEBUG org.hibernate.type.BasicTypeRegistry -
				Adding type registration java.sql.Date -> org.hibernate.type.DateType@f5ae29e
2020-12-31 17:14:00 [main] DEBUG org.hibernate.type.BasicTypeRegistry -
				Adding type registration time -> org.hibernate.type.TimeType@2d230cff
2020-12-31 17:14:00 [main] DEBUG org.hibernate.type.BasicTypeRegistry -
				Adding type registration java.sql.Time -> org.hibernate.type.TimeType@2d230cff
2020-12-31 17:14:00 [main] DEBUG org.hibernate.type.BasicTypeRegistry -
				Adding type registration timestamp -> org.hibernate.type.TimestampType@3d59933
2020-12-31 17:14:00 [main] DEBUG org.hibernate.type.BasicTypeRegistry -
				Adding type registration java.sql.Timestamp -> org.hibernate.type.TimestampType@3d59933
2020-12-31 17:14:00 [main] DEBUG org.hibernate.type.BasicTypeRegistry -
				Adding type registration java.util.Date -> org.hibernate.type.TimestampType@3d59933
2020-12-31 17:14:00 [main] DEBUG org.hibernate.type.BasicTypeRegistry -
				Adding type registration dbtimestamp -> org.hibernate.type.DbTimestampType@26a33cf
2020-12-31 17:14:00 [main] DEBUG org.hibernate.type.BasicTypeRegistry -
				Adding type registration calendar -> org.hibernate.type.CalendarType@2591d23a
2020-12-31 17:14:00 [main] DEBUG org.hibernate.type.BasicTypeRegistry -
				Adding type registration java.util.Calendar -> org.hibernate.type.CalendarType@2591d23a
2020-12-31 17:14:00 [main] DEBUG org.hibernate.type.BasicTypeRegistry -
				Adding type registration java.util.GregorianCalendar -> org.hibernate.type.CalendarType@2591d23a
2020-12-31 17:14:00 [main] DEBUG org.hibernate.type.BasicTypeRegistry -
				Adding type registration calendar_date -> org.hibernate.type.CalendarDateType@67f8f5a6
2020-12-31 17:14:00 [main] DEBUG org.hibernate.type.BasicTypeRegistry -
				Adding type registration locale -> org.hibernate.type.LocaleType@7037a680
2020-12-31 17:14:00 [main] DEBUG org.hibernate.type.BasicTypeRegistry -
				Adding type registration java.util.Locale -> org.hibernate.type.LocaleType@7037a680
2020-12-31 17:14:00 [main] DEBUG org.hibernate.type.BasicTypeRegistry -
				Adding type registration currency -> org.hibernate.type.CurrencyType@6339e604
2020-12-31 17:14:00 [main] DEBUG org.hibernate.type.BasicTypeRegistry -
				Adding type registration java.util.Currency -> org.hibernate.type.CurrencyType@6339e604
2020-12-31 17:14:00 [main] DEBUG org.hibernate.type.BasicTypeRegistry -
				Adding type registration timezone -> org.hibernate.type.TimeZoneType@10f8e2d2
2020-12-31 17:14:00 [main] DEBUG org.hibernate.type.BasicTypeRegistry -
				Adding type registration java.util.TimeZone -> org.hibernate.type.TimeZoneType@10f8e2d2
2020-12-31 17:14:00 [main] DEBUG org.hibernate.type.BasicTypeRegistry -
				Adding type registration class -> org.hibernate.type.ClassType@4a58e0e9
2020-12-31 17:14:00 [main] DEBUG org.hibernate.type.BasicTypeRegistry -
				Adding type registration java.lang.Class -> org.hibernate.type.ClassType@4a58e0e9
2020-12-31 17:14:00 [main] DEBUG org.hibernate.type.BasicTypeRegistry -
				Adding type registration uuid-binary -> org.hibernate.type.UUIDBinaryType@13cf5f8a
2020-12-31 17:14:00 [main] DEBUG org.hibernate.type.BasicTypeRegistry -
				Adding type registration java.util.UUID -> org.hibernate.type.UUIDBinaryType@13cf5f8a
2020-12-31 17:14:00 [main] DEBUG org.hibernate.type.BasicTypeRegistry -
				Adding type registration uuid-char -> org.hibernate.type.UUIDCharType@584136c1
2020-12-31 17:14:00 [main] DEBUG org.hibernate.type.BasicTypeRegistry -
				Adding type registration binary -> org.hibernate.type.BinaryType@5dd23809
2020-12-31 17:14:00 [main] DEBUG org.hibernate.type.BasicTypeRegistry -
				Adding type registration byte[] -> org.hibernate.type.BinaryType@5dd23809
2020-12-31 17:14:00 [main] DEBUG org.hibernate.type.BasicTypeRegistry -
				Adding type registration [B -> org.hibernate.type.BinaryType@5dd23809
2020-12-31 17:14:00 [main] DEBUG org.hibernate.type.BasicTypeRegistry -
				Adding type registration wrapper-binary -> org.hibernate.type.WrapperBinaryType@28dacf31
2020-12-31 17:14:00 [main] DEBUG org.hibernate.type.BasicTypeRegistry -
				Adding type registration Byte[] -> org.hibernate.type.WrapperBinaryType@28dacf31
2020-12-31 17:14:00 [main] DEBUG org.hibernate.type.BasicTypeRegistry -
				Adding type registration [Ljava.lang.Byte; -> org.hibernate.type.WrapperBinaryType@28dacf31
2020-12-31 17:14:00 [main] DEBUG org.hibernate.type.BasicTypeRegistry -
				Adding type registration row_version -> org.hibernate.type.RowVersionType@51869ad6
2020-12-31 17:14:00 [main] DEBUG org.hibernate.type.BasicTypeRegistry -
				Adding type registration image -> org.hibernate.type.ImageType@2c15034f
2020-12-31 17:14:00 [main] DEBUG org.hibernate.type.BasicTypeRegistry -
				Adding type registration characters -> org.hibernate.type.CharArrayType@3ff26c9
2020-12-31 17:14:00 [main] DEBUG org.hibernate.type.BasicTypeRegistry -
				Adding type registration char[] -> org.hibernate.type.CharArrayType@3ff26c9
2020-12-31 17:14:00 [main] DEBUG org.hibernate.type.BasicTypeRegistry -
				Adding type registration [C -> org.hibernate.type.CharArrayType@3ff26c9
2020-12-31 17:14:00 [main] DEBUG org.hibernate.type.BasicTypeRegistry -
				Adding type registration wrapper-characters -> org.hibernate.type.CharacterArrayType@5b6cc344
2020-12-31 17:14:00 [main] DEBUG org.hibernate.type.BasicTypeRegistry -
				Adding type registration [Ljava.lang.Character; -> org.hibernate.type.CharacterArrayType@5b6cc344
2020-12-31 17:14:00 [main] DEBUG org.hibernate.type.BasicTypeRegistry -
				Adding type registration Character[] -> org.hibernate.type.CharacterArrayType@5b6cc344
2020-12-31 17:14:00 [main] DEBUG org.hibernate.type.BasicTypeRegistry -
				Adding type registration text -> org.hibernate.type.TextType@62794582
2020-12-31 17:14:00 [main] DEBUG org.hibernate.type.BasicTypeRegistry -
				Adding type registration ntext -> org.hibernate.type.NTextType@5c60c08
2020-12-31 17:14:00 [main] DEBUG org.hibernate.type.BasicTypeRegistry -
				Adding type registration blob -> org.hibernate.type.BlobType@131d977f
2020-12-31 17:14:00 [main] DEBUG org.hibernate.type.BasicTypeRegistry -
				Adding type registration java.sql.Blob -> org.hibernate.type.BlobType@131d977f
2020-12-31 17:14:00 [main] DEBUG org.hibernate.type.BasicTypeRegistry -
				Adding type registration materialized_blob -> org.hibernate.type.MaterializedBlobType@43d6262c
2020-12-31 17:14:00 [main] DEBUG org.hibernate.type.BasicTypeRegistry -
				Adding type registration clob -> org.hibernate.type.ClobType@b56c222
2020-12-31 17:14:00 [main] DEBUG org.hibernate.type.BasicTypeRegistry -
				Adding type registration java.sql.Clob -> org.hibernate.type.ClobType@b56c222
2020-12-31 17:14:00 [main] DEBUG org.hibernate.type.BasicTypeRegistry -
				Adding type registration nclob -> org.hibernate.type.NClobType@67e4928c
2020-12-31 17:14:00 [main] DEBUG org.hibernate.type.BasicTypeRegistry -
				Adding type registration java.sql.NClob -> org.hibernate.type.NClobType@67e4928c
2020-12-31 17:14:00 [main] DEBUG org.hibernate.type.BasicTypeRegistry -
				Adding type registration materialized_clob -> org.hibernate.type.MaterializedClobType@6fbc7853
2020-12-31 17:14:00 [main] DEBUG org.hibernate.type.BasicTypeRegistry -
				Adding type registration materialized_nclob -> org.hibernate.type.MaterializedNClobType@647ff23e
2020-12-31 17:14:00 [main] DEBUG org.hibernate.type.BasicTypeRegistry -
				Adding type registration serializable -> org.hibernate.type.SerializableType@57a982f9
2020-12-31 17:14:00 [main] DEBUG org.hibernate.type.BasicTypeRegistry -
				Adding type registration object -> org.hibernate.type.ObjectType@1c53bd49
2020-12-31 17:14:00 [main] DEBUG org.hibernate.type.BasicTypeRegistry -
				Adding type registration java.lang.Object -> org.hibernate.type.ObjectType@1c53bd49
2020-12-31 17:14:00 [main] DEBUG org.hibernate.type.BasicTypeRegistry -
				Adding type registration imm_date -> org.hibernate.type.AdaptedImmutableType@546f0f36
2020-12-31 17:14:00 [main] DEBUG org.hibernate.type.BasicTypeRegistry -
				Adding type registration imm_time -> org.hibernate.type.AdaptedImmutableType@44d5a0a8
2020-12-31 17:14:00 [main] DEBUG org.hibernate.type.BasicTypeRegistry -
				Adding type registration imm_timestamp -> org.hibernate.type.AdaptedImmutableType@35d128fd
2020-12-31 17:14:00 [main] DEBUG org.hibernate.type.BasicTypeRegistry -
				Adding type registration imm_dbtimestamp -> org.hibernate.type.AdaptedImmutableType@39a809db
2020-12-31 17:14:00 [main] DEBUG org.hibernate.type.BasicTypeRegistry -
				Adding type registration imm_calendar -> org.hibernate.type.AdaptedImmutableType@1512a767
2020-12-31 17:14:00 [main] DEBUG org.hibernate.type.BasicTypeRegistry -
				Adding type registration imm_calendar_date -> org.hibernate.type.AdaptedImmutableType@7c2b858d
2020-12-31 17:14:00 [main] DEBUG org.hibernate.type.BasicTypeRegistry -
				Adding type registration imm_binary -> org.hibernate.type.AdaptedImmutableType@4001dc35
2020-12-31 17:14:00 [main] DEBUG org.hibernate.type.BasicTypeRegistry -
				Adding type registration imm_serializable -> org.hibernate.type.AdaptedImmutableType@399ef33f
2020-12-31 17:14:01 [main] DEBUG o.h.type.spi.TypeConfiguration$Scope -
				Scoping TypeConfiguration [org.hibernate.type.spi.TypeConfiguration@1724c649] to MetadataBuildingContext [org.hibernate.boot.internal.MetadataBuildingContextRootImpl@3d5e1b83]
2020-12-31 17:14:01 [main] DEBUG o.h.type.spi.TypeConfiguration$Scope -
				Scoping TypeConfiguration [org.hibernate.type.spi.TypeConfiguration@1724c649] to SessionFactoryImpl [org.hibernate.internal.SessionFactoryImpl@4df50829]
2020-12-31 17:14:01 [main] TRACE o.h.type.spi.TypeConfiguration$Scope -
				Handling #sessionFactoryCreated from [org.hibernate.internal.SessionFactoryImpl@4df50829] for TypeConfiguration
2020-12-31 17:14:01 [main] DEBUG org.hibernate.SQL -
				select user0_.user_id as user_id1_0_0_, user0_.cpassword as cpasswor2_0_0_, user0_.password as password3_0_0_ from user user0_ where user0_.user_id=?
2020-12-31 17:14:01 [main] TRACE o.h.type.descriptor.sql.BasicBinder -
				binding parameter [1] as [VARCHAR] - [100]
2020-12-31 17:14:01 [main] DEBUG org.hibernate.SQL -
				insert into user (cpassword, password, user_id) values (?, ?, ?)
2020-12-31 17:14:01 [main] TRACE o.h.type.descriptor.sql.BasicBinder -
				binding parameter [1] as [VARCHAR] - [123456]
2020-12-31 17:14:01 [main] TRACE o.h.type.descriptor.sql.BasicBinder -
				binding parameter [2] as [VARCHAR] - [123456]
2020-12-31 17:14:01 [main] TRACE o.h.type.descriptor.sql.BasicBinder -
				binding parameter [3] as [VARCHAR] - [100]
2020-12-31 17:14:01 [main] DEBUG org.hibernate.SQL -
				select user0_.user_id as user_id1_0_, user0_.cpassword as cpasswor2_0_, user0_.password as password3_0_ from user user0_
2020-12-31 17:14:01 [main] TRACE o.h.t.descriptor.sql.BasicExtractor -
				extracted value ([user_id1_0_] : [VARCHAR]) - [100]
2020-12-31 17:14:01 [main] TRACE o.h.t.descriptor.sql.BasicExtractor -
				extracted value ([user_id1_0_] : [VARCHAR]) - [mehersk]
2020-12-31 17:14:01 [main] TRACE o.h.t.descriptor.sql.BasicExtractor -
				extracted value ([cpasswor2_0_] : [VARCHAR]) - [Meher@123]
2020-12-31 17:14:01 [main] TRACE o.h.t.descriptor.sql.BasicExtractor -
				extracted value ([password3_0_] : [VARCHAR]) - [Meher@123]
2020-12-31 17:14:02 [main] DEBUG org.hibernate.SQL -
				select user0_.user_id as user_id1_0_0_, user0_.cpassword as cpasswor2_0_0_, user0_.password as password3_0_0_ from user user0_ where user0_.user_id=?
2020-12-31 17:14:02 [main] TRACE o.h.type.descriptor.sql.BasicBinder -
				binding parameter [1] as [VARCHAR] - [100]
2020-12-31 17:14:02 [main] DEBUG org.hibernate.SQL -
				insert into user (cpassword, password, user_id) values (?, ?, ?)
2020-12-31 17:14:02 [main] TRACE o.h.type.descriptor.sql.BasicBinder -
				binding parameter [1] as [VARCHAR] - [123456]
2020-12-31 17:14:02 [main] TRACE o.h.type.descriptor.sql.BasicBinder -
				binding parameter [2] as [VARCHAR] - [123456]
2020-12-31 17:14:02 [main] TRACE o.h.type.descriptor.sql.BasicBinder -
				binding parameter [3] as [VARCHAR] - [100]
2020-12-31 17:14:02 [main] DEBUG org.hibernate.SQL -
				select user0_.user_id as user_id1_0_, user0_.cpassword as cpasswor2_0_, user0_.password as password3_0_ from user user0_
2020-12-31 17:14:02 [main] TRACE o.h.t.descriptor.sql.BasicExtractor -
				extracted value ([user_id1_0_] : [VARCHAR]) - [100]
2020-12-31 17:14:02 [main] TRACE o.h.t.descriptor.sql.BasicExtractor -
				extracted value ([user_id1_0_] : [VARCHAR]) - [mehersk]
2020-12-31 17:14:02 [main] TRACE o.h.t.descriptor.sql.BasicExtractor -
				extracted value ([cpasswor2_0_] : [VARCHAR]) - [Meher@123]
2020-12-31 17:14:02 [main] TRACE o.h.t.descriptor.sql.BasicExtractor -
				extracted value ([password3_0_] : [VARCHAR]) - [Meher@123]
2020-12-31 17:14:02 [SpringContextShutdownHook] TRACE o.h.type.spi.TypeConfiguration$Scope -
				Handling #sessionFactoryClosed from [org.hibernate.internal.SessionFactoryImpl@4df50829] for TypeConfiguration
2020-12-31 17:14:02 [SpringContextShutdownHook] DEBUG o.h.type.spi.TypeConfiguration$Scope -
				Un-scoping TypeConfiguration [org.hibernate.type.spi.TypeConfiguration$Scope@4d68a204] from SessionFactory [org.hibernate.internal.SessionFactoryImpl@4df50829]
2020-12-31 17:14:02 [SpringContextShutdownHook] TRACE o.h.type.spi.TypeConfiguration$Scope -
				Handling #sessionFactoryClosed from [org.hibernate.internal.SessionFactoryImpl@106a6420] for TypeConfiguration
2020-12-31 17:14:02 [SpringContextShutdownHook] DEBUG o.h.type.spi.TypeConfiguration$Scope -
				Un-scoping TypeConfiguration [org.hibernate.type.spi.TypeConfiguration$Scope@248938bc] from SessionFactory [org.hibernate.internal.SessionFactoryImpl@106a6420]
2020-12-31 17:14:02 [SpringContextShutdownHook] TRACE o.h.type.spi.TypeConfiguration$Scope -
				Handling #sessionFactoryClosed from [org.hibernate.internal.SessionFactoryImpl@42c55978] for TypeConfiguration
2020-12-31 17:14:02 [SpringContextShutdownHook] DEBUG o.h.type.spi.TypeConfiguration$Scope -
				Un-scoping TypeConfiguration [org.hibernate.type.spi.TypeConfiguration$Scope@625175d7] from SessionFactory [org.hibernate.internal.SessionFactoryImpl@42c55978]
