2020-12-20 14:53:57 [main] DEBUG org.hibernate.type.BasicTypeRegistry -
				Adding type registration boolean -> org.hibernate.type.BooleanType@7b52b18a
2020-12-20 14:53:57 [main] DEBUG org.hibernate.type.BasicTypeRegistry -
				Adding type registration boolean -> org.hibernate.type.BooleanType@7b52b18a
2020-12-20 14:53:57 [main] DEBUG org.hibernate.type.BasicTypeRegistry -
				Adding type registration java.lang.Boolean -> org.hibernate.type.BooleanType@7b52b18a
2020-12-20 14:53:57 [main] DEBUG org.hibernate.type.BasicTypeRegistry -
				Adding type registration numeric_boolean -> org.hibernate.type.NumericBooleanType@7884f722
2020-12-20 14:53:57 [main] DEBUG org.hibernate.type.BasicTypeRegistry -
				Adding type registration true_false -> org.hibernate.type.TrueFalseType@1a139347
2020-12-20 14:53:57 [main] DEBUG org.hibernate.type.BasicTypeRegistry -
				Adding type registration yes_no -> org.hibernate.type.YesNoType@73dbe25
2020-12-20 14:53:57 [main] DEBUG org.hibernate.type.BasicTypeRegistry -
				Adding type registration byte -> org.hibernate.type.ByteType@2dc3ece8
2020-12-20 14:53:57 [main] DEBUG org.hibernate.type.BasicTypeRegistry -
				Adding type registration byte -> org.hibernate.type.ByteType@2dc3ece8
2020-12-20 14:53:57 [main] DEBUG org.hibernate.type.BasicTypeRegistry -
				Adding type registration java.lang.Byte -> org.hibernate.type.ByteType@2dc3ece8
2020-12-20 14:53:57 [main] DEBUG org.hibernate.type.BasicTypeRegistry -
				Adding type registration character -> org.hibernate.type.CharacterType@559e3f67
2020-12-20 14:53:57 [main] DEBUG org.hibernate.type.BasicTypeRegistry -
				Adding type registration char -> org.hibernate.type.CharacterType@559e3f67
2020-12-20 14:53:57 [main] DEBUG org.hibernate.type.BasicTypeRegistry -
				Adding type registration java.lang.Character -> org.hibernate.type.CharacterType@559e3f67
2020-12-20 14:53:57 [main] DEBUG org.hibernate.type.BasicTypeRegistry -
				Adding type registration short -> org.hibernate.type.ShortType@492c9892
2020-12-20 14:53:57 [main] DEBUG org.hibernate.type.BasicTypeRegistry -
				Adding type registration short -> org.hibernate.type.ShortType@492c9892
2020-12-20 14:53:57 [main] DEBUG org.hibernate.type.BasicTypeRegistry -
				Adding type registration java.lang.Short -> org.hibernate.type.ShortType@492c9892
2020-12-20 14:53:57 [main] DEBUG org.hibernate.type.BasicTypeRegistry -
				Adding type registration integer -> org.hibernate.type.IntegerType@55b62db8
2020-12-20 14:53:57 [main] DEBUG org.hibernate.type.BasicTypeRegistry -
				Adding type registration int -> org.hibernate.type.IntegerType@55b62db8
2020-12-20 14:53:57 [main] DEBUG org.hibernate.type.BasicTypeRegistry -
				Adding type registration java.lang.Integer -> org.hibernate.type.IntegerType@55b62db8
2020-12-20 14:53:57 [main] DEBUG org.hibernate.type.BasicTypeRegistry -
				Adding type registration long -> org.hibernate.type.LongType@79295932
2020-12-20 14:53:57 [main] DEBUG org.hibernate.type.BasicTypeRegistry -
				Adding type registration long -> org.hibernate.type.LongType@79295932
2020-12-20 14:53:57 [main] DEBUG org.hibernate.type.BasicTypeRegistry -
				Adding type registration java.lang.Long -> org.hibernate.type.LongType@79295932
2020-12-20 14:53:57 [main] DEBUG org.hibernate.type.BasicTypeRegistry -
				Adding type registration float -> org.hibernate.type.FloatType@76dc36e5
2020-12-20 14:53:57 [main] DEBUG org.hibernate.type.BasicTypeRegistry -
				Adding type registration float -> org.hibernate.type.FloatType@76dc36e5
2020-12-20 14:53:57 [main] DEBUG org.hibernate.type.BasicTypeRegistry -
				Adding type registration java.lang.Float -> org.hibernate.type.FloatType@76dc36e5
2020-12-20 14:53:57 [main] DEBUG org.hibernate.type.BasicTypeRegistry -
				Adding type registration double -> org.hibernate.type.DoubleType@b788dc2
2020-12-20 14:53:57 [main] DEBUG org.hibernate.type.BasicTypeRegistry -
				Adding type registration double -> org.hibernate.type.DoubleType@b788dc2
2020-12-20 14:53:57 [main] DEBUG org.hibernate.type.BasicTypeRegistry -
				Adding type registration java.lang.Double -> org.hibernate.type.DoubleType@b788dc2
2020-12-20 14:53:57 [main] DEBUG org.hibernate.type.BasicTypeRegistry -
				Adding type registration big_decimal -> org.hibernate.type.BigDecimalType@29699283
2020-12-20 14:53:57 [main] DEBUG org.hibernate.type.BasicTypeRegistry -
				Adding type registration java.math.BigDecimal -> org.hibernate.type.BigDecimalType@29699283
2020-12-20 14:53:57 [main] DEBUG org.hibernate.type.BasicTypeRegistry -
				Adding type registration big_integer -> org.hibernate.type.BigIntegerType@2b6b487c
2020-12-20 14:53:57 [main] DEBUG org.hibernate.type.BasicTypeRegistry -
				Adding type registration java.math.BigInteger -> org.hibernate.type.BigIntegerType@2b6b487c
2020-12-20 14:53:57 [main] DEBUG org.hibernate.type.BasicTypeRegistry -
				Adding type registration string -> org.hibernate.type.StringType@56c6d515
2020-12-20 14:53:57 [main] DEBUG org.hibernate.type.BasicTypeRegistry -
				Adding type registration java.lang.String -> org.hibernate.type.StringType@56c6d515
2020-12-20 14:53:57 [main] DEBUG org.hibernate.type.BasicTypeRegistry -
				Adding type registration nstring -> org.hibernate.type.StringNVarcharType@5c41b8d8
2020-12-20 14:53:57 [main] DEBUG org.hibernate.type.BasicTypeRegistry -
				Adding type registration ncharacter -> org.hibernate.type.CharacterNCharType@4fafd27e
2020-12-20 14:53:57 [main] DEBUG org.hibernate.type.BasicTypeRegistry -
				Adding type registration url -> org.hibernate.type.UrlType@1ff542a3
2020-12-20 14:53:57 [main] DEBUG org.hibernate.type.BasicTypeRegistry -
				Adding type registration java.net.URL -> org.hibernate.type.UrlType@1ff542a3
2020-12-20 14:53:57 [main] DEBUG org.hibernate.type.BasicTypeRegistry -
				Adding type registration Duration -> org.hibernate.type.DurationType@1d9af731
2020-12-20 14:53:57 [main] DEBUG org.hibernate.type.BasicTypeRegistry -
				Adding type registration java.time.Duration -> org.hibernate.type.DurationType@1d9af731
2020-12-20 14:53:57 [main] DEBUG org.hibernate.type.BasicTypeRegistry -
				Adding type registration Instant -> org.hibernate.type.InstantType@70ecf57b
2020-12-20 14:53:57 [main] DEBUG org.hibernate.type.BasicTypeRegistry -
				Adding type registration java.time.Instant -> org.hibernate.type.InstantType@70ecf57b
2020-12-20 14:53:57 [main] DEBUG org.hibernate.type.BasicTypeRegistry -
				Adding type registration LocalDateTime -> org.hibernate.type.LocalDateTimeType@69bc4024
2020-12-20 14:53:57 [main] DEBUG org.hibernate.type.BasicTypeRegistry -
				Adding type registration java.time.LocalDateTime -> org.hibernate.type.LocalDateTimeType@69bc4024
2020-12-20 14:53:57 [main] DEBUG org.hibernate.type.BasicTypeRegistry -
				Adding type registration LocalDate -> org.hibernate.type.LocalDateType@569a26ab
2020-12-20 14:53:57 [main] DEBUG org.hibernate.type.BasicTypeRegistry -
				Adding type registration java.time.LocalDate -> org.hibernate.type.LocalDateType@569a26ab
2020-12-20 14:53:57 [main] DEBUG org.hibernate.type.BasicTypeRegistry -
				Adding type registration LocalTime -> org.hibernate.type.LocalTimeType@22361e23
2020-12-20 14:53:57 [main] DEBUG org.hibernate.type.BasicTypeRegistry -
				Adding type registration java.time.LocalTime -> org.hibernate.type.LocalTimeType@22361e23
2020-12-20 14:53:57 [main] DEBUG org.hibernate.type.BasicTypeRegistry -
				Adding type registration OffsetDateTime -> org.hibernate.type.OffsetDateTimeType@5855b0ed
2020-12-20 14:53:57 [main] DEBUG org.hibernate.type.BasicTypeRegistry -
				Adding type registration java.time.OffsetDateTime -> org.hibernate.type.OffsetDateTimeType@5855b0ed
2020-12-20 14:53:57 [main] DEBUG org.hibernate.type.BasicTypeRegistry -
				Adding type registration OffsetTime -> org.hibernate.type.OffsetTimeType@51cca357
2020-12-20 14:53:57 [main] DEBUG org.hibernate.type.BasicTypeRegistry -
				Adding type registration java.time.OffsetTime -> org.hibernate.type.OffsetTimeType@51cca357
2020-12-20 14:53:57 [main] DEBUG org.hibernate.type.BasicTypeRegistry -
				Adding type registration ZonedDateTime -> org.hibernate.type.ZonedDateTimeType@11295cb1
2020-12-20 14:53:57 [main] DEBUG org.hibernate.type.BasicTypeRegistry -
				Adding type registration java.time.ZonedDateTime -> org.hibernate.type.ZonedDateTimeType@11295cb1
2020-12-20 14:53:57 [main] DEBUG org.hibernate.type.BasicTypeRegistry -
				Adding type registration date -> org.hibernate.type.DateType@1dd44289
2020-12-20 14:53:57 [main] DEBUG org.hibernate.type.BasicTypeRegistry -
				Adding type registration java.sql.Date -> org.hibernate.type.DateType@1dd44289
2020-12-20 14:53:57 [main] DEBUG org.hibernate.type.BasicTypeRegistry -
				Adding type registration time -> org.hibernate.type.TimeType@5e7cd0df
2020-12-20 14:53:57 [main] DEBUG org.hibernate.type.BasicTypeRegistry -
				Adding type registration java.sql.Time -> org.hibernate.type.TimeType@5e7cd0df
2020-12-20 14:53:57 [main] DEBUG org.hibernate.type.BasicTypeRegistry -
				Adding type registration timestamp -> org.hibernate.type.TimestampType@5599dc60
2020-12-20 14:53:57 [main] DEBUG org.hibernate.type.BasicTypeRegistry -
				Adding type registration java.sql.Timestamp -> org.hibernate.type.TimestampType@5599dc60
2020-12-20 14:53:57 [main] DEBUG org.hibernate.type.BasicTypeRegistry -
				Adding type registration java.util.Date -> org.hibernate.type.TimestampType@5599dc60
2020-12-20 14:53:57 [main] DEBUG org.hibernate.type.BasicTypeRegistry -
				Adding type registration dbtimestamp -> org.hibernate.type.DbTimestampType@6fa2a006
2020-12-20 14:53:57 [main] DEBUG org.hibernate.type.BasicTypeRegistry -
				Adding type registration calendar -> org.hibernate.type.CalendarType@6fe2a366
2020-12-20 14:53:57 [main] DEBUG org.hibernate.type.BasicTypeRegistry -
				Adding type registration java.util.Calendar -> org.hibernate.type.CalendarType@6fe2a366
2020-12-20 14:53:57 [main] DEBUG org.hibernate.type.BasicTypeRegistry -
				Adding type registration java.util.GregorianCalendar -> org.hibernate.type.CalendarType@6fe2a366
2020-12-20 14:53:57 [main] DEBUG org.hibernate.type.BasicTypeRegistry -
				Adding type registration calendar_date -> org.hibernate.type.CalendarDateType@5c79c5ec
2020-12-20 14:53:57 [main] DEBUG org.hibernate.type.BasicTypeRegistry -
				Adding type registration locale -> org.hibernate.type.LocaleType@11d1735e
2020-12-20 14:53:57 [main] DEBUG org.hibernate.type.BasicTypeRegistry -
				Adding type registration java.util.Locale -> org.hibernate.type.LocaleType@11d1735e
2020-12-20 14:53:57 [main] DEBUG org.hibernate.type.BasicTypeRegistry -
				Adding type registration currency -> org.hibernate.type.CurrencyType@1115be8c
2020-12-20 14:53:57 [main] DEBUG org.hibernate.type.BasicTypeRegistry -
				Adding type registration java.util.Currency -> org.hibernate.type.CurrencyType@1115be8c
2020-12-20 14:53:57 [main] DEBUG org.hibernate.type.BasicTypeRegistry -
				Adding type registration timezone -> org.hibernate.type.TimeZoneType@25589735
2020-12-20 14:53:57 [main] DEBUG org.hibernate.type.BasicTypeRegistry -
				Adding type registration java.util.TimeZone -> org.hibernate.type.TimeZoneType@25589735
2020-12-20 14:53:57 [main] DEBUG org.hibernate.type.BasicTypeRegistry -
				Adding type registration class -> org.hibernate.type.ClassType@14239223
2020-12-20 14:53:57 [main] DEBUG org.hibernate.type.BasicTypeRegistry -
				Adding type registration java.lang.Class -> org.hibernate.type.ClassType@14239223
2020-12-20 14:53:57 [main] DEBUG org.hibernate.type.BasicTypeRegistry -
				Adding type registration uuid-binary -> org.hibernate.type.UUIDBinaryType@79d14037
2020-12-20 14:53:57 [main] DEBUG org.hibernate.type.BasicTypeRegistry -
				Adding type registration java.util.UUID -> org.hibernate.type.UUIDBinaryType@79d14037
2020-12-20 14:53:57 [main] DEBUG org.hibernate.type.BasicTypeRegistry -
				Adding type registration uuid-char -> org.hibernate.type.UUIDCharType@5dacf18d
2020-12-20 14:53:57 [main] DEBUG org.hibernate.type.BasicTypeRegistry -
				Adding type registration binary -> org.hibernate.type.BinaryType@a1cb94
2020-12-20 14:53:57 [main] DEBUG org.hibernate.type.BasicTypeRegistry -
				Adding type registration byte[] -> org.hibernate.type.BinaryType@a1cb94
2020-12-20 14:53:57 [main] DEBUG org.hibernate.type.BasicTypeRegistry -
				Adding type registration [B -> org.hibernate.type.BinaryType@a1cb94
2020-12-20 14:53:57 [main] DEBUG org.hibernate.type.BasicTypeRegistry -
				Adding type registration wrapper-binary -> org.hibernate.type.WrapperBinaryType@156ff70f
2020-12-20 14:53:57 [main] DEBUG org.hibernate.type.BasicTypeRegistry -
				Adding type registration Byte[] -> org.hibernate.type.WrapperBinaryType@156ff70f
2020-12-20 14:53:57 [main] DEBUG org.hibernate.type.BasicTypeRegistry -
				Adding type registration [Ljava.lang.Byte; -> org.hibernate.type.WrapperBinaryType@156ff70f
2020-12-20 14:53:57 [main] DEBUG org.hibernate.type.BasicTypeRegistry -
				Adding type registration row_version -> org.hibernate.type.RowVersionType@2c7375da
2020-12-20 14:53:57 [main] DEBUG org.hibernate.type.BasicTypeRegistry -
				Adding type registration image -> org.hibernate.type.ImageType@305881b8
2020-12-20 14:53:57 [main] DEBUG org.hibernate.type.BasicTypeRegistry -
				Adding type registration characters -> org.hibernate.type.CharArrayType@72f35a31
2020-12-20 14:53:57 [main] DEBUG org.hibernate.type.BasicTypeRegistry -
				Adding type registration char[] -> org.hibernate.type.CharArrayType@72f35a31
2020-12-20 14:53:57 [main] DEBUG org.hibernate.type.BasicTypeRegistry -
				Adding type registration [C -> org.hibernate.type.CharArrayType@72f35a31
2020-12-20 14:53:57 [main] DEBUG org.hibernate.type.BasicTypeRegistry -
				Adding type registration wrapper-characters -> org.hibernate.type.CharacterArrayType@4377ed24
2020-12-20 14:53:57 [main] DEBUG org.hibernate.type.BasicTypeRegistry -
				Adding type registration [Ljava.lang.Character; -> org.hibernate.type.CharacterArrayType@4377ed24
2020-12-20 14:53:57 [main] DEBUG org.hibernate.type.BasicTypeRegistry -
				Adding type registration Character[] -> org.hibernate.type.CharacterArrayType@4377ed24
2020-12-20 14:53:57 [main] DEBUG org.hibernate.type.BasicTypeRegistry -
				Adding type registration text -> org.hibernate.type.TextType@720c8f80
2020-12-20 14:53:57 [main] DEBUG org.hibernate.type.BasicTypeRegistry -
				Adding type registration ntext -> org.hibernate.type.NTextType@1d556461
2020-12-20 14:53:57 [main] DEBUG org.hibernate.type.BasicTypeRegistry -
				Adding type registration blob -> org.hibernate.type.BlobType@45dc7be
2020-12-20 14:53:57 [main] DEBUG org.hibernate.type.BasicTypeRegistry -
				Adding type registration java.sql.Blob -> org.hibernate.type.BlobType@45dc7be
2020-12-20 14:53:57 [main] DEBUG org.hibernate.type.BasicTypeRegistry -
				Adding type registration materialized_blob -> org.hibernate.type.MaterializedBlobType@27ec0d06
2020-12-20 14:53:57 [main] DEBUG org.hibernate.type.BasicTypeRegistry -
				Adding type registration clob -> org.hibernate.type.ClobType@7be3abaa
2020-12-20 14:53:57 [main] DEBUG org.hibernate.type.BasicTypeRegistry -
				Adding type registration java.sql.Clob -> org.hibernate.type.ClobType@7be3abaa
2020-12-20 14:53:57 [main] DEBUG org.hibernate.type.BasicTypeRegistry -
				Adding type registration nclob -> org.hibernate.type.NClobType@1607d391
2020-12-20 14:53:57 [main] DEBUG org.hibernate.type.BasicTypeRegistry -
				Adding type registration java.sql.NClob -> org.hibernate.type.NClobType@1607d391
2020-12-20 14:53:57 [main] DEBUG org.hibernate.type.BasicTypeRegistry -
				Adding type registration materialized_clob -> org.hibernate.type.MaterializedClobType@511d5e6e
2020-12-20 14:53:57 [main] DEBUG org.hibernate.type.BasicTypeRegistry -
				Adding type registration materialized_nclob -> org.hibernate.type.MaterializedNClobType@18e8eb59
2020-12-20 14:53:57 [main] DEBUG org.hibernate.type.BasicTypeRegistry -
				Adding type registration serializable -> org.hibernate.type.SerializableType@5d22604e
2020-12-20 14:53:57 [main] DEBUG org.hibernate.type.BasicTypeRegistry -
				Adding type registration object -> org.hibernate.type.ObjectType@430aae8e
2020-12-20 14:53:57 [main] DEBUG org.hibernate.type.BasicTypeRegistry -
				Adding type registration java.lang.Object -> org.hibernate.type.ObjectType@430aae8e
2020-12-20 14:53:57 [main] DEBUG org.hibernate.type.BasicTypeRegistry -
				Adding type registration imm_date -> org.hibernate.type.AdaptedImmutableType@4882b9a
2020-12-20 14:53:57 [main] DEBUG org.hibernate.type.BasicTypeRegistry -
				Adding type registration imm_time -> org.hibernate.type.AdaptedImmutableType@7ec508e6
2020-12-20 14:53:57 [main] DEBUG org.hibernate.type.BasicTypeRegistry -
				Adding type registration imm_timestamp -> org.hibernate.type.AdaptedImmutableType@26d8908e
2020-12-20 14:53:57 [main] DEBUG org.hibernate.type.BasicTypeRegistry -
				Adding type registration imm_dbtimestamp -> org.hibernate.type.AdaptedImmutableType@30e2016a
2020-12-20 14:53:57 [main] DEBUG org.hibernate.type.BasicTypeRegistry -
				Adding type registration imm_calendar -> org.hibernate.type.AdaptedImmutableType@75f32817
2020-12-20 14:53:57 [main] DEBUG org.hibernate.type.BasicTypeRegistry -
				Adding type registration imm_calendar_date -> org.hibernate.type.AdaptedImmutableType@23a78c77
2020-12-20 14:53:57 [main] DEBUG org.hibernate.type.BasicTypeRegistry -
				Adding type registration imm_binary -> org.hibernate.type.AdaptedImmutableType@4119346d
2020-12-20 14:53:57 [main] DEBUG org.hibernate.type.BasicTypeRegistry -
				Adding type registration imm_serializable -> org.hibernate.type.AdaptedImmutableType@61d09475
2020-12-20 14:53:57 [main] DEBUG o.h.type.spi.TypeConfiguration$Scope -
				Scoping TypeConfiguration [org.hibernate.type.spi.TypeConfiguration@20be793a] to MetadataBuildingContext [org.hibernate.boot.internal.MetadataBuildingContextRootImpl@2a4cb8ae]
2020-12-20 14:53:58 [main] DEBUG o.h.type.spi.TypeConfiguration$Scope -
				Scoping TypeConfiguration [org.hibernate.type.spi.TypeConfiguration@20be793a] to SessionFactoryImpl [org.hibernate.internal.SessionFactoryImpl@3f5ac587]
2020-12-20 14:53:58 [main] TRACE o.h.type.spi.TypeConfiguration$Scope -
				Handling #sessionFactoryCreated from [org.hibernate.internal.SessionFactoryImpl@3f5ac587] for TypeConfiguration
2020-12-20 14:53:59 [main] WARN  o.s.b.a.o.j.JpaBaseConfiguration$JpaWebConfiguration -
				spring.jpa.open-in-view is enabled by default. Therefore, database queries may be performed during view rendering. Explicitly configure spring.jpa.open-in-view to disable this warning
2020-12-20 14:53:59 [main] WARN  c.n.c.sources.URLConfigurationSource -
				No URLs will be polled as dynamic configuration sources.
2020-12-20 14:53:59 [main] WARN  c.n.c.sources.URLConfigurationSource -
				No URLs will be polled as dynamic configuration sources.
2020-12-20 14:54:03 [main] WARN  o.s.c.l.c.BlockingLoadBalancerClientAutoConfiguration$BlockingLoadBalancerClientRibbonWarnLogger -
				You already have RibbonLoadBalancerClient on your classpath. It will be used by default. As Spring Cloud Ribbon is in maintenance mode. We recommend switching to BlockingLoadBalancerClient instead. In order to use it, set the value of `spring.cloud.loadbalancer.ribbon.enabled` to `false` or remove spring-cloud-starter-netflix-ribbon from your project.
