2021-01-05 11:26:43 [background-preinit] INFO  o.h.validator.internal.util.Version -
				HV000001: Hibernate Validator 6.1.6.Final
2021-01-05 11:26:43 [main] INFO  c.s.u.UserProfileServiceApplication -
				Starting UserProfileServiceApplication using Java 15 on DESKTOP-57R2BJ5 with PID 3356 (C:\Users\meher\Documents\Challenges\backend\UserProfileService\target\classes started by meher in C:\Users\meher\Documents\Challenges\backend)
2021-01-05 11:26:43 [main] INFO  c.s.u.UserProfileServiceApplication -
				No active profile set, falling back to default profiles: default
2021-01-05 11:26:46 [main] INFO  o.s.d.r.c.RepositoryConfigurationDelegate -
				Bootstrapping Spring Data MongoDB repositories in DEFAULT mode.
2021-01-05 11:26:46 [main] INFO  o.s.d.r.c.RepositoryConfigurationDelegate -
				Finished Spring Data repository scanning in 328 ms. Found 1 MongoDB repository interfaces.
2021-01-05 11:26:46 [main] INFO  o.s.cloud.context.scope.GenericScope -
				BeanFactory id=0c1bb49d-df38-36d9-a896-1848980df26a
2021-01-05 11:26:48 [main] INFO  o.s.b.w.e.tomcat.TomcatWebServer -
				Tomcat initialized with port(s): 8084 (http)
2021-01-05 11:26:48 [main] INFO  o.a.coyote.http11.Http11NioProtocol -
				Initializing ProtocolHandler ["http-nio-8084"]
2021-01-05 11:26:48 [main] INFO  o.a.catalina.core.StandardService -
				Starting service [Tomcat]
2021-01-05 11:26:48 [main] INFO  o.a.catalina.core.StandardEngine -
				Starting Servlet engine: [Apache Tomcat/9.0.41]
2021-01-05 11:26:48 [main] INFO  o.a.c.c.C.[Tomcat].[localhost].[/] -
				Initializing Spring embedded WebApplicationContext
2021-01-05 11:26:48 [main] INFO  o.s.b.w.s.c.ServletWebServerApplicationContext -
				Root WebApplicationContext: initialization completed in 4464 ms
2021-01-05 11:26:49 [main] INFO  org.mongodb.driver.cluster -
				Cluster created with settings {hosts=[localhost:27017], mode=SINGLE, requiredClusterType=UNKNOWN, serverSelectionTimeout='30000 ms'}
2021-01-05 11:26:49 [cluster-rtt-ClusterId{value='5ff3ffa16679462411554318', description='null'}-localhost:27017] INFO  org.mongodb.driver.connection -
				Opened connection [connectionId{localValue:2, serverValue:9}] to localhost:27017
2021-01-05 11:26:49 [cluster-ClusterId{value='5ff3ffa16679462411554318', description='null'}-localhost:27017] INFO  org.mongodb.driver.connection -
				Opened connection [connectionId{localValue:1, serverValue:10}] to localhost:27017
2021-01-05 11:26:49 [cluster-ClusterId{value='5ff3ffa16679462411554318', description='null'}-localhost:27017] INFO  org.mongodb.driver.cluster -
				Monitor thread successfully connected to server with description ServerDescription{address=localhost:27017, type=STANDALONE, state=CONNECTED, ok=true, minWireVersion=0, maxWireVersion=9, maxDocumentSize=16777216, logicalSessionTimeoutMinutes=30, roundTripTimeNanos=51594300}
2021-01-05 11:26:49 [main] WARN  o.s.data.convert.CustomConversions -
				Registering converter from class java.time.LocalDateTime to class org.joda.time.LocalDateTime as reading converter although it doesn't convert from a store-supported type! You might want to check your annotation setup at the converter implementation.
2021-01-05 11:26:49 [main] WARN  o.s.data.convert.CustomConversions -
				Registering converter from class java.time.LocalDateTime to class org.joda.time.LocalDateTime as reading converter although it doesn't convert from a store-supported type! You might want to check your annotation setup at the converter implementation.
2021-01-05 11:26:51 [main] INFO  s.d.s.w.PropertySourcedRequestMappingHandlerMapping -
				Mapped URL path [/v2/api-docs] onto method [springfox.documentation.swagger2.web.Swagger2Controller#getDocumentation(String, HttpServletRequest)]
2021-01-05 11:26:51 [main] INFO  o.s.s.c.ThreadPoolTaskExecutor -
				Initializing ExecutorService 'applicationTaskExecutor'
2021-01-05 11:26:53 [main] INFO  o.s.cloud.commons.util.InetUtils -
				Cannot determine local hostname
2021-01-05 11:26:53 [main] INFO  o.s.c.n.e.c.DiscoveryClientOptionalArgsConfiguration -
				Eureka HTTP Client uses RestTemplate.
2021-01-05 11:26:54 [main] INFO  o.s.cloud.commons.util.InetUtils -
				Cannot determine local hostname
2021-01-05 11:26:54 [main] WARN  o.s.c.l.c.LoadBalancerCacheAutoConfiguration$LoadBalancerCaffeineWarnLogger -
				Spring Cloud LoadBalancer is currently working with the default cache. You can switch to using Caffeine cache, by adding it to the classpath.
2021-01-05 11:26:54 [main] INFO  o.s.c.n.eureka.InstanceInfoFactory -
				Setting initial instance status as: STARTING
2021-01-05 11:26:55 [main] INFO  c.netflix.discovery.DiscoveryClient -
				Initializing Eureka in region us-east-1
2021-01-05 11:26:55 [main] INFO  c.n.d.s.r.aws.ConfigClusterResolver -
				Resolving eureka endpoints via configuration
2021-01-05 11:26:55 [main] INFO  c.netflix.discovery.DiscoveryClient -
				Disable delta property : false
2021-01-05 11:26:55 [main] INFO  c.netflix.discovery.DiscoveryClient -
				Single vip registry refresh property : null
2021-01-05 11:26:55 [main] INFO  c.netflix.discovery.DiscoveryClient -
				Force full registry fetch : false
2021-01-05 11:26:55 [main] INFO  c.netflix.discovery.DiscoveryClient -
				Application is null : false
2021-01-05 11:26:55 [main] INFO  c.netflix.discovery.DiscoveryClient -
				Registered Applications size is zero : true
2021-01-05 11:26:55 [main] INFO  c.netflix.discovery.DiscoveryClient -
				Application version is -1: true
2021-01-05 11:26:55 [main] INFO  c.netflix.discovery.DiscoveryClient -
				Getting all instance registry info from the eureka server
2021-01-05 11:26:55 [main] INFO  c.netflix.discovery.DiscoveryClient -
				The response status is 200
2021-01-05 11:26:55 [main] INFO  c.netflix.discovery.DiscoveryClient -
				Starting heartbeat executor: renew interval is: 30
2021-01-05 11:26:55 [main] INFO  c.n.discovery.InstanceInfoReplicator -
				InstanceInfoReplicator onDemand update allowed rate per min is 4
2021-01-05 11:26:55 [main] INFO  c.netflix.discovery.DiscoveryClient -
				Discovery Client initialized at timestamp 1609826215540 with initial instances count: 1
2021-01-05 11:26:55 [main] INFO  o.s.c.n.e.s.EurekaServiceRegistry -
				Registering application USERPROFILE-SERVICE with eureka with status UP
2021-01-05 11:26:55 [main] INFO  c.netflix.discovery.DiscoveryClient -
				Saw local status change event StatusChangeEvent [timestamp=1609826215548, current=UP, previous=STARTING]
2021-01-05 11:26:55 [main] INFO  o.a.coyote.http11.Http11NioProtocol -
				Starting ProtocolHandler ["http-nio-8084"]
2021-01-05 11:26:55 [DiscoveryClient-InstanceInfoReplicator-0] INFO  c.netflix.discovery.DiscoveryClient -
				DiscoveryClient_USERPROFILE-SERVICE/localhost:userprofile-service:8084: registering service...
2021-01-05 11:26:55 [main] INFO  o.s.b.w.e.tomcat.TomcatWebServer -
				Tomcat started on port(s): 8084 (http) with context path ''
2021-01-05 11:26:55 [main] INFO  o.s.c.n.e.s.EurekaAutoServiceRegistration -
				Updating port to 8084
2021-01-05 11:26:55 [DiscoveryClient-InstanceInfoReplicator-0] INFO  c.netflix.discovery.DiscoveryClient -
				DiscoveryClient_USERPROFILE-SERVICE/localhost:userprofile-service:8084 - registration status: 204
2021-01-05 11:26:57 [main] INFO  o.s.cloud.commons.util.InetUtils -
				Cannot determine local hostname
2021-01-05 11:26:57 [main] INFO  s.d.s.w.p.DocumentationPluginsBootstrapper -
				Context refreshed
2021-01-05 11:26:57 [main] INFO  s.d.s.w.p.DocumentationPluginsBootstrapper -
				Found 1 custom documentation plugin(s)
2021-01-05 11:26:57 [main] INFO  s.d.s.w.s.ApiListingReferenceScanner -
				Scanning for api listing references
2021-01-05 11:26:57 [main] INFO  c.s.u.UserProfileServiceApplication -
				Started UserProfileServiceApplication in 16.213 seconds (JVM running for 17.978)
2021-01-05 11:27:48 [http-nio-8084-exec-1] INFO  o.a.c.c.C.[Tomcat].[localhost].[/] -
				Initializing Spring DispatcherServlet 'dispatcherServlet'
2021-01-05 11:27:48 [http-nio-8084-exec-1] INFO  o.s.web.servlet.DispatcherServlet -
				Initializing Servlet 'dispatcherServlet'
2021-01-05 11:27:48 [http-nio-8084-exec-1] INFO  o.s.web.servlet.DispatcherServlet -
				Completed initialization in 5 ms
2021-01-05 11:28:50 [http-nio-8084-exec-8] INFO  c.s.userprofile.aspect.LoggerAspect -
				**********@Before**********
2021-01-05 11:28:50 [http-nio-8084-exec-8] INFO  c.s.userprofile.aspect.LoggerAspect -
				**************************
2021-01-05 11:28:50 [http-nio-8084-exec-8] INFO  org.mongodb.driver.connection -
				Opened connection [connectionId{localValue:3, serverValue:11}] to localhost:27017
2021-01-05 11:28:50 [http-nio-8084-exec-8] INFO  c.s.userprofile.aspect.LoggerAspect -
				**********@AfterReturning**********
2021-01-05 11:28:50 [http-nio-8084-exec-8] INFO  c.s.userprofile.aspect.LoggerAspect -
				**************************
2021-01-05 11:28:50 [http-nio-8084-exec-8] INFO  c.s.userprofile.aspect.LoggerAspect -
				**********@After**********
2021-01-05 11:28:50 [http-nio-8084-exec-8] INFO  c.s.userprofile.aspect.LoggerAspect -
				**************************
2021-01-05 11:28:57 [http-nio-8084-exec-9] INFO  c.s.userprofile.aspect.LoggerAspect -
				**********@Before**********
2021-01-05 11:28:57 [http-nio-8084-exec-9] INFO  c.s.userprofile.aspect.LoggerAspect -
				**************************
2021-01-05 11:28:57 [http-nio-8084-exec-9] INFO  c.s.userprofile.aspect.LoggerAspect -
				**********@AfterThrowing**********
2021-01-05 11:28:57 [http-nio-8084-exec-9] INFO  c.s.userprofile.aspect.LoggerAspect -
				**************************
2021-01-05 11:28:57 [http-nio-8084-exec-9] INFO  c.s.userprofile.aspect.LoggerAspect -
				**********@After**********
2021-01-05 11:28:57 [http-nio-8084-exec-9] INFO  c.s.userprofile.aspect.LoggerAspect -
				**************************
2021-01-05 11:28:59 [http-nio-8084-exec-10] INFO  c.s.userprofile.aspect.LoggerAspect -
				**********@Before**********
2021-01-05 11:28:59 [http-nio-8084-exec-10] INFO  c.s.userprofile.aspect.LoggerAspect -
				**************************
2021-01-05 11:28:59 [http-nio-8084-exec-10] INFO  c.s.userprofile.aspect.LoggerAspect -
				**********@AfterThrowing**********
2021-01-05 11:28:59 [http-nio-8084-exec-10] INFO  c.s.userprofile.aspect.LoggerAspect -
				**************************
2021-01-05 11:28:59 [http-nio-8084-exec-10] INFO  c.s.userprofile.aspect.LoggerAspect -
				**********@After**********
2021-01-05 11:28:59 [http-nio-8084-exec-10] INFO  c.s.userprofile.aspect.LoggerAspect -
				**************************
2021-01-05 11:28:59 [http-nio-8084-exec-1] INFO  c.s.userprofile.aspect.LoggerAspect -
				**********@Before**********
2021-01-05 11:28:59 [http-nio-8084-exec-1] INFO  c.s.userprofile.aspect.LoggerAspect -
				**************************
2021-01-05 11:28:59 [http-nio-8084-exec-1] INFO  c.s.userprofile.aspect.LoggerAspect -
				**********@AfterThrowing**********
2021-01-05 11:28:59 [http-nio-8084-exec-1] INFO  c.s.userprofile.aspect.LoggerAspect -
				**************************
2021-01-05 11:28:59 [http-nio-8084-exec-1] INFO  c.s.userprofile.aspect.LoggerAspect -
				**********@After**********
2021-01-05 11:28:59 [http-nio-8084-exec-1] INFO  c.s.userprofile.aspect.LoggerAspect -
				**************************
2021-01-05 11:30:09 [http-nio-8084-exec-4] INFO  c.s.userprofile.aspect.LoggerAspect -
				**********@Before**********
2021-01-05 11:30:09 [http-nio-8084-exec-4] INFO  c.s.userprofile.aspect.LoggerAspect -
				**************************
2021-01-05 11:30:09 [http-nio-8084-exec-4] INFO  c.s.userprofile.aspect.LoggerAspect -
				**********@AfterReturning**********
2021-01-05 11:30:09 [http-nio-8084-exec-4] INFO  c.s.userprofile.aspect.LoggerAspect -
				**************************
2021-01-05 11:30:09 [http-nio-8084-exec-4] INFO  c.s.userprofile.aspect.LoggerAspect -
				**********@After**********
2021-01-05 11:30:09 [http-nio-8084-exec-4] INFO  c.s.userprofile.aspect.LoggerAspect -
				**************************
2021-01-05 11:31:55 [AsyncResolver-bootstrap-executor-0] INFO  c.n.d.s.r.aws.ConfigClusterResolver -
				Resolving eureka endpoints via configuration
2021-01-05 11:32:26 [http-nio-8084-exec-3] INFO  c.s.userprofile.aspect.LoggerAspect -
				**********@Before**********
2021-01-05 11:32:26 [http-nio-8084-exec-3] INFO  c.s.userprofile.aspect.LoggerAspect -
				**************************
2021-01-05 11:32:26 [http-nio-8084-exec-3] INFO  c.s.userprofile.aspect.LoggerAspect -
				**********@AfterReturning**********
2021-01-05 11:32:26 [http-nio-8084-exec-3] INFO  c.s.userprofile.aspect.LoggerAspect -
				**************************
2021-01-05 11:32:26 [http-nio-8084-exec-3] INFO  c.s.userprofile.aspect.LoggerAspect -
				**********@After**********
2021-01-05 11:32:26 [http-nio-8084-exec-3] INFO  c.s.userprofile.aspect.LoggerAspect -
				**************************
2021-01-05 11:32:28 [http-nio-8084-exec-7] INFO  c.s.userprofile.aspect.LoggerAspect -
				**********@Before**********
2021-01-05 11:32:28 [http-nio-8084-exec-7] INFO  c.s.userprofile.aspect.LoggerAspect -
				**************************
2021-01-05 11:32:28 [http-nio-8084-exec-7] INFO  c.s.userprofile.aspect.LoggerAspect -
				**********@AfterThrowing**********
2021-01-05 11:32:28 [http-nio-8084-exec-7] INFO  c.s.userprofile.aspect.LoggerAspect -
				**************************
2021-01-05 11:32:28 [http-nio-8084-exec-7] INFO  c.s.userprofile.aspect.LoggerAspect -
				**********@After**********
2021-01-05 11:32:28 [http-nio-8084-exec-7] INFO  c.s.userprofile.aspect.LoggerAspect -
				**************************
2021-01-05 11:32:29 [http-nio-8084-exec-6] INFO  c.s.userprofile.aspect.LoggerAspect -
				**********@Before**********
2021-01-05 11:32:29 [http-nio-8084-exec-6] INFO  c.s.userprofile.aspect.LoggerAspect -
				**************************
2021-01-05 11:32:29 [http-nio-8084-exec-6] INFO  c.s.userprofile.aspect.LoggerAspect -
				**********@AfterThrowing**********
2021-01-05 11:32:29 [http-nio-8084-exec-6] INFO  c.s.userprofile.aspect.LoggerAspect -
				**************************
2021-01-05 11:32:29 [http-nio-8084-exec-6] INFO  c.s.userprofile.aspect.LoggerAspect -
				**********@After**********
2021-01-05 11:32:29 [http-nio-8084-exec-6] INFO  c.s.userprofile.aspect.LoggerAspect -
				**************************
2021-01-05 11:34:07 [http-nio-8084-exec-9] INFO  c.s.userprofile.aspect.LoggerAspect -
				**********@Before**********
2021-01-05 11:34:07 [http-nio-8084-exec-9] INFO  c.s.userprofile.aspect.LoggerAspect -
				**************************
2021-01-05 11:34:07 [http-nio-8084-exec-9] INFO  c.s.userprofile.aspect.LoggerAspect -
				**********@AfterReturning**********
2021-01-05 11:34:07 [http-nio-8084-exec-9] INFO  c.s.userprofile.aspect.LoggerAspect -
				**************************
2021-01-05 11:34:07 [http-nio-8084-exec-9] INFO  c.s.userprofile.aspect.LoggerAspect -
				**********@After**********
2021-01-05 11:34:07 [http-nio-8084-exec-9] INFO  c.s.userprofile.aspect.LoggerAspect -
				**************************
2021-01-05 11:36:55 [AsyncResolver-bootstrap-executor-0] INFO  c.n.d.s.r.aws.ConfigClusterResolver -
				Resolving eureka endpoints via configuration
2021-01-05 11:38:33 [http-nio-8084-exec-1] INFO  c.s.userprofile.aspect.LoggerAspect -
				**********@Before**********
2021-01-05 11:38:33 [http-nio-8084-exec-1] INFO  c.s.userprofile.aspect.LoggerAspect -
				**************************
2021-01-05 11:38:33 [http-nio-8084-exec-1] INFO  c.s.userprofile.aspect.LoggerAspect -
				**********@AfterReturning**********
2021-01-05 11:38:33 [http-nio-8084-exec-1] INFO  c.s.userprofile.aspect.LoggerAspect -
				**************************
2021-01-05 11:38:33 [http-nio-8084-exec-1] INFO  c.s.userprofile.aspect.LoggerAspect -
				**********@After**********
2021-01-05 11:38:33 [http-nio-8084-exec-1] INFO  c.s.userprofile.aspect.LoggerAspect -
				**************************
2021-01-05 11:38:59 [http-nio-8084-exec-2] INFO  c.s.userprofile.aspect.LoggerAspect -
				**********@Before**********
2021-01-05 11:38:59 [http-nio-8084-exec-2] INFO  c.s.userprofile.aspect.LoggerAspect -
				**************************
2021-01-05 11:38:59 [http-nio-8084-exec-2] INFO  c.s.userprofile.aspect.LoggerAspect -
				**********@AfterReturning**********
2021-01-05 11:38:59 [http-nio-8084-exec-2] INFO  c.s.userprofile.aspect.LoggerAspect -
				**************************
2021-01-05 11:38:59 [http-nio-8084-exec-2] INFO  c.s.userprofile.aspect.LoggerAspect -
				**********@After**********
2021-01-05 11:38:59 [http-nio-8084-exec-2] INFO  c.s.userprofile.aspect.LoggerAspect -
				**************************
2021-01-05 11:40:01 [http-nio-8084-exec-5] INFO  c.s.userprofile.aspect.LoggerAspect -
				**********@Before**********
2021-01-05 11:40:01 [http-nio-8084-exec-5] INFO  c.s.userprofile.aspect.LoggerAspect -
				**************************
2021-01-05 11:40:01 [http-nio-8084-exec-5] INFO  c.s.userprofile.aspect.LoggerAspect -
				**********@AfterReturning**********
2021-01-05 11:40:01 [http-nio-8084-exec-5] INFO  c.s.userprofile.aspect.LoggerAspect -
				**************************
2021-01-05 11:40:01 [http-nio-8084-exec-5] INFO  c.s.userprofile.aspect.LoggerAspect -
				**********@After**********
2021-01-05 11:40:01 [http-nio-8084-exec-5] INFO  c.s.userprofile.aspect.LoggerAspect -
				**************************
2021-01-05 11:41:08 [http-nio-8084-exec-7] INFO  c.s.userprofile.aspect.LoggerAspect -
				**********@Before**********
2021-01-05 11:41:08 [http-nio-8084-exec-7] INFO  c.s.userprofile.aspect.LoggerAspect -
				**************************
2021-01-05 11:41:08 [http-nio-8084-exec-7] INFO  c.s.userprofile.aspect.LoggerAspect -
				**********@AfterReturning**********
2021-01-05 11:41:08 [http-nio-8084-exec-7] INFO  c.s.userprofile.aspect.LoggerAspect -
				**************************
2021-01-05 11:41:08 [http-nio-8084-exec-7] INFO  c.s.userprofile.aspect.LoggerAspect -
				**********@After**********
2021-01-05 11:41:08 [http-nio-8084-exec-7] INFO  c.s.userprofile.aspect.LoggerAspect -
				**************************
2021-01-05 11:41:55 [AsyncResolver-bootstrap-executor-0] INFO  c.n.d.s.r.aws.ConfigClusterResolver -
				Resolving eureka endpoints via configuration
2021-01-05 11:41:57 [http-nio-8084-exec-6] INFO  c.s.userprofile.aspect.LoggerAspect -
				**********@Before**********
2021-01-05 11:41:57 [http-nio-8084-exec-6] INFO  c.s.userprofile.aspect.LoggerAspect -
				**************************
2021-01-05 11:41:57 [http-nio-8084-exec-6] INFO  c.s.userprofile.aspect.LoggerAspect -
				**********@AfterReturning**********
2021-01-05 11:41:57 [http-nio-8084-exec-6] INFO  c.s.userprofile.aspect.LoggerAspect -
				**************************
2021-01-05 11:41:57 [http-nio-8084-exec-6] INFO  c.s.userprofile.aspect.LoggerAspect -
				**********@After**********
2021-01-05 11:41:57 [http-nio-8084-exec-6] INFO  c.s.userprofile.aspect.LoggerAspect -
				**************************
2021-01-05 11:42:20 [http-nio-8084-exec-8] INFO  c.s.userprofile.aspect.LoggerAspect -
				**********@Before**********
2021-01-05 11:42:20 [http-nio-8084-exec-8] INFO  c.s.userprofile.aspect.LoggerAspect -
				**************************
2021-01-05 11:42:20 [http-nio-8084-exec-8] INFO  c.s.userprofile.aspect.LoggerAspect -
				**********@AfterReturning**********
2021-01-05 11:42:20 [http-nio-8084-exec-8] INFO  c.s.userprofile.aspect.LoggerAspect -
				**************************
2021-01-05 11:42:20 [http-nio-8084-exec-8] INFO  c.s.userprofile.aspect.LoggerAspect -
				**********@After**********
2021-01-05 11:42:20 [http-nio-8084-exec-8] INFO  c.s.userprofile.aspect.LoggerAspect -
				**************************
2021-01-05 11:42:38 [http-nio-8084-exec-9] INFO  c.s.userprofile.aspect.LoggerAspect -
				**********@Before**********
2021-01-05 11:42:38 [http-nio-8084-exec-9] INFO  c.s.userprofile.aspect.LoggerAspect -
				**************************
2021-01-05 11:42:38 [http-nio-8084-exec-9] INFO  c.s.userprofile.aspect.LoggerAspect -
				**********@AfterReturning**********
2021-01-05 11:42:38 [http-nio-8084-exec-9] INFO  c.s.userprofile.aspect.LoggerAspect -
				**************************
2021-01-05 11:42:38 [http-nio-8084-exec-9] INFO  c.s.userprofile.aspect.LoggerAspect -
				**********@After**********
2021-01-05 11:42:38 [http-nio-8084-exec-9] INFO  c.s.userprofile.aspect.LoggerAspect -
				**************************
2021-01-05 11:44:16 [http-nio-8084-exec-1] INFO  c.s.userprofile.aspect.LoggerAspect -
				**********@Before**********
2021-01-05 11:44:16 [http-nio-8084-exec-1] INFO  c.s.userprofile.aspect.LoggerAspect -
				**************************
2021-01-05 11:44:16 [http-nio-8084-exec-1] INFO  c.s.userprofile.aspect.LoggerAspect -
				**********@AfterReturning**********
2021-01-05 11:44:16 [http-nio-8084-exec-1] INFO  c.s.userprofile.aspect.LoggerAspect -
				**************************
2021-01-05 11:44:16 [http-nio-8084-exec-1] INFO  c.s.userprofile.aspect.LoggerAspect -
				**********@After**********
2021-01-05 11:44:16 [http-nio-8084-exec-1] INFO  c.s.userprofile.aspect.LoggerAspect -
				**************************
2021-01-05 11:44:55 [http-nio-8084-exec-2] INFO  c.s.userprofile.aspect.LoggerAspect -
				**********@Before**********
2021-01-05 11:44:55 [http-nio-8084-exec-2] INFO  c.s.userprofile.aspect.LoggerAspect -
				**************************
2021-01-05 11:44:55 [http-nio-8084-exec-2] INFO  c.s.userprofile.aspect.LoggerAspect -
				**********@AfterReturning**********
2021-01-05 11:44:55 [http-nio-8084-exec-2] INFO  c.s.userprofile.aspect.LoggerAspect -
				**************************
2021-01-05 11:44:55 [http-nio-8084-exec-2] INFO  c.s.userprofile.aspect.LoggerAspect -
				**********@After**********
2021-01-05 11:44:55 [http-nio-8084-exec-2] INFO  c.s.userprofile.aspect.LoggerAspect -
				**************************
2021-01-05 11:46:15 [http-nio-8084-exec-5] INFO  c.s.userprofile.aspect.LoggerAspect -
				**********@Before**********
2021-01-05 11:46:15 [http-nio-8084-exec-5] INFO  c.s.userprofile.aspect.LoggerAspect -
				**************************
2021-01-05 11:46:15 [http-nio-8084-exec-5] INFO  c.s.userprofile.aspect.LoggerAspect -
				**********@AfterReturning**********
2021-01-05 11:46:15 [http-nio-8084-exec-5] INFO  c.s.userprofile.aspect.LoggerAspect -
				**************************
2021-01-05 11:46:15 [http-nio-8084-exec-5] INFO  c.s.userprofile.aspect.LoggerAspect -
				**********@After**********
2021-01-05 11:46:15 [http-nio-8084-exec-5] INFO  c.s.userprofile.aspect.LoggerAspect -
				**************************
2021-01-05 11:46:55 [AsyncResolver-bootstrap-executor-0] INFO  c.n.d.s.r.aws.ConfigClusterResolver -
				Resolving eureka endpoints via configuration
2021-01-05 11:51:55 [AsyncResolver-bootstrap-executor-0] INFO  c.n.d.s.r.aws.ConfigClusterResolver -
				Resolving eureka endpoints via configuration
2021-01-05 11:56:55 [AsyncResolver-bootstrap-executor-0] INFO  c.n.d.s.r.aws.ConfigClusterResolver -
				Resolving eureka endpoints via configuration
2021-01-05 12:01:55 [AsyncResolver-bootstrap-executor-0] INFO  c.n.d.s.r.aws.ConfigClusterResolver -
				Resolving eureka endpoints via configuration
2021-01-05 12:06:55 [AsyncResolver-bootstrap-executor-0] INFO  c.n.d.s.r.aws.ConfigClusterResolver -
				Resolving eureka endpoints via configuration
2021-01-05 12:11:55 [AsyncResolver-bootstrap-executor-0] INFO  c.n.d.s.r.aws.ConfigClusterResolver -
				Resolving eureka endpoints via configuration
2021-01-05 12:16:55 [AsyncResolver-bootstrap-executor-0] INFO  c.n.d.s.r.aws.ConfigClusterResolver -
				Resolving eureka endpoints via configuration
2021-01-05 12:21:55 [AsyncResolver-bootstrap-executor-0] INFO  c.n.d.s.r.aws.ConfigClusterResolver -
				Resolving eureka endpoints via configuration
2021-01-05 12:26:55 [AsyncResolver-bootstrap-executor-0] INFO  c.n.d.s.r.aws.ConfigClusterResolver -
				Resolving eureka endpoints via configuration
2021-01-05 12:31:55 [AsyncResolver-bootstrap-executor-0] INFO  c.n.d.s.r.aws.ConfigClusterResolver -
				Resolving eureka endpoints via configuration
2021-01-05 12:36:55 [AsyncResolver-bootstrap-executor-0] INFO  c.n.d.s.r.aws.ConfigClusterResolver -
				Resolving eureka endpoints via configuration
2021-01-05 12:41:55 [AsyncResolver-bootstrap-executor-0] INFO  c.n.d.s.r.aws.ConfigClusterResolver -
				Resolving eureka endpoints via configuration
2021-01-05 12:46:55 [AsyncResolver-bootstrap-executor-0] INFO  c.n.d.s.r.aws.ConfigClusterResolver -
				Resolving eureka endpoints via configuration
2021-01-05 12:51:55 [AsyncResolver-bootstrap-executor-0] INFO  c.n.d.s.r.aws.ConfigClusterResolver -
				Resolving eureka endpoints via configuration
2021-01-05 12:56:55 [AsyncResolver-bootstrap-executor-0] INFO  c.n.d.s.r.aws.ConfigClusterResolver -
				Resolving eureka endpoints via configuration
2021-01-05 13:01:55 [AsyncResolver-bootstrap-executor-0] INFO  c.n.d.s.r.aws.ConfigClusterResolver -
				Resolving eureka endpoints via configuration
2021-01-05 13:06:55 [AsyncResolver-bootstrap-executor-0] INFO  c.n.d.s.r.aws.ConfigClusterResolver -
				Resolving eureka endpoints via configuration
2021-01-05 13:11:55 [AsyncResolver-bootstrap-executor-0] INFO  c.n.d.s.r.aws.ConfigClusterResolver -
				Resolving eureka endpoints via configuration
2021-01-05 13:16:55 [AsyncResolver-bootstrap-executor-0] INFO  c.n.d.s.r.aws.ConfigClusterResolver -
				Resolving eureka endpoints via configuration
2021-01-05 13:21:55 [AsyncResolver-bootstrap-executor-0] INFO  c.n.d.s.r.aws.ConfigClusterResolver -
				Resolving eureka endpoints via configuration
2021-01-05 13:26:55 [AsyncResolver-bootstrap-executor-0] INFO  c.n.d.s.r.aws.ConfigClusterResolver -
				Resolving eureka endpoints via configuration
2021-01-05 13:31:55 [AsyncResolver-bootstrap-executor-0] INFO  c.n.d.s.r.aws.ConfigClusterResolver -
				Resolving eureka endpoints via configuration
2021-01-05 13:36:55 [AsyncResolver-bootstrap-executor-0] INFO  c.n.d.s.r.aws.ConfigClusterResolver -
				Resolving eureka endpoints via configuration
2021-01-05 13:41:55 [AsyncResolver-bootstrap-executor-0] INFO  c.n.d.s.r.aws.ConfigClusterResolver -
				Resolving eureka endpoints via configuration
2021-01-05 14:25:14 [AsyncResolver-bootstrap-executor-0] INFO  c.n.d.s.r.aws.ConfigClusterResolver -
				Resolving eureka endpoints via configuration
2021-01-05 14:30:14 [AsyncResolver-bootstrap-executor-0] INFO  c.n.d.s.r.aws.ConfigClusterResolver -
				Resolving eureka endpoints via configuration
2021-01-05 14:35:14 [AsyncResolver-bootstrap-executor-0] INFO  c.n.d.s.r.aws.ConfigClusterResolver -
				Resolving eureka endpoints via configuration
2021-01-05 14:40:14 [AsyncResolver-bootstrap-executor-0] INFO  c.n.d.s.r.aws.ConfigClusterResolver -
				Resolving eureka endpoints via configuration
2021-01-05 14:45:14 [AsyncResolver-bootstrap-executor-0] INFO  c.n.d.s.r.aws.ConfigClusterResolver -
				Resolving eureka endpoints via configuration
2021-01-05 14:50:14 [AsyncResolver-bootstrap-executor-0] INFO  c.n.d.s.r.aws.ConfigClusterResolver -
				Resolving eureka endpoints via configuration
2021-01-05 14:55:14 [AsyncResolver-bootstrap-executor-0] INFO  c.n.d.s.r.aws.ConfigClusterResolver -
				Resolving eureka endpoints via configuration
2021-01-05 15:00:14 [AsyncResolver-bootstrap-executor-0] INFO  c.n.d.s.r.aws.ConfigClusterResolver -
				Resolving eureka endpoints via configuration
2021-01-05 15:05:14 [AsyncResolver-bootstrap-executor-0] INFO  c.n.d.s.r.aws.ConfigClusterResolver -
				Resolving eureka endpoints via configuration
2021-01-05 15:09:53 [DiscoveryClient-HeartbeatExecutor-0] INFO  c.n.d.s.t.d.RedirectingEurekaHttpClient -
				Request execution error. endpoint=DefaultEndpoint{ serviceUrl='http://localhost:8761/eureka/} exception=I/O error on PUT request for "http://localhost:8761/eureka/apps/USERPROFILE-SERVICE/localhost:userprofile-service:8084": Connection refused: connect; nested exception is java.net.ConnectException: Connection refused: connect stacktrace=org.springframework.web.client.ResourceAccessException: I/O error on PUT request for "http://localhost:8761/eureka/apps/USERPROFILE-SERVICE/localhost:userprofile-service:8084": Connection refused: connect; nested exception is java.net.ConnectException: Connection refused: connect
	at org.springframework.web.client.RestTemplate.doExecute(RestTemplate.java:784)
	at org.springframework.web.client.RestTemplate.execute(RestTemplate.java:710)
	at org.springframework.web.client.RestTemplate.exchange(RestTemplate.java:601)
	at org.springframework.cloud.netflix.eureka.http.RestTemplateEurekaHttpClient.sendHeartBeat(RestTemplateEurekaHttpClient.java:99)
	at com.netflix.discovery.shared.transport.decorator.EurekaHttpClientDecorator$3.execute(EurekaHttpClientDecorator.java:92)
	at com.netflix.discovery.shared.transport.decorator.RedirectingEurekaHttpClient.execute(RedirectingEurekaHttpClient.java:91)
	at com.netflix.discovery.shared.transport.decorator.EurekaHttpClientDecorator.sendHeartBeat(EurekaHttpClientDecorator.java:89)
	at com.netflix.discovery.shared.transport.decorator.EurekaHttpClientDecorator$3.execute(EurekaHttpClientDecorator.java:92)
	at com.netflix.discovery.shared.transport.decorator.RetryableEurekaHttpClient.execute(RetryableEurekaHttpClient.java:120)
	at com.netflix.discovery.shared.transport.decorator.EurekaHttpClientDecorator.sendHeartBeat(EurekaHttpClientDecorator.java:89)
	at com.netflix.discovery.shared.transport.decorator.EurekaHttpClientDecorator$3.execute(EurekaHttpClientDecorator.java:92)
	at com.netflix.discovery.shared.transport.decorator.SessionedEurekaHttpClient.execute(SessionedEurekaHttpClient.java:77)
	at com.netflix.discovery.shared.transport.decorator.EurekaHttpClientDecorator.sendHeartBeat(EurekaHttpClientDecorator.java:89)
	at com.netflix.discovery.DiscoveryClient.renew(DiscoveryClient.java:893)
	at com.netflix.discovery.DiscoveryClient$HeartbeatThread.run(DiscoveryClient.java:1457)
	at java.base/java.util.concurrent.Executors$RunnableAdapter.call(Executors.java:515)
	at java.base/java.util.concurrent.FutureTask.run(FutureTask.java:264)
	at java.base/java.util.concurrent.ThreadPoolExecutor.runWorker(ThreadPoolExecutor.java:1130)
	at java.base/java.util.concurrent.ThreadPoolExecutor$Worker.run(ThreadPoolExecutor.java:630)
	at java.base/java.lang.Thread.run(Thread.java:832)
Caused by: java.net.ConnectException: Connection refused: connect
	at java.base/sun.nio.ch.Net.connect0(Native Method)
	at java.base/sun.nio.ch.Net.connect(Net.java:574)
	at java.base/sun.nio.ch.Net.connect(Net.java:563)
	at java.base/sun.nio.ch.NioSocketImpl.connect(NioSocketImpl.java:588)
	at java.base/java.net.Socket.connect(Socket.java:648)
	at java.base/java.net.Socket.connect(Socket.java:597)
	at java.base/sun.net.NetworkClient.doConnect(NetworkClient.java:182)
	at java.base/sun.net.www.http.HttpClient.openServer(HttpClient.java:474)
	at java.base/sun.net.www.http.HttpClient.openServer(HttpClient.java:569)
	at java.base/sun.net.www.http.HttpClient.<init>(HttpClient.java:242)
	at java.base/sun.net.www.http.HttpClient.New(HttpClient.java:341)
	at java.base/sun.net.www.http.HttpClient.New(HttpClient.java:362)
	at java.base/sun.net.www.protocol.http.HttpURLConnection.getNewHttpClient(HttpURLConnection.java:1261)
	at java.base/sun.net.www.protocol.http.HttpURLConnection.plainConnect0(HttpURLConnection.java:1194)
	at java.base/sun.net.www.protocol.http.HttpURLConnection.plainConnect(HttpURLConnection.java:1082)
	at java.base/sun.net.www.protocol.http.HttpURLConnection.connect(HttpURLConnection.java:1016)
	at org.springframework.http.client.SimpleBufferingClientHttpRequest.executeInternal(SimpleBufferingClientHttpRequest.java:76)
	at org.springframework.http.client.AbstractBufferingClientHttpRequest.executeInternal(AbstractBufferingClientHttpRequest.java:48)
	at org.springframework.http.client.AbstractClientHttpRequest.execute(AbstractClientHttpRequest.java:66)
	at org.springframework.web.client.RestTemplate.doExecute(RestTemplate.java:775)
	... 19 more

2021-01-05 15:09:53 [DiscoveryClient-CacheRefreshExecutor-0] INFO  c.n.d.s.t.d.RedirectingEurekaHttpClient -
				Request execution error. endpoint=DefaultEndpoint{ serviceUrl='http://localhost:8761/eureka/} exception=I/O error on GET request for "http://localhost:8761/eureka/apps/delta": Connection refused: connect; nested exception is java.net.ConnectException: Connection refused: connect stacktrace=org.springframework.web.client.ResourceAccessException: I/O error on GET request for "http://localhost:8761/eureka/apps/delta": Connection refused: connect; nested exception is java.net.ConnectException: Connection refused: connect
	at org.springframework.web.client.RestTemplate.doExecute(RestTemplate.java:784)
	at org.springframework.web.client.RestTemplate.execute(RestTemplate.java:710)
	at org.springframework.web.client.RestTemplate.exchange(RestTemplate.java:601)
	at org.springframework.cloud.netflix.eureka.http.RestTemplateEurekaHttpClient.getApplicationsInternal(RestTemplateEurekaHttpClient.java:145)
	at org.springframework.cloud.netflix.eureka.http.RestTemplateEurekaHttpClient.getDelta(RestTemplateEurekaHttpClient.java:155)
	at com.netflix.discovery.shared.transport.decorator.EurekaHttpClientDecorator$7.execute(EurekaHttpClientDecorator.java:152)
	at com.netflix.discovery.shared.transport.decorator.RedirectingEurekaHttpClient.execute(RedirectingEurekaHttpClient.java:91)
	at com.netflix.discovery.shared.transport.decorator.EurekaHttpClientDecorator.getDelta(EurekaHttpClientDecorator.java:149)
	at com.netflix.discovery.shared.transport.decorator.EurekaHttpClientDecorator$7.execute(EurekaHttpClientDecorator.java:152)
	at com.netflix.discovery.shared.transport.decorator.RetryableEurekaHttpClient.execute(RetryableEurekaHttpClient.java:120)
	at com.netflix.discovery.shared.transport.decorator.EurekaHttpClientDecorator.getDelta(EurekaHttpClientDecorator.java:149)
	at com.netflix.discovery.shared.transport.decorator.EurekaHttpClientDecorator$7.execute(EurekaHttpClientDecorator.java:152)
	at com.netflix.discovery.shared.transport.decorator.SessionedEurekaHttpClient.execute(SessionedEurekaHttpClient.java:77)
	at com.netflix.discovery.shared.transport.decorator.EurekaHttpClientDecorator.getDelta(EurekaHttpClientDecorator.java:149)
	at com.netflix.discovery.DiscoveryClient.getAndUpdateDelta(DiscoveryClient.java:1135)
	at com.netflix.discovery.DiscoveryClient.fetchRegistry(DiscoveryClient.java:1016)
	at com.netflix.discovery.DiscoveryClient.refreshRegistry(DiscoveryClient.java:1531)
	at com.netflix.discovery.DiscoveryClient$CacheRefreshThread.run(DiscoveryClient.java:1498)
	at java.base/java.util.concurrent.Executors$RunnableAdapter.call(Executors.java:515)
	at java.base/java.util.concurrent.FutureTask.run(FutureTask.java:264)
	at java.base/java.util.concurrent.ThreadPoolExecutor.runWorker(ThreadPoolExecutor.java:1130)
	at java.base/java.util.concurrent.ThreadPoolExecutor$Worker.run(ThreadPoolExecutor.java:630)
	at java.base/java.lang.Thread.run(Thread.java:832)
Caused by: java.net.ConnectException: Connection refused: connect
	at java.base/sun.nio.ch.Net.connect0(Native Method)
	at java.base/sun.nio.ch.Net.connect(Net.java:574)
	at java.base/sun.nio.ch.Net.connect(Net.java:563)
	at java.base/sun.nio.ch.NioSocketImpl.connect(NioSocketImpl.java:588)
	at java.base/java.net.Socket.connect(Socket.java:648)
	at java.base/java.net.Socket.connect(Socket.java:597)
	at java.base/sun.net.NetworkClient.doConnect(NetworkClient.java:182)
	at java.base/sun.net.www.http.HttpClient.openServer(HttpClient.java:474)
	at java.base/sun.net.www.http.HttpClient.openServer(HttpClient.java:569)
	at java.base/sun.net.www.http.HttpClient.<init>(HttpClient.java:242)
	at java.base/sun.net.www.http.HttpClient.New(HttpClient.java:341)
	at java.base/sun.net.www.http.HttpClient.New(HttpClient.java:362)
	at java.base/sun.net.www.protocol.http.HttpURLConnection.getNewHttpClient(HttpURLConnection.java:1261)
	at java.base/sun.net.www.protocol.http.HttpURLConnection.plainConnect0(HttpURLConnection.java:1194)
	at java.base/sun.net.www.protocol.http.HttpURLConnection.plainConnect(HttpURLConnection.java:1082)
	at java.base/sun.net.www.protocol.http.HttpURLConnection.connect(HttpURLConnection.java:1016)
	at org.springframework.http.client.SimpleBufferingClientHttpRequest.executeInternal(SimpleBufferingClientHttpRequest.java:76)
	at org.springframework.http.client.AbstractBufferingClientHttpRequest.executeInternal(AbstractBufferingClientHttpRequest.java:48)
	at org.springframework.http.client.AbstractClientHttpRequest.execute(AbstractClientHttpRequest.java:66)
	at org.springframework.web.client.RestTemplate.doExecute(RestTemplate.java:775)
	... 22 more

2021-01-05 15:09:53 [DiscoveryClient-HeartbeatExecutor-0] WARN  c.n.d.s.t.d.RetryableEurekaHttpClient -
				Request execution failed with message: I/O error on PUT request for "http://localhost:8761/eureka/apps/USERPROFILE-SERVICE/localhost:userprofile-service:8084": Connection refused: connect; nested exception is java.net.ConnectException: Connection refused: connect
2021-01-05 15:09:53 [DiscoveryClient-CacheRefreshExecutor-0] WARN  c.n.d.s.t.d.RetryableEurekaHttpClient -
				Request execution failed with message: I/O error on GET request for "http://localhost:8761/eureka/apps/delta": Connection refused: connect; nested exception is java.net.ConnectException: Connection refused: connect
2021-01-05 15:09:55 [DiscoveryClient-CacheRefreshExecutor-0] INFO  c.n.d.s.t.d.RedirectingEurekaHttpClient -
				Request execution error. endpoint=DefaultEndpoint{ serviceUrl='http://localhost:8761/eureka/}, exception=I/O error on GET request for "http://localhost:8761/eureka/apps/delta": Connection refused: connect; nested exception is java.net.ConnectException: Connection refused: connect stacktrace=org.springframework.web.client.ResourceAccessException: I/O error on GET request for "http://localhost:8761/eureka/apps/delta": Connection refused: connect; nested exception is java.net.ConnectException: Connection refused: connect
	at org.springframework.web.client.RestTemplate.doExecute(RestTemplate.java:784)
	at org.springframework.web.client.RestTemplate.execute(RestTemplate.java:710)
	at org.springframework.web.client.RestTemplate.exchange(RestTemplate.java:601)
	at org.springframework.cloud.netflix.eureka.http.RestTemplateEurekaHttpClient.getApplicationsInternal(RestTemplateEurekaHttpClient.java:145)
	at org.springframework.cloud.netflix.eureka.http.RestTemplateEurekaHttpClient.getDelta(RestTemplateEurekaHttpClient.java:155)
	at com.netflix.discovery.shared.transport.decorator.EurekaHttpClientDecorator$7.execute(EurekaHttpClientDecorator.java:152)
	at com.netflix.discovery.shared.transport.decorator.RedirectingEurekaHttpClient.executeOnNewServer(RedirectingEurekaHttpClient.java:121)
	at com.netflix.discovery.shared.transport.decorator.RedirectingEurekaHttpClient.execute(RedirectingEurekaHttpClient.java:80)
	at com.netflix.discovery.shared.transport.decorator.EurekaHttpClientDecorator.getDelta(EurekaHttpClientDecorator.java:149)
	at com.netflix.discovery.shared.transport.decorator.EurekaHttpClientDecorator$7.execute(EurekaHttpClientDecorator.java:152)
	at com.netflix.discovery.shared.transport.decorator.RetryableEurekaHttpClient.execute(RetryableEurekaHttpClient.java:120)
	at com.netflix.discovery.shared.transport.decorator.EurekaHttpClientDecorator.getDelta(EurekaHttpClientDecorator.java:149)
	at com.netflix.discovery.shared.transport.decorator.EurekaHttpClientDecorator$7.execute(EurekaHttpClientDecorator.java:152)
	at com.netflix.discovery.shared.transport.decorator.SessionedEurekaHttpClient.execute(SessionedEurekaHttpClient.java:77)
	at com.netflix.discovery.shared.transport.decorator.EurekaHttpClientDecorator.getDelta(EurekaHttpClientDecorator.java:149)
	at com.netflix.discovery.DiscoveryClient.getAndUpdateDelta(DiscoveryClient.java:1135)
	at com.netflix.discovery.DiscoveryClient.fetchRegistry(DiscoveryClient.java:1016)
	at com.netflix.discovery.DiscoveryClient.refreshRegistry(DiscoveryClient.java:1531)
	at com.netflix.discovery.DiscoveryClient$CacheRefreshThread.run(DiscoveryClient.java:1498)
	at java.base/java.util.concurrent.Executors$RunnableAdapter.call(Executors.java:515)
	at java.base/java.util.concurrent.FutureTask.run(FutureTask.java:264)
	at java.base/java.util.concurrent.ThreadPoolExecutor.runWorker(ThreadPoolExecutor.java:1130)
	at java.base/java.util.concurrent.ThreadPoolExecutor$Worker.run(ThreadPoolExecutor.java:630)
	at java.base/java.lang.Thread.run(Thread.java:832)
Caused by: java.net.ConnectException: Connection refused: connect
	at java.base/sun.nio.ch.Net.connect0(Native Method)
	at java.base/sun.nio.ch.Net.connect(Net.java:574)
	at java.base/sun.nio.ch.Net.connect(Net.java:563)
	at java.base/sun.nio.ch.NioSocketImpl.connect(NioSocketImpl.java:588)
	at java.base/java.net.Socket.connect(Socket.java:648)
	at java.base/java.net.Socket.connect(Socket.java:597)
	at java.base/sun.net.NetworkClient.doConnect(NetworkClient.java:182)
	at java.base/sun.net.www.http.HttpClient.openServer(HttpClient.java:474)
	at java.base/sun.net.www.http.HttpClient.openServer(HttpClient.java:569)
	at java.base/sun.net.www.http.HttpClient.<init>(HttpClient.java:242)
	at java.base/sun.net.www.http.HttpClient.New(HttpClient.java:341)
	at java.base/sun.net.www.http.HttpClient.New(HttpClient.java:362)
	at java.base/sun.net.www.protocol.http.HttpURLConnection.getNewHttpClient(HttpURLConnection.java:1261)
	at java.base/sun.net.www.protocol.http.HttpURLConnection.plainConnect0(HttpURLConnection.java:1194)
	at java.base/sun.net.www.protocol.http.HttpURLConnection.plainConnect(HttpURLConnection.java:1082)
	at java.base/sun.net.www.protocol.http.HttpURLConnection.connect(HttpURLConnection.java:1016)
	at org.springframework.http.client.SimpleBufferingClientHttpRequest.executeInternal(SimpleBufferingClientHttpRequest.java:76)
	at org.springframework.http.client.AbstractBufferingClientHttpRequest.executeInternal(AbstractBufferingClientHttpRequest.java:48)
	at org.springframework.http.client.AbstractClientHttpRequest.execute(AbstractClientHttpRequest.java:66)
	at org.springframework.web.client.RestTemplate.doExecute(RestTemplate.java:775)
	... 23 more

2021-01-05 15:09:55 [DiscoveryClient-CacheRefreshExecutor-0] WARN  c.n.d.s.t.d.RetryableEurekaHttpClient -
				Request execution failed with message: I/O error on GET request for "http://localhost:8761/eureka/apps/delta": Connection refused: connect; nested exception is java.net.ConnectException: Connection refused: connect
2021-01-05 15:09:55 [DiscoveryClient-HeartbeatExecutor-0] INFO  c.n.d.s.t.d.RedirectingEurekaHttpClient -
				Request execution error. endpoint=DefaultEndpoint{ serviceUrl='http://localhost:8761/eureka/}, exception=I/O error on PUT request for "http://localhost:8761/eureka/apps/USERPROFILE-SERVICE/localhost:userprofile-service:8084": Connection refused: connect; nested exception is java.net.ConnectException: Connection refused: connect stacktrace=org.springframework.web.client.ResourceAccessException: I/O error on PUT request for "http://localhost:8761/eureka/apps/USERPROFILE-SERVICE/localhost:userprofile-service:8084": Connection refused: connect; nested exception is java.net.ConnectException: Connection refused: connect
	at org.springframework.web.client.RestTemplate.doExecute(RestTemplate.java:784)
	at org.springframework.web.client.RestTemplate.execute(RestTemplate.java:710)
	at org.springframework.web.client.RestTemplate.exchange(RestTemplate.java:601)
	at org.springframework.cloud.netflix.eureka.http.RestTemplateEurekaHttpClient.sendHeartBeat(RestTemplateEurekaHttpClient.java:99)
	at com.netflix.discovery.shared.transport.decorator.EurekaHttpClientDecorator$3.execute(EurekaHttpClientDecorator.java:92)
	at com.netflix.discovery.shared.transport.decorator.RedirectingEurekaHttpClient.executeOnNewServer(RedirectingEurekaHttpClient.java:121)
	at com.netflix.discovery.shared.transport.decorator.RedirectingEurekaHttpClient.execute(RedirectingEurekaHttpClient.java:80)
	at com.netflix.discovery.shared.transport.decorator.EurekaHttpClientDecorator.sendHeartBeat(EurekaHttpClientDecorator.java:89)
	at com.netflix.discovery.shared.transport.decorator.EurekaHttpClientDecorator$3.execute(EurekaHttpClientDecorator.java:92)
	at com.netflix.discovery.shared.transport.decorator.RetryableEurekaHttpClient.execute(RetryableEurekaHttpClient.java:120)
	at com.netflix.discovery.shared.transport.decorator.EurekaHttpClientDecorator.sendHeartBeat(EurekaHttpClientDecorator.java:89)
	at com.netflix.discovery.shared.transport.decorator.EurekaHttpClientDecorator$3.execute(EurekaHttpClientDecorator.java:92)
	at com.netflix.discovery.shared.transport.decorator.SessionedEurekaHttpClient.execute(SessionedEurekaHttpClient.java:77)
	at com.netflix.discovery.shared.transport.decorator.EurekaHttpClientDecorator.sendHeartBeat(EurekaHttpClientDecorator.java:89)
	at com.netflix.discovery.DiscoveryClient.renew(DiscoveryClient.java:893)
	at com.netflix.discovery.DiscoveryClient$HeartbeatThread.run(DiscoveryClient.java:1457)
	at java.base/java.util.concurrent.Executors$RunnableAdapter.call(Executors.java:515)
	at java.base/java.util.concurrent.FutureTask.run(FutureTask.java:264)
	at java.base/java.util.concurrent.ThreadPoolExecutor.runWorker(ThreadPoolExecutor.java:1130)
	at java.base/java.util.concurrent.ThreadPoolExecutor$Worker.run(ThreadPoolExecutor.java:630)
	at java.base/java.lang.Thread.run(Thread.java:832)
Caused by: java.net.ConnectException: Connection refused: connect
	at java.base/sun.nio.ch.Net.connect0(Native Method)
	at java.base/sun.nio.ch.Net.connect(Net.java:574)
	at java.base/sun.nio.ch.Net.connect(Net.java:563)
	at java.base/sun.nio.ch.NioSocketImpl.connect(NioSocketImpl.java:588)
	at java.base/java.net.Socket.connect(Socket.java:648)
	at java.base/java.net.Socket.connect(Socket.java:597)
	at java.base/sun.net.NetworkClient.doConnect(NetworkClient.java:182)
	at java.base/sun.net.www.http.HttpClient.openServer(HttpClient.java:474)
	at java.base/sun.net.www.http.HttpClient.openServer(HttpClient.java:569)
	at java.base/sun.net.www.http.HttpClient.<init>(HttpClient.java:242)
	at java.base/sun.net.www.http.HttpClient.New(HttpClient.java:341)
	at java.base/sun.net.www.http.HttpClient.New(HttpClient.java:362)
	at java.base/sun.net.www.protocol.http.HttpURLConnection.getNewHttpClient(HttpURLConnection.java:1261)
	at java.base/sun.net.www.protocol.http.HttpURLConnection.plainConnect0(HttpURLConnection.java:1194)
	at java.base/sun.net.www.protocol.http.HttpURLConnection.plainConnect(HttpURLConnection.java:1082)
	at java.base/sun.net.www.protocol.http.HttpURLConnection.connect(HttpURLConnection.java:1016)
	at org.springframework.http.client.SimpleBufferingClientHttpRequest.executeInternal(SimpleBufferingClientHttpRequest.java:76)
	at org.springframework.http.client.AbstractBufferingClientHttpRequest.executeInternal(AbstractBufferingClientHttpRequest.java:48)
	at org.springframework.http.client.AbstractClientHttpRequest.execute(AbstractClientHttpRequest.java:66)
	at org.springframework.web.client.RestTemplate.doExecute(RestTemplate.java:775)
	... 20 more

2021-01-05 15:09:55 [DiscoveryClient-HeartbeatExecutor-0] WARN  c.n.d.s.t.d.RetryableEurekaHttpClient -
				Request execution failed with message: I/O error on PUT request for "http://localhost:8761/eureka/apps/USERPROFILE-SERVICE/localhost:userprofile-service:8084": Connection refused: connect; nested exception is java.net.ConnectException: Connection refused: connect
2021-01-05 15:09:55 [DiscoveryClient-CacheRefreshExecutor-0] INFO  c.netflix.discovery.DiscoveryClient -
				DiscoveryClient_USERPROFILE-SERVICE/localhost:userprofile-service:8084 - was unable to refresh its cache! This periodic background refresh will be retried in 30 seconds. status = Cannot execute request on any known server stacktrace = com.netflix.discovery.shared.transport.TransportException: Cannot execute request on any known server
	at com.netflix.discovery.shared.transport.decorator.RetryableEurekaHttpClient.execute(RetryableEurekaHttpClient.java:112)
	at com.netflix.discovery.shared.transport.decorator.EurekaHttpClientDecorator.getDelta(EurekaHttpClientDecorator.java:149)
	at com.netflix.discovery.shared.transport.decorator.EurekaHttpClientDecorator$7.execute(EurekaHttpClientDecorator.java:152)
	at com.netflix.discovery.shared.transport.decorator.SessionedEurekaHttpClient.execute(SessionedEurekaHttpClient.java:77)
	at com.netflix.discovery.shared.transport.decorator.EurekaHttpClientDecorator.getDelta(EurekaHttpClientDecorator.java:149)
	at com.netflix.discovery.DiscoveryClient.getAndUpdateDelta(DiscoveryClient.java:1135)
	at com.netflix.discovery.DiscoveryClient.fetchRegistry(DiscoveryClient.java:1016)
	at com.netflix.discovery.DiscoveryClient.refreshRegistry(DiscoveryClient.java:1531)
	at com.netflix.discovery.DiscoveryClient$CacheRefreshThread.run(DiscoveryClient.java:1498)
	at java.base/java.util.concurrent.Executors$RunnableAdapter.call(Executors.java:515)
	at java.base/java.util.concurrent.FutureTask.run(FutureTask.java:264)
	at java.base/java.util.concurrent.ThreadPoolExecutor.runWorker(ThreadPoolExecutor.java:1130)
	at java.base/java.util.concurrent.ThreadPoolExecutor$Worker.run(ThreadPoolExecutor.java:630)
	at java.base/java.lang.Thread.run(Thread.java:832)

2021-01-05 15:09:55 [DiscoveryClient-HeartbeatExecutor-0] ERROR c.netflix.discovery.DiscoveryClient -
				DiscoveryClient_USERPROFILE-SERVICE/localhost:userprofile-service:8084 - was unable to send heartbeat!
com.netflix.discovery.shared.transport.TransportException: Cannot execute request on any known server
	at com.netflix.discovery.shared.transport.decorator.RetryableEurekaHttpClient.execute(RetryableEurekaHttpClient.java:112)
	at com.netflix.discovery.shared.transport.decorator.EurekaHttpClientDecorator.sendHeartBeat(EurekaHttpClientDecorator.java:89)
	at com.netflix.discovery.shared.transport.decorator.EurekaHttpClientDecorator$3.execute(EurekaHttpClientDecorator.java:92)
	at com.netflix.discovery.shared.transport.decorator.SessionedEurekaHttpClient.execute(SessionedEurekaHttpClient.java:77)
	at com.netflix.discovery.shared.transport.decorator.EurekaHttpClientDecorator.sendHeartBeat(EurekaHttpClientDecorator.java:89)
	at com.netflix.discovery.DiscoveryClient.renew(DiscoveryClient.java:893)
	at com.netflix.discovery.DiscoveryClient$HeartbeatThread.run(DiscoveryClient.java:1457)
	at java.base/java.util.concurrent.Executors$RunnableAdapter.call(Executors.java:515)
	at java.base/java.util.concurrent.FutureTask.run(FutureTask.java:264)
	at java.base/java.util.concurrent.ThreadPoolExecutor.runWorker(ThreadPoolExecutor.java:1130)
	at java.base/java.util.concurrent.ThreadPoolExecutor$Worker.run(ThreadPoolExecutor.java:630)
	at java.base/java.lang.Thread.run(Thread.java:832)
