2021-01-05 11:31:01 [main] DEBUG org.hibernate.type.BasicTypeRegistry -
				Adding type registration boolean -> org.hibernate.type.BooleanType@3962ec84
2021-01-05 11:31:01 [main] DEBUG org.hibernate.type.BasicTypeRegistry -
				Adding type registration boolean -> org.hibernate.type.BooleanType@3962ec84
2021-01-05 11:31:01 [main] DEBUG org.hibernate.type.BasicTypeRegistry -
				Adding type registration java.lang.Boolean -> org.hibernate.type.BooleanType@3962ec84
2021-01-05 11:31:01 [main] DEBUG org.hibernate.type.BasicTypeRegistry -
				Adding type registration numeric_boolean -> org.hibernate.type.NumericBooleanType@660b1a9d
2021-01-05 11:31:01 [main] DEBUG org.hibernate.type.BasicTypeRegistry -
				Adding type registration true_false -> org.hibernate.type.TrueFalseType@112c2930
2021-01-05 11:31:01 [main] DEBUG org.hibernate.type.BasicTypeRegistry -
				Adding type registration yes_no -> org.hibernate.type.YesNoType@1f758e4f
2021-01-05 11:31:01 [main] DEBUG org.hibernate.type.BasicTypeRegistry -
				Adding type registration byte -> org.hibernate.type.ByteType@61853c7e
2021-01-05 11:31:01 [main] DEBUG org.hibernate.type.BasicTypeRegistry -
				Adding type registration byte -> org.hibernate.type.ByteType@61853c7e
2021-01-05 11:31:01 [main] DEBUG org.hibernate.type.BasicTypeRegistry -
				Adding type registration java.lang.Byte -> org.hibernate.type.ByteType@61853c7e
2021-01-05 11:31:01 [main] DEBUG org.hibernate.type.BasicTypeRegistry -
				Adding type registration character -> org.hibernate.type.CharacterType@59d5a6fd
2021-01-05 11:31:01 [main] DEBUG org.hibernate.type.BasicTypeRegistry -
				Adding type registration char -> org.hibernate.type.CharacterType@59d5a6fd
2021-01-05 11:31:01 [main] DEBUG org.hibernate.type.BasicTypeRegistry -
				Adding type registration java.lang.Character -> org.hibernate.type.CharacterType@59d5a6fd
2021-01-05 11:31:01 [main] DEBUG org.hibernate.type.BasicTypeRegistry -
				Adding type registration short -> org.hibernate.type.ShortType@1e734eee
2021-01-05 11:31:01 [main] DEBUG org.hibernate.type.BasicTypeRegistry -
				Adding type registration short -> org.hibernate.type.ShortType@1e734eee
2021-01-05 11:31:01 [main] DEBUG org.hibernate.type.BasicTypeRegistry -
				Adding type registration java.lang.Short -> org.hibernate.type.ShortType@1e734eee
2021-01-05 11:31:01 [main] DEBUG org.hibernate.type.BasicTypeRegistry -
				Adding type registration integer -> org.hibernate.type.IntegerType@3bc20984
2021-01-05 11:31:01 [main] DEBUG org.hibernate.type.BasicTypeRegistry -
				Adding type registration int -> org.hibernate.type.IntegerType@3bc20984
2021-01-05 11:31:01 [main] DEBUG org.hibernate.type.BasicTypeRegistry -
				Adding type registration java.lang.Integer -> org.hibernate.type.IntegerType@3bc20984
2021-01-05 11:31:01 [main] DEBUG org.hibernate.type.BasicTypeRegistry -
				Adding type registration long -> org.hibernate.type.LongType@6bd92538
2021-01-05 11:31:01 [main] DEBUG org.hibernate.type.BasicTypeRegistry -
				Adding type registration long -> org.hibernate.type.LongType@6bd92538
2021-01-05 11:31:01 [main] DEBUG org.hibernate.type.BasicTypeRegistry -
				Adding type registration java.lang.Long -> org.hibernate.type.LongType@6bd92538
2021-01-05 11:31:01 [main] DEBUG org.hibernate.type.BasicTypeRegistry -
				Adding type registration float -> org.hibernate.type.FloatType@173511ff
2021-01-05 11:31:01 [main] DEBUG org.hibernate.type.BasicTypeRegistry -
				Adding type registration float -> org.hibernate.type.FloatType@173511ff
2021-01-05 11:31:01 [main] DEBUG org.hibernate.type.BasicTypeRegistry -
				Adding type registration java.lang.Float -> org.hibernate.type.FloatType@173511ff
2021-01-05 11:31:01 [main] DEBUG org.hibernate.type.BasicTypeRegistry -
				Adding type registration double -> org.hibernate.type.DoubleType@1ccc1026
2021-01-05 11:31:01 [main] DEBUG org.hibernate.type.BasicTypeRegistry -
				Adding type registration double -> org.hibernate.type.DoubleType@1ccc1026
2021-01-05 11:31:01 [main] DEBUG org.hibernate.type.BasicTypeRegistry -
				Adding type registration java.lang.Double -> org.hibernate.type.DoubleType@1ccc1026
2021-01-05 11:31:01 [main] DEBUG org.hibernate.type.BasicTypeRegistry -
				Adding type registration big_decimal -> org.hibernate.type.BigDecimalType@722787b5
2021-01-05 11:31:01 [main] DEBUG org.hibernate.type.BasicTypeRegistry -
				Adding type registration java.math.BigDecimal -> org.hibernate.type.BigDecimalType@722787b5
2021-01-05 11:31:01 [main] DEBUG org.hibernate.type.BasicTypeRegistry -
				Adding type registration big_integer -> org.hibernate.type.BigIntegerType@2ccc9681
2021-01-05 11:31:01 [main] DEBUG org.hibernate.type.BasicTypeRegistry -
				Adding type registration java.math.BigInteger -> org.hibernate.type.BigIntegerType@2ccc9681
2021-01-05 11:31:01 [main] DEBUG org.hibernate.type.BasicTypeRegistry -
				Adding type registration string -> org.hibernate.type.StringType@1b31af02
2021-01-05 11:31:01 [main] DEBUG org.hibernate.type.BasicTypeRegistry -
				Adding type registration java.lang.String -> org.hibernate.type.StringType@1b31af02
2021-01-05 11:31:01 [main] DEBUG org.hibernate.type.BasicTypeRegistry -
				Adding type registration nstring -> org.hibernate.type.StringNVarcharType@389a5022
2021-01-05 11:31:01 [main] DEBUG org.hibernate.type.BasicTypeRegistry -
				Adding type registration ncharacter -> org.hibernate.type.CharacterNCharType@6c995c5d
2021-01-05 11:31:01 [main] DEBUG org.hibernate.type.BasicTypeRegistry -
				Adding type registration url -> org.hibernate.type.UrlType@53cb0bcb
2021-01-05 11:31:01 [main] DEBUG org.hibernate.type.BasicTypeRegistry -
				Adding type registration java.net.URL -> org.hibernate.type.UrlType@53cb0bcb
2021-01-05 11:31:01 [main] DEBUG org.hibernate.type.BasicTypeRegistry -
				Adding type registration Duration -> org.hibernate.type.DurationType@7574d4ad
2021-01-05 11:31:01 [main] DEBUG org.hibernate.type.BasicTypeRegistry -
				Adding type registration java.time.Duration -> org.hibernate.type.DurationType@7574d4ad
2021-01-05 11:31:01 [main] DEBUG org.hibernate.type.BasicTypeRegistry -
				Adding type registration Instant -> org.hibernate.type.InstantType@7a55fb81
2021-01-05 11:31:01 [main] DEBUG org.hibernate.type.BasicTypeRegistry -
				Adding type registration java.time.Instant -> org.hibernate.type.InstantType@7a55fb81
2021-01-05 11:31:01 [main] DEBUG org.hibernate.type.BasicTypeRegistry -
				Adding type registration LocalDateTime -> org.hibernate.type.LocalDateTimeType@7272ee51
2021-01-05 11:31:01 [main] DEBUG org.hibernate.type.BasicTypeRegistry -
				Adding type registration java.time.LocalDateTime -> org.hibernate.type.LocalDateTimeType@7272ee51
2021-01-05 11:31:01 [main] DEBUG org.hibernate.type.BasicTypeRegistry -
				Adding type registration LocalDate -> org.hibernate.type.LocalDateType@762a10b6
2021-01-05 11:31:01 [main] DEBUG org.hibernate.type.BasicTypeRegistry -
				Adding type registration java.time.LocalDate -> org.hibernate.type.LocalDateType@762a10b6
2021-01-05 11:31:01 [main] DEBUG org.hibernate.type.BasicTypeRegistry -
				Adding type registration LocalTime -> org.hibernate.type.LocalTimeType@240a2619
2021-01-05 11:31:01 [main] DEBUG org.hibernate.type.BasicTypeRegistry -
				Adding type registration java.time.LocalTime -> org.hibernate.type.LocalTimeType@240a2619
2021-01-05 11:31:01 [main] DEBUG org.hibernate.type.BasicTypeRegistry -
				Adding type registration OffsetDateTime -> org.hibernate.type.OffsetDateTimeType@3070f3e6
2021-01-05 11:31:01 [main] DEBUG org.hibernate.type.BasicTypeRegistry -
				Adding type registration java.time.OffsetDateTime -> org.hibernate.type.OffsetDateTimeType@3070f3e6
2021-01-05 11:31:01 [main] DEBUG org.hibernate.type.BasicTypeRegistry -
				Adding type registration OffsetTime -> org.hibernate.type.OffsetTimeType@4fc6e776
2021-01-05 11:31:01 [main] DEBUG org.hibernate.type.BasicTypeRegistry -
				Adding type registration java.time.OffsetTime -> org.hibernate.type.OffsetTimeType@4fc6e776
2021-01-05 11:31:01 [main] DEBUG org.hibernate.type.BasicTypeRegistry -
				Adding type registration ZonedDateTime -> org.hibernate.type.ZonedDateTimeType@32da97fd
2021-01-05 11:31:01 [main] DEBUG org.hibernate.type.BasicTypeRegistry -
				Adding type registration java.time.ZonedDateTime -> org.hibernate.type.ZonedDateTimeType@32da97fd
2021-01-05 11:31:01 [main] DEBUG org.hibernate.type.BasicTypeRegistry -
				Adding type registration date -> org.hibernate.type.DateType@52d7ab79
2021-01-05 11:31:01 [main] DEBUG org.hibernate.type.BasicTypeRegistry -
				Adding type registration java.sql.Date -> org.hibernate.type.DateType@52d7ab79
2021-01-05 11:31:02 [main] DEBUG org.hibernate.type.BasicTypeRegistry -
				Adding type registration time -> org.hibernate.type.TimeType@74a58a06
2021-01-05 11:31:02 [main] DEBUG org.hibernate.type.BasicTypeRegistry -
				Adding type registration java.sql.Time -> org.hibernate.type.TimeType@74a58a06
2021-01-05 11:31:02 [main] DEBUG org.hibernate.type.BasicTypeRegistry -
				Adding type registration timestamp -> org.hibernate.type.TimestampType@3e52ed5d
2021-01-05 11:31:02 [main] DEBUG org.hibernate.type.BasicTypeRegistry -
				Adding type registration java.sql.Timestamp -> org.hibernate.type.TimestampType@3e52ed5d
2021-01-05 11:31:02 [main] DEBUG org.hibernate.type.BasicTypeRegistry -
				Adding type registration java.util.Date -> org.hibernate.type.TimestampType@3e52ed5d
2021-01-05 11:31:02 [main] DEBUG org.hibernate.type.BasicTypeRegistry -
				Adding type registration dbtimestamp -> org.hibernate.type.DbTimestampType@14d1737a
2021-01-05 11:31:02 [main] DEBUG org.hibernate.type.BasicTypeRegistry -
				Adding type registration calendar -> org.hibernate.type.CalendarType@2d4fb0d8
2021-01-05 11:31:02 [main] DEBUG org.hibernate.type.BasicTypeRegistry -
				Adding type registration java.util.Calendar -> org.hibernate.type.CalendarType@2d4fb0d8
2021-01-05 11:31:02 [main] DEBUG org.hibernate.type.BasicTypeRegistry -
				Adding type registration java.util.GregorianCalendar -> org.hibernate.type.CalendarType@2d4fb0d8
2021-01-05 11:31:02 [main] DEBUG org.hibernate.type.BasicTypeRegistry -
				Adding type registration calendar_date -> org.hibernate.type.CalendarDateType@59262a90
2021-01-05 11:31:02 [main] DEBUG org.hibernate.type.BasicTypeRegistry -
				Adding type registration calendar_time -> org.hibernate.type.CalendarTimeType@c212536
2021-01-05 11:31:02 [main] DEBUG org.hibernate.type.BasicTypeRegistry -
				Adding type registration locale -> org.hibernate.type.LocaleType@60928a61
2021-01-05 11:31:02 [main] DEBUG org.hibernate.type.BasicTypeRegistry -
				Adding type registration java.util.Locale -> org.hibernate.type.LocaleType@60928a61
2021-01-05 11:31:02 [main] DEBUG org.hibernate.type.BasicTypeRegistry -
				Adding type registration currency -> org.hibernate.type.CurrencyType@7e18ced7
2021-01-05 11:31:02 [main] DEBUG org.hibernate.type.BasicTypeRegistry -
				Adding type registration java.util.Currency -> org.hibernate.type.CurrencyType@7e18ced7
2021-01-05 11:31:02 [main] DEBUG org.hibernate.type.BasicTypeRegistry -
				Adding type registration timezone -> org.hibernate.type.TimeZoneType@221b77d7
2021-01-05 11:31:02 [main] DEBUG org.hibernate.type.BasicTypeRegistry -
				Adding type registration java.util.TimeZone -> org.hibernate.type.TimeZoneType@221b77d7
2021-01-05 11:31:02 [main] DEBUG org.hibernate.type.BasicTypeRegistry -
				Adding type registration class -> org.hibernate.type.ClassType@6e00837f
2021-01-05 11:31:02 [main] DEBUG org.hibernate.type.BasicTypeRegistry -
				Adding type registration java.lang.Class -> org.hibernate.type.ClassType@6e00837f
2021-01-05 11:31:02 [main] DEBUG org.hibernate.type.BasicTypeRegistry -
				Adding type registration uuid-binary -> org.hibernate.type.UUIDBinaryType@1e6bd263
2021-01-05 11:31:02 [main] DEBUG org.hibernate.type.BasicTypeRegistry -
				Adding type registration java.util.UUID -> org.hibernate.type.UUIDBinaryType@1e6bd263
2021-01-05 11:31:02 [main] DEBUG org.hibernate.type.BasicTypeRegistry -
				Adding type registration uuid-char -> org.hibernate.type.UUIDCharType@1515f782
2021-01-05 11:31:02 [main] DEBUG org.hibernate.type.BasicTypeRegistry -
				Adding type registration binary -> org.hibernate.type.BinaryType@6eede35e
2021-01-05 11:31:02 [main] DEBUG org.hibernate.type.BasicTypeRegistry -
				Adding type registration byte[] -> org.hibernate.type.BinaryType@6eede35e
2021-01-05 11:31:02 [main] DEBUG org.hibernate.type.BasicTypeRegistry -
				Adding type registration [B -> org.hibernate.type.BinaryType@6eede35e
2021-01-05 11:31:02 [main] DEBUG org.hibernate.type.BasicTypeRegistry -
				Adding type registration wrapper-binary -> org.hibernate.type.WrapperBinaryType@46d0f89c
2021-01-05 11:31:02 [main] DEBUG org.hibernate.type.BasicTypeRegistry -
				Adding type registration Byte[] -> org.hibernate.type.WrapperBinaryType@46d0f89c
2021-01-05 11:31:02 [main] DEBUG org.hibernate.type.BasicTypeRegistry -
				Adding type registration [Ljava.lang.Byte; -> org.hibernate.type.WrapperBinaryType@46d0f89c
2021-01-05 11:31:02 [main] DEBUG org.hibernate.type.BasicTypeRegistry -
				Adding type registration row_version -> org.hibernate.type.RowVersionType@58164e9a
2021-01-05 11:31:02 [main] DEBUG org.hibernate.type.BasicTypeRegistry -
				Adding type registration image -> org.hibernate.type.ImageType@76e6c070
2021-01-05 11:31:02 [main] DEBUG org.hibernate.type.BasicTypeRegistry -
				Adding type registration characters -> org.hibernate.type.CharArrayType@4ebd6fd6
2021-01-05 11:31:02 [main] DEBUG org.hibernate.type.BasicTypeRegistry -
				Adding type registration char[] -> org.hibernate.type.CharArrayType@4ebd6fd6
2021-01-05 11:31:02 [main] DEBUG org.hibernate.type.BasicTypeRegistry -
				Adding type registration [C -> org.hibernate.type.CharArrayType@4ebd6fd6
2021-01-05 11:31:02 [main] DEBUG org.hibernate.type.BasicTypeRegistry -
				Adding type registration wrapper-characters -> org.hibernate.type.CharacterArrayType@9be7319
2021-01-05 11:31:02 [main] DEBUG org.hibernate.type.BasicTypeRegistry -
				Adding type registration [Ljava.lang.Character; -> org.hibernate.type.CharacterArrayType@9be7319
2021-01-05 11:31:02 [main] DEBUG org.hibernate.type.BasicTypeRegistry -
				Adding type registration Character[] -> org.hibernate.type.CharacterArrayType@9be7319
2021-01-05 11:31:02 [main] DEBUG org.hibernate.type.BasicTypeRegistry -
				Adding type registration text -> org.hibernate.type.TextType@629b780f
2021-01-05 11:31:02 [main] DEBUG org.hibernate.type.BasicTypeRegistry -
				Adding type registration ntext -> org.hibernate.type.NTextType@7e2c6702
2021-01-05 11:31:02 [main] DEBUG org.hibernate.type.BasicTypeRegistry -
				Adding type registration blob -> org.hibernate.type.BlobType@3dea226b
2021-01-05 11:31:02 [main] DEBUG org.hibernate.type.BasicTypeRegistry -
				Adding type registration java.sql.Blob -> org.hibernate.type.BlobType@3dea226b
2021-01-05 11:31:02 [main] DEBUG org.hibernate.type.BasicTypeRegistry -
				Adding type registration materialized_blob -> org.hibernate.type.MaterializedBlobType@13d289c7
2021-01-05 11:31:02 [main] DEBUG org.hibernate.type.BasicTypeRegistry -
				Adding type registration clob -> org.hibernate.type.ClobType@698d6d30
2021-01-05 11:31:02 [main] DEBUG org.hibernate.type.BasicTypeRegistry -
				Adding type registration java.sql.Clob -> org.hibernate.type.ClobType@698d6d30
2021-01-05 11:31:02 [main] DEBUG org.hibernate.type.BasicTypeRegistry -
				Adding type registration nclob -> org.hibernate.type.NClobType@4fbaa7f5
2021-01-05 11:31:02 [main] DEBUG org.hibernate.type.BasicTypeRegistry -
				Adding type registration java.sql.NClob -> org.hibernate.type.NClobType@4fbaa7f5
2021-01-05 11:31:02 [main] DEBUG org.hibernate.type.BasicTypeRegistry -
				Adding type registration materialized_clob -> org.hibernate.type.MaterializedClobType@4b476233
2021-01-05 11:31:02 [main] DEBUG org.hibernate.type.BasicTypeRegistry -
				Adding type registration materialized_nclob -> org.hibernate.type.MaterializedNClobType@29dcdd1c
2021-01-05 11:31:02 [main] DEBUG org.hibernate.type.BasicTypeRegistry -
				Adding type registration serializable -> org.hibernate.type.SerializableType@7cd3e0da
2021-01-05 11:31:02 [main] DEBUG org.hibernate.type.BasicTypeRegistry -
				Adding type registration object -> org.hibernate.type.ObjectType@ad0bb4e
2021-01-05 11:31:02 [main] DEBUG org.hibernate.type.BasicTypeRegistry -
				Adding type registration java.lang.Object -> org.hibernate.type.ObjectType@ad0bb4e
2021-01-05 11:31:02 [main] DEBUG org.hibernate.type.BasicTypeRegistry -
				Adding type registration imm_date -> org.hibernate.type.AdaptedImmutableType@7f642bf
2021-01-05 11:31:02 [main] DEBUG org.hibernate.type.BasicTypeRegistry -
				Adding type registration imm_time -> org.hibernate.type.AdaptedImmutableType@43e3a390
2021-01-05 11:31:02 [main] DEBUG org.hibernate.type.BasicTypeRegistry -
				Adding type registration imm_timestamp -> org.hibernate.type.AdaptedImmutableType@44aa91e2
2021-01-05 11:31:02 [main] DEBUG org.hibernate.type.BasicTypeRegistry -
				Adding type registration imm_dbtimestamp -> org.hibernate.type.AdaptedImmutableType@50dc49e1
2021-01-05 11:31:02 [main] DEBUG org.hibernate.type.BasicTypeRegistry -
				Adding type registration imm_calendar -> org.hibernate.type.AdaptedImmutableType@650a1aff
2021-01-05 11:31:02 [main] DEBUG org.hibernate.type.BasicTypeRegistry -
				Adding type registration imm_calendar_date -> org.hibernate.type.AdaptedImmutableType@3babcaed
2021-01-05 11:31:02 [main] DEBUG org.hibernate.type.BasicTypeRegistry -
				Adding type registration imm_binary -> org.hibernate.type.AdaptedImmutableType@2b9e69fb
2021-01-05 11:31:02 [main] DEBUG org.hibernate.type.BasicTypeRegistry -
				Adding type registration imm_serializable -> org.hibernate.type.AdaptedImmutableType@19bfbe28
2021-01-05 11:31:07 [main] ERROR com.zaxxer.hikari.pool.HikariPool -
				HikariPool-1 - Exception during pool initialization.
com.mysql.cj.jdbc.exceptions.CommunicationsException: Communications link failure

The last packet sent successfully to the server was 0 milliseconds ago. The driver has not received any packets from the server.
	at com.mysql.cj.jdbc.exceptions.SQLError.createCommunicationsException(SQLError.java:174)
	at com.mysql.cj.jdbc.exceptions.SQLExceptionsMapping.translateException(SQLExceptionsMapping.java:64)
	at com.mysql.cj.jdbc.ConnectionImpl.createNewIO(ConnectionImpl.java:836)
	at com.mysql.cj.jdbc.ConnectionImpl.<init>(ConnectionImpl.java:456)
	at com.mysql.cj.jdbc.ConnectionImpl.getInstance(ConnectionImpl.java:246)
	at com.mysql.cj.jdbc.NonRegisteringDriver.connect(NonRegisteringDriver.java:198)
	at com.zaxxer.hikari.util.DriverDataSource.getConnection(DriverDataSource.java:138)
	at com.zaxxer.hikari.pool.PoolBase.newConnection(PoolBase.java:358)
	at com.zaxxer.hikari.pool.PoolBase.newPoolEntry(PoolBase.java:206)
	at com.zaxxer.hikari.pool.HikariPool.createPoolEntry(HikariPool.java:477)
	at com.zaxxer.hikari.pool.HikariPool.checkFailFast(HikariPool.java:560)
	at com.zaxxer.hikari.pool.HikariPool.<init>(HikariPool.java:115)
	at com.zaxxer.hikari.HikariDataSource.getConnection(HikariDataSource.java:112)
	at org.hibernate.engine.jdbc.connections.internal.DatasourceConnectionProviderImpl.getConnection(DatasourceConnectionProviderImpl.java:122)
	at org.hibernate.engine.jdbc.env.internal.JdbcEnvironmentInitiator$ConnectionProviderJdbcConnectionAccess.obtainConnection(JdbcEnvironmentInitiator.java:180)
	at org.hibernate.engine.jdbc.env.internal.JdbcEnvironmentInitiator.initiateService(JdbcEnvironmentInitiator.java:68)
	at org.hibernate.engine.jdbc.env.internal.JdbcEnvironmentInitiator.initiateService(JdbcEnvironmentInitiator.java:35)
	at org.hibernate.boot.registry.internal.StandardServiceRegistryImpl.initiateService(StandardServiceRegistryImpl.java:101)
	at org.hibernate.service.internal.AbstractServiceRegistryImpl.createService(AbstractServiceRegistryImpl.java:263)
	at org.hibernate.service.internal.AbstractServiceRegistryImpl.initializeService(AbstractServiceRegistryImpl.java:237)
	at org.hibernate.service.internal.AbstractServiceRegistryImpl.getService(AbstractServiceRegistryImpl.java:214)
	at org.hibernate.id.factory.internal.DefaultIdentifierGeneratorFactory.injectServices(DefaultIdentifierGeneratorFactory.java:152)
	at org.hibernate.service.internal.AbstractServiceRegistryImpl.injectDependencies(AbstractServiceRegistryImpl.java:286)
	at org.hibernate.service.internal.AbstractServiceRegistryImpl.initializeService(AbstractServiceRegistryImpl.java:243)
	at org.hibernate.service.internal.AbstractServiceRegistryImpl.getService(AbstractServiceRegistryImpl.java:214)
	at org.hibernate.boot.internal.InFlightMetadataCollectorImpl.<init>(InFlightMetadataCollectorImpl.java:176)
	at org.hibernate.boot.model.process.spi.MetadataBuildingProcess.complete(MetadataBuildingProcess.java:127)
	at org.hibernate.jpa.boot.internal.EntityManagerFactoryBuilderImpl.metadata(EntityManagerFactoryBuilderImpl.java:1224)
	at org.hibernate.jpa.boot.internal.EntityManagerFactoryBuilderImpl.build(EntityManagerFactoryBuilderImpl.java:1255)
	at org.springframework.orm.jpa.vendor.SpringHibernateJpaPersistenceProvider.createContainerEntityManagerFactory(SpringHibernateJpaPersistenceProvider.java:58)
	at org.springframework.orm.jpa.LocalContainerEntityManagerFactoryBean.createNativeEntityManagerFactory(LocalContainerEntityManagerFactoryBean.java:365)
	at org.springframework.orm.jpa.AbstractEntityManagerFactoryBean.buildNativeEntityManagerFactory(AbstractEntityManagerFactoryBean.java:409)
	at org.springframework.orm.jpa.AbstractEntityManagerFactoryBean.afterPropertiesSet(AbstractEntityManagerFactoryBean.java:396)
	at org.springframework.orm.jpa.LocalContainerEntityManagerFactoryBean.afterPropertiesSet(LocalContainerEntityManagerFactoryBean.java:341)
	at org.springframework.beans.factory.support.AbstractAutowireCapableBeanFactory.invokeInitMethods(AbstractAutowireCapableBeanFactory.java:1847)
	at org.springframework.beans.factory.support.AbstractAutowireCapableBeanFactory.initializeBean(AbstractAutowireCapableBeanFactory.java:1784)
	at org.springframework.beans.factory.support.AbstractAutowireCapableBeanFactory.doCreateBean(AbstractAutowireCapableBeanFactory.java:609)
	at org.springframework.beans.factory.support.AbstractAutowireCapableBeanFactory.createBean(AbstractAutowireCapableBeanFactory.java:531)
	at org.springframework.beans.factory.support.AbstractBeanFactory.lambda$doGetBean$0(AbstractBeanFactory.java:335)
	at org.springframework.beans.factory.support.DefaultSingletonBeanRegistry.getSingleton(DefaultSingletonBeanRegistry.java:234)
	at org.springframework.beans.factory.support.AbstractBeanFactory.doGetBean(AbstractBeanFactory.java:333)
	at org.springframework.beans.factory.support.AbstractBeanFactory.getBean(AbstractBeanFactory.java:208)
	at org.springframework.context.support.AbstractApplicationContext.getBean(AbstractApplicationContext.java:1159)
	at org.springframework.context.support.AbstractApplicationContext.finishBeanFactoryInitialization(AbstractApplicationContext.java:913)
	at org.springframework.context.support.AbstractApplicationContext.refresh(AbstractApplicationContext.java:588)
	at org.springframework.boot.web.servlet.context.ServletWebServerApplicationContext.refresh(ServletWebServerApplicationContext.java:144)
	at org.springframework.boot.SpringApplication.refresh(SpringApplication.java:767)
	at org.springframework.boot.SpringApplication.refresh(SpringApplication.java:759)
	at org.springframework.boot.SpringApplication.refreshContext(SpringApplication.java:426)
	at org.springframework.boot.SpringApplication.run(SpringApplication.java:326)
	at org.springframework.boot.SpringApplication.run(SpringApplication.java:1309)
	at org.springframework.boot.SpringApplication.run(SpringApplication.java:1298)
	at com.stackroute.user.AuthenticationServiceApplication.main(AuthenticationServiceApplication.java:12)
Caused by: com.mysql.cj.exceptions.CJCommunicationsException: Communications link failure

The last packet sent successfully to the server was 0 milliseconds ago. The driver has not received any packets from the server.
	at java.base/jdk.internal.reflect.NativeConstructorAccessorImpl.newInstance0(Native Method)
	at java.base/jdk.internal.reflect.NativeConstructorAccessorImpl.newInstance(NativeConstructorAccessorImpl.java:64)
	at java.base/jdk.internal.reflect.DelegatingConstructorAccessorImpl.newInstance(DelegatingConstructorAccessorImpl.java:45)
	at java.base/java.lang.reflect.Constructor.newInstanceWithCaller(Constructor.java:500)
	at java.base/java.lang.reflect.Constructor.newInstance(Constructor.java:481)
	at com.mysql.cj.exceptions.ExceptionFactory.createException(ExceptionFactory.java:61)
	at com.mysql.cj.exceptions.ExceptionFactory.createException(ExceptionFactory.java:105)
	at com.mysql.cj.exceptions.ExceptionFactory.createException(ExceptionFactory.java:151)
	at com.mysql.cj.exceptions.ExceptionFactory.createCommunicationsException(ExceptionFactory.java:167)
	at com.mysql.cj.protocol.a.NativeSocketConnection.connect(NativeSocketConnection.java:89)
	at com.mysql.cj.NativeSession.connect(NativeSession.java:144)
	at com.mysql.cj.jdbc.ConnectionImpl.connectOneTryOnly(ConnectionImpl.java:956)
	at com.mysql.cj.jdbc.ConnectionImpl.createNewIO(ConnectionImpl.java:826)
	... 50 common frames omitted
Caused by: java.net.ConnectException: Connection refused: no further information
	at java.base/sun.nio.ch.Net.pollConnect(Native Method)
	at java.base/sun.nio.ch.Net.pollConnectNow(Net.java:660)
	at java.base/sun.nio.ch.NioSocketImpl.timedFinishConnect(NioSocketImpl.java:549)
	at java.base/sun.nio.ch.NioSocketImpl.connect(NioSocketImpl.java:597)
	at java.base/java.net.SocksSocketImpl.connect(SocksSocketImpl.java:333)
	at java.base/java.net.Socket.connect(Socket.java:648)
	at com.mysql.cj.protocol.StandardSocketFactory.connect(StandardSocketFactory.java:155)
	at com.mysql.cj.protocol.a.NativeSocketConnection.connect(NativeSocketConnection.java:63)
	... 53 common frames omitted
2021-01-05 11:31:07 [main] WARN  o.h.e.j.e.i.JdbcEnvironmentInitiator -
				HHH000342: Could not obtain connection to query metadata
com.mysql.cj.jdbc.exceptions.CommunicationsException: Communications link failure

The last packet sent successfully to the server was 0 milliseconds ago. The driver has not received any packets from the server.
	at com.mysql.cj.jdbc.exceptions.SQLError.createCommunicationsException(SQLError.java:174)
	at com.mysql.cj.jdbc.exceptions.SQLExceptionsMapping.translateException(SQLExceptionsMapping.java:64)
	at com.mysql.cj.jdbc.ConnectionImpl.createNewIO(ConnectionImpl.java:836)
	at com.mysql.cj.jdbc.ConnectionImpl.<init>(ConnectionImpl.java:456)
	at com.mysql.cj.jdbc.ConnectionImpl.getInstance(ConnectionImpl.java:246)
	at com.mysql.cj.jdbc.NonRegisteringDriver.connect(NonRegisteringDriver.java:198)
	at com.zaxxer.hikari.util.DriverDataSource.getConnection(DriverDataSource.java:138)
	at com.zaxxer.hikari.pool.PoolBase.newConnection(PoolBase.java:358)
	at com.zaxxer.hikari.pool.PoolBase.newPoolEntry(PoolBase.java:206)
	at com.zaxxer.hikari.pool.HikariPool.createPoolEntry(HikariPool.java:477)
	at com.zaxxer.hikari.pool.HikariPool.checkFailFast(HikariPool.java:560)
	at com.zaxxer.hikari.pool.HikariPool.<init>(HikariPool.java:115)
	at com.zaxxer.hikari.HikariDataSource.getConnection(HikariDataSource.java:112)
	at org.hibernate.engine.jdbc.connections.internal.DatasourceConnectionProviderImpl.getConnection(DatasourceConnectionProviderImpl.java:122)
	at org.hibernate.engine.jdbc.env.internal.JdbcEnvironmentInitiator$ConnectionProviderJdbcConnectionAccess.obtainConnection(JdbcEnvironmentInitiator.java:180)
	at org.hibernate.engine.jdbc.env.internal.JdbcEnvironmentInitiator.initiateService(JdbcEnvironmentInitiator.java:68)
	at org.hibernate.engine.jdbc.env.internal.JdbcEnvironmentInitiator.initiateService(JdbcEnvironmentInitiator.java:35)
	at org.hibernate.boot.registry.internal.StandardServiceRegistryImpl.initiateService(StandardServiceRegistryImpl.java:101)
	at org.hibernate.service.internal.AbstractServiceRegistryImpl.createService(AbstractServiceRegistryImpl.java:263)
	at org.hibernate.service.internal.AbstractServiceRegistryImpl.initializeService(AbstractServiceRegistryImpl.java:237)
	at org.hibernate.service.internal.AbstractServiceRegistryImpl.getService(AbstractServiceRegistryImpl.java:214)
	at org.hibernate.id.factory.internal.DefaultIdentifierGeneratorFactory.injectServices(DefaultIdentifierGeneratorFactory.java:152)
	at org.hibernate.service.internal.AbstractServiceRegistryImpl.injectDependencies(AbstractServiceRegistryImpl.java:286)
	at org.hibernate.service.internal.AbstractServiceRegistryImpl.initializeService(AbstractServiceRegistryImpl.java:243)
	at org.hibernate.service.internal.AbstractServiceRegistryImpl.getService(AbstractServiceRegistryImpl.java:214)
	at org.hibernate.boot.internal.InFlightMetadataCollectorImpl.<init>(InFlightMetadataCollectorImpl.java:176)
	at org.hibernate.boot.model.process.spi.MetadataBuildingProcess.complete(MetadataBuildingProcess.java:127)
	at org.hibernate.jpa.boot.internal.EntityManagerFactoryBuilderImpl.metadata(EntityManagerFactoryBuilderImpl.java:1224)
	at org.hibernate.jpa.boot.internal.EntityManagerFactoryBuilderImpl.build(EntityManagerFactoryBuilderImpl.java:1255)
	at org.springframework.orm.jpa.vendor.SpringHibernateJpaPersistenceProvider.createContainerEntityManagerFactory(SpringHibernateJpaPersistenceProvider.java:58)
	at org.springframework.orm.jpa.LocalContainerEntityManagerFactoryBean.createNativeEntityManagerFactory(LocalContainerEntityManagerFactoryBean.java:365)
	at org.springframework.orm.jpa.AbstractEntityManagerFactoryBean.buildNativeEntityManagerFactory(AbstractEntityManagerFactoryBean.java:409)
	at org.springframework.orm.jpa.AbstractEntityManagerFactoryBean.afterPropertiesSet(AbstractEntityManagerFactoryBean.java:396)
	at org.springframework.orm.jpa.LocalContainerEntityManagerFactoryBean.afterPropertiesSet(LocalContainerEntityManagerFactoryBean.java:341)
	at org.springframework.beans.factory.support.AbstractAutowireCapableBeanFactory.invokeInitMethods(AbstractAutowireCapableBeanFactory.java:1847)
	at org.springframework.beans.factory.support.AbstractAutowireCapableBeanFactory.initializeBean(AbstractAutowireCapableBeanFactory.java:1784)
	at org.springframework.beans.factory.support.AbstractAutowireCapableBeanFactory.doCreateBean(AbstractAutowireCapableBeanFactory.java:609)
	at org.springframework.beans.factory.support.AbstractAutowireCapableBeanFactory.createBean(AbstractAutowireCapableBeanFactory.java:531)
	at org.springframework.beans.factory.support.AbstractBeanFactory.lambda$doGetBean$0(AbstractBeanFactory.java:335)
	at org.springframework.beans.factory.support.DefaultSingletonBeanRegistry.getSingleton(DefaultSingletonBeanRegistry.java:234)
	at org.springframework.beans.factory.support.AbstractBeanFactory.doGetBean(AbstractBeanFactory.java:333)
	at org.springframework.beans.factory.support.AbstractBeanFactory.getBean(AbstractBeanFactory.java:208)
	at org.springframework.context.support.AbstractApplicationContext.getBean(AbstractApplicationContext.java:1159)
	at org.springframework.context.support.AbstractApplicationContext.finishBeanFactoryInitialization(AbstractApplicationContext.java:913)
	at org.springframework.context.support.AbstractApplicationContext.refresh(AbstractApplicationContext.java:588)
	at org.springframework.boot.web.servlet.context.ServletWebServerApplicationContext.refresh(ServletWebServerApplicationContext.java:144)
	at org.springframework.boot.SpringApplication.refresh(SpringApplication.java:767)
	at org.springframework.boot.SpringApplication.refresh(SpringApplication.java:759)
	at org.springframework.boot.SpringApplication.refreshContext(SpringApplication.java:426)
	at org.springframework.boot.SpringApplication.run(SpringApplication.java:326)
	at org.springframework.boot.SpringApplication.run(SpringApplication.java:1309)
	at org.springframework.boot.SpringApplication.run(SpringApplication.java:1298)
	at com.stackroute.user.AuthenticationServiceApplication.main(AuthenticationServiceApplication.java:12)
Caused by: com.mysql.cj.exceptions.CJCommunicationsException: Communications link failure

The last packet sent successfully to the server was 0 milliseconds ago. The driver has not received any packets from the server.
	at java.base/jdk.internal.reflect.NativeConstructorAccessorImpl.newInstance0(Native Method)
	at java.base/jdk.internal.reflect.NativeConstructorAccessorImpl.newInstance(NativeConstructorAccessorImpl.java:64)
	at java.base/jdk.internal.reflect.DelegatingConstructorAccessorImpl.newInstance(DelegatingConstructorAccessorImpl.java:45)
	at java.base/java.lang.reflect.Constructor.newInstanceWithCaller(Constructor.java:500)
	at java.base/java.lang.reflect.Constructor.newInstance(Constructor.java:481)
	at com.mysql.cj.exceptions.ExceptionFactory.createException(ExceptionFactory.java:61)
	at com.mysql.cj.exceptions.ExceptionFactory.createException(ExceptionFactory.java:105)
	at com.mysql.cj.exceptions.ExceptionFactory.createException(ExceptionFactory.java:151)
	at com.mysql.cj.exceptions.ExceptionFactory.createCommunicationsException(ExceptionFactory.java:167)
	at com.mysql.cj.protocol.a.NativeSocketConnection.connect(NativeSocketConnection.java:89)
	at com.mysql.cj.NativeSession.connect(NativeSession.java:144)
	at com.mysql.cj.jdbc.ConnectionImpl.connectOneTryOnly(ConnectionImpl.java:956)
	at com.mysql.cj.jdbc.ConnectionImpl.createNewIO(ConnectionImpl.java:826)
	... 50 common frames omitted
Caused by: java.net.ConnectException: Connection refused: no further information
	at java.base/sun.nio.ch.Net.pollConnect(Native Method)
	at java.base/sun.nio.ch.Net.pollConnectNow(Net.java:660)
	at java.base/sun.nio.ch.NioSocketImpl.timedFinishConnect(NioSocketImpl.java:549)
	at java.base/sun.nio.ch.NioSocketImpl.connect(NioSocketImpl.java:597)
	at java.base/java.net.SocksSocketImpl.connect(SocksSocketImpl.java:333)
	at java.base/java.net.Socket.connect(Socket.java:648)
	at com.mysql.cj.protocol.StandardSocketFactory.connect(StandardSocketFactory.java:155)
	at com.mysql.cj.protocol.a.NativeSocketConnection.connect(NativeSocketConnection.java:63)
	... 53 common frames omitted
2021-01-05 11:31:08 [main] DEBUG o.h.type.spi.TypeConfiguration$Scope -
				Scoping TypeConfiguration [org.hibernate.type.spi.TypeConfiguration@71ad959b] to MetadataBuildingContext [org.hibernate.boot.internal.MetadataBuildingContextRootImpl@1d7c9811]
2021-01-05 11:31:08 [main] DEBUG o.h.type.spi.TypeConfiguration$Scope -
				Scoping TypeConfiguration [org.hibernate.type.spi.TypeConfiguration@71ad959b] to SessionFactoryImpl [org.hibernate.internal.SessionFactoryImpl@638977e0]
2021-01-05 11:31:14 [main] ERROR com.zaxxer.hikari.pool.HikariPool -
				HikariPool-1 - Exception during pool initialization.
com.mysql.cj.jdbc.exceptions.CommunicationsException: Communications link failure

The last packet sent successfully to the server was 0 milliseconds ago. The driver has not received any packets from the server.
	at com.mysql.cj.jdbc.exceptions.SQLError.createCommunicationsException(SQLError.java:174)
	at com.mysql.cj.jdbc.exceptions.SQLExceptionsMapping.translateException(SQLExceptionsMapping.java:64)
	at com.mysql.cj.jdbc.ConnectionImpl.createNewIO(ConnectionImpl.java:836)
	at com.mysql.cj.jdbc.ConnectionImpl.<init>(ConnectionImpl.java:456)
	at com.mysql.cj.jdbc.ConnectionImpl.getInstance(ConnectionImpl.java:246)
	at com.mysql.cj.jdbc.NonRegisteringDriver.connect(NonRegisteringDriver.java:198)
	at com.zaxxer.hikari.util.DriverDataSource.getConnection(DriverDataSource.java:138)
	at com.zaxxer.hikari.pool.PoolBase.newConnection(PoolBase.java:358)
	at com.zaxxer.hikari.pool.PoolBase.newPoolEntry(PoolBase.java:206)
	at com.zaxxer.hikari.pool.HikariPool.createPoolEntry(HikariPool.java:477)
	at com.zaxxer.hikari.pool.HikariPool.checkFailFast(HikariPool.java:560)
	at com.zaxxer.hikari.pool.HikariPool.<init>(HikariPool.java:115)
	at com.zaxxer.hikari.HikariDataSource.getConnection(HikariDataSource.java:112)
	at org.hibernate.engine.jdbc.connections.internal.DatasourceConnectionProviderImpl.getConnection(DatasourceConnectionProviderImpl.java:122)
	at org.hibernate.engine.jdbc.env.internal.JdbcEnvironmentInitiator$ConnectionProviderJdbcConnectionAccess.obtainConnection(JdbcEnvironmentInitiator.java:180)
	at org.hibernate.resource.transaction.backend.jdbc.internal.DdlTransactionIsolatorNonJtaImpl.getIsolatedConnection(DdlTransactionIsolatorNonJtaImpl.java:43)
	at org.hibernate.tool.schema.internal.exec.ImprovedExtractionContextImpl.getJdbcConnection(ImprovedExtractionContextImpl.java:60)
	at org.hibernate.tool.schema.internal.exec.ImprovedExtractionContextImpl.getJdbcDatabaseMetaData(ImprovedExtractionContextImpl.java:67)
	at org.hibernate.tool.schema.extract.internal.InformationExtractorJdbcDatabaseMetaDataImpl.getTables(InformationExtractorJdbcDatabaseMetaDataImpl.java:333)
	at org.hibernate.tool.schema.extract.internal.DatabaseInformationImpl.getTablesInformation(DatabaseInformationImpl.java:120)
	at org.hibernate.tool.schema.internal.GroupedSchemaMigratorImpl.performTablesMigration(GroupedSchemaMigratorImpl.java:65)
	at org.hibernate.tool.schema.internal.AbstractSchemaMigrator.performMigration(AbstractSchemaMigrator.java:207)
	at org.hibernate.tool.schema.internal.AbstractSchemaMigrator.doMigration(AbstractSchemaMigrator.java:114)
	at org.hibernate.tool.schema.spi.SchemaManagementToolCoordinator.performDatabaseAction(SchemaManagementToolCoordinator.java:184)
	at org.hibernate.tool.schema.spi.SchemaManagementToolCoordinator.process(SchemaManagementToolCoordinator.java:73)
	at org.hibernate.internal.SessionFactoryImpl.<init>(SessionFactoryImpl.java:316)
	at org.hibernate.boot.internal.SessionFactoryBuilderImpl.build(SessionFactoryBuilderImpl.java:469)
	at org.hibernate.jpa.boot.internal.EntityManagerFactoryBuilderImpl.build(EntityManagerFactoryBuilderImpl.java:1259)
	at org.springframework.orm.jpa.vendor.SpringHibernateJpaPersistenceProvider.createContainerEntityManagerFactory(SpringHibernateJpaPersistenceProvider.java:58)
	at org.springframework.orm.jpa.LocalContainerEntityManagerFactoryBean.createNativeEntityManagerFactory(LocalContainerEntityManagerFactoryBean.java:365)
	at org.springframework.orm.jpa.AbstractEntityManagerFactoryBean.buildNativeEntityManagerFactory(AbstractEntityManagerFactoryBean.java:409)
	at org.springframework.orm.jpa.AbstractEntityManagerFactoryBean.afterPropertiesSet(AbstractEntityManagerFactoryBean.java:396)
	at org.springframework.orm.jpa.LocalContainerEntityManagerFactoryBean.afterPropertiesSet(LocalContainerEntityManagerFactoryBean.java:341)
	at org.springframework.beans.factory.support.AbstractAutowireCapableBeanFactory.invokeInitMethods(AbstractAutowireCapableBeanFactory.java:1847)
	at org.springframework.beans.factory.support.AbstractAutowireCapableBeanFactory.initializeBean(AbstractAutowireCapableBeanFactory.java:1784)
	at org.springframework.beans.factory.support.AbstractAutowireCapableBeanFactory.doCreateBean(AbstractAutowireCapableBeanFactory.java:609)
	at org.springframework.beans.factory.support.AbstractAutowireCapableBeanFactory.createBean(AbstractAutowireCapableBeanFactory.java:531)
	at org.springframework.beans.factory.support.AbstractBeanFactory.lambda$doGetBean$0(AbstractBeanFactory.java:335)
	at org.springframework.beans.factory.support.DefaultSingletonBeanRegistry.getSingleton(DefaultSingletonBeanRegistry.java:234)
	at org.springframework.beans.factory.support.AbstractBeanFactory.doGetBean(AbstractBeanFactory.java:333)
	at org.springframework.beans.factory.support.AbstractBeanFactory.getBean(AbstractBeanFactory.java:208)
	at org.springframework.context.support.AbstractApplicationContext.getBean(AbstractApplicationContext.java:1159)
	at org.springframework.context.support.AbstractApplicationContext.finishBeanFactoryInitialization(AbstractApplicationContext.java:913)
	at org.springframework.context.support.AbstractApplicationContext.refresh(AbstractApplicationContext.java:588)
	at org.springframework.boot.web.servlet.context.ServletWebServerApplicationContext.refresh(ServletWebServerApplicationContext.java:144)
	at org.springframework.boot.SpringApplication.refresh(SpringApplication.java:767)
	at org.springframework.boot.SpringApplication.refresh(SpringApplication.java:759)
	at org.springframework.boot.SpringApplication.refreshContext(SpringApplication.java:426)
	at org.springframework.boot.SpringApplication.run(SpringApplication.java:326)
	at org.springframework.boot.SpringApplication.run(SpringApplication.java:1309)
	at org.springframework.boot.SpringApplication.run(SpringApplication.java:1298)
	at com.stackroute.user.AuthenticationServiceApplication.main(AuthenticationServiceApplication.java:12)
Caused by: com.mysql.cj.exceptions.CJCommunicationsException: Communications link failure

The last packet sent successfully to the server was 0 milliseconds ago. The driver has not received any packets from the server.
	at java.base/jdk.internal.reflect.NativeConstructorAccessorImpl.newInstance0(Native Method)
	at java.base/jdk.internal.reflect.NativeConstructorAccessorImpl.newInstance(NativeConstructorAccessorImpl.java:64)
	at java.base/jdk.internal.reflect.DelegatingConstructorAccessorImpl.newInstance(DelegatingConstructorAccessorImpl.java:45)
	at java.base/java.lang.reflect.Constructor.newInstanceWithCaller(Constructor.java:500)
	at java.base/java.lang.reflect.Constructor.newInstance(Constructor.java:481)
	at com.mysql.cj.exceptions.ExceptionFactory.createException(ExceptionFactory.java:61)
	at com.mysql.cj.exceptions.ExceptionFactory.createException(ExceptionFactory.java:105)
	at com.mysql.cj.exceptions.ExceptionFactory.createException(ExceptionFactory.java:151)
	at com.mysql.cj.exceptions.ExceptionFactory.createCommunicationsException(ExceptionFactory.java:167)
	at com.mysql.cj.protocol.a.NativeSocketConnection.connect(NativeSocketConnection.java:89)
	at com.mysql.cj.NativeSession.connect(NativeSession.java:144)
	at com.mysql.cj.jdbc.ConnectionImpl.connectOneTryOnly(ConnectionImpl.java:956)
	at com.mysql.cj.jdbc.ConnectionImpl.createNewIO(ConnectionImpl.java:826)
	... 49 common frames omitted
Caused by: java.net.ConnectException: Connection refused: no further information
	at java.base/sun.nio.ch.Net.pollConnect(Native Method)
	at java.base/sun.nio.ch.Net.pollConnectNow(Net.java:660)
	at java.base/sun.nio.ch.NioSocketImpl.timedFinishConnect(NioSocketImpl.java:549)
	at java.base/sun.nio.ch.NioSocketImpl.connect(NioSocketImpl.java:597)
	at java.base/java.net.SocksSocketImpl.connect(SocksSocketImpl.java:333)
	at java.base/java.net.Socket.connect(Socket.java:648)
	at com.mysql.cj.protocol.StandardSocketFactory.connect(StandardSocketFactory.java:155)
	at com.mysql.cj.protocol.a.NativeSocketConnection.connect(NativeSocketConnection.java:63)
	... 52 common frames omitted
2021-01-05 11:31:14 [main] WARN  o.h.e.jdbc.spi.SqlExceptionHelper -
				SQL Error: 0, SQLState: 08S01
2021-01-05 11:31:14 [main] ERROR o.h.e.jdbc.spi.SqlExceptionHelper -
				Communications link failure

The last packet sent successfully to the server was 0 milliseconds ago. The driver has not received any packets from the server.
2021-01-05 11:31:14 [main] TRACE o.h.type.spi.TypeConfiguration$Scope -
				Handling #sessionFactoryClosed from [org.hibernate.internal.SessionFactoryImpl@638977e0] for TypeConfiguration
2021-01-05 11:31:14 [main] DEBUG o.h.type.spi.TypeConfiguration$Scope -
				Un-scoping TypeConfiguration [org.hibernate.type.spi.TypeConfiguration$Scope@33a3e5db] from SessionFactory [org.hibernate.internal.SessionFactoryImpl@638977e0]
2021-01-05 11:31:14 [main] ERROR o.s.o.j.LocalContainerEntityManagerFactoryBean -
				Failed to initialize JPA EntityManagerFactory: [PersistenceUnit: default] Unable to build Hibernate SessionFactory; nested exception is org.hibernate.exception.JDBCConnectionException: Unable to open JDBC Connection for DDL execution
2021-01-05 11:31:14 [main] WARN  o.s.b.w.s.c.AnnotationConfigServletWebServerApplicationContext -
				Exception encountered during context initialization - cancelling refresh attempt: org.springframework.beans.factory.BeanCreationException: Error creating bean with name 'entityManagerFactory' defined in class path resource [org/springframework/boot/autoconfigure/orm/jpa/HibernateJpaConfiguration.class]: Invocation of init method failed; nested exception is javax.persistence.PersistenceException: [PersistenceUnit: default] Unable to build Hibernate SessionFactory; nested exception is org.hibernate.exception.JDBCConnectionException: Unable to open JDBC Connection for DDL execution
2021-01-05 11:31:14 [main] ERROR o.s.boot.SpringApplication -
				Application run failed
org.springframework.beans.factory.BeanCreationException: Error creating bean with name 'entityManagerFactory' defined in class path resource [org/springframework/boot/autoconfigure/orm/jpa/HibernateJpaConfiguration.class]: Invocation of init method failed; nested exception is javax.persistence.PersistenceException: [PersistenceUnit: default] Unable to build Hibernate SessionFactory; nested exception is org.hibernate.exception.JDBCConnectionException: Unable to open JDBC Connection for DDL execution
	at org.springframework.beans.factory.support.AbstractAutowireCapableBeanFactory.initializeBean(AbstractAutowireCapableBeanFactory.java:1788)
	at org.springframework.beans.factory.support.AbstractAutowireCapableBeanFactory.doCreateBean(AbstractAutowireCapableBeanFactory.java:609)
	at org.springframework.beans.factory.support.AbstractAutowireCapableBeanFactory.createBean(AbstractAutowireCapableBeanFactory.java:531)
	at org.springframework.beans.factory.support.AbstractBeanFactory.lambda$doGetBean$0(AbstractBeanFactory.java:335)
	at org.springframework.beans.factory.support.DefaultSingletonBeanRegistry.getSingleton(DefaultSingletonBeanRegistry.java:234)
	at org.springframework.beans.factory.support.AbstractBeanFactory.doGetBean(AbstractBeanFactory.java:333)
	at org.springframework.beans.factory.support.AbstractBeanFactory.getBean(AbstractBeanFactory.java:208)
	at org.springframework.context.support.AbstractApplicationContext.getBean(AbstractApplicationContext.java:1159)
	at org.springframework.context.support.AbstractApplicationContext.finishBeanFactoryInitialization(AbstractApplicationContext.java:913)
	at org.springframework.context.support.AbstractApplicationContext.refresh(AbstractApplicationContext.java:588)
	at org.springframework.boot.web.servlet.context.ServletWebServerApplicationContext.refresh(ServletWebServerApplicationContext.java:144)
	at org.springframework.boot.SpringApplication.refresh(SpringApplication.java:767)
	at org.springframework.boot.SpringApplication.refresh(SpringApplication.java:759)
	at org.springframework.boot.SpringApplication.refreshContext(SpringApplication.java:426)
	at org.springframework.boot.SpringApplication.run(SpringApplication.java:326)
	at org.springframework.boot.SpringApplication.run(SpringApplication.java:1309)
	at org.springframework.boot.SpringApplication.run(SpringApplication.java:1298)
	at com.stackroute.user.AuthenticationServiceApplication.main(AuthenticationServiceApplication.java:12)
Caused by: javax.persistence.PersistenceException: [PersistenceUnit: default] Unable to build Hibernate SessionFactory; nested exception is org.hibernate.exception.JDBCConnectionException: Unable to open JDBC Connection for DDL execution
	at org.springframework.orm.jpa.AbstractEntityManagerFactoryBean.buildNativeEntityManagerFactory(AbstractEntityManagerFactoryBean.java:421)
	at org.springframework.orm.jpa.AbstractEntityManagerFactoryBean.afterPropertiesSet(AbstractEntityManagerFactoryBean.java:396)
	at org.springframework.orm.jpa.LocalContainerEntityManagerFactoryBean.afterPropertiesSet(LocalContainerEntityManagerFactoryBean.java:341)
	at org.springframework.beans.factory.support.AbstractAutowireCapableBeanFactory.invokeInitMethods(AbstractAutowireCapableBeanFactory.java:1847)
	at org.springframework.beans.factory.support.AbstractAutowireCapableBeanFactory.initializeBean(AbstractAutowireCapableBeanFactory.java:1784)
	... 17 common frames omitted
Caused by: org.hibernate.exception.JDBCConnectionException: Unable to open JDBC Connection for DDL execution
	at org.hibernate.exception.internal.SQLStateConversionDelegate.convert(SQLStateConversionDelegate.java:112)
	at org.hibernate.exception.internal.StandardSQLExceptionConverter.convert(StandardSQLExceptionConverter.java:42)
	at org.hibernate.engine.jdbc.spi.SqlExceptionHelper.convert(SqlExceptionHelper.java:113)
	at org.hibernate.engine.jdbc.spi.SqlExceptionHelper.convert(SqlExceptionHelper.java:99)
	at org.hibernate.resource.transaction.backend.jdbc.internal.DdlTransactionIsolatorNonJtaImpl.getIsolatedConnection(DdlTransactionIsolatorNonJtaImpl.java:69)
	at org.hibernate.tool.schema.internal.exec.ImprovedExtractionContextImpl.getJdbcConnection(ImprovedExtractionContextImpl.java:60)
	at org.hibernate.tool.schema.internal.exec.ImprovedExtractionContextImpl.getJdbcDatabaseMetaData(ImprovedExtractionContextImpl.java:67)
	at org.hibernate.tool.schema.extract.internal.InformationExtractorJdbcDatabaseMetaDataImpl.getTables(InformationExtractorJdbcDatabaseMetaDataImpl.java:333)
	at org.hibernate.tool.schema.extract.internal.DatabaseInformationImpl.getTablesInformation(DatabaseInformationImpl.java:120)
	at org.hibernate.tool.schema.internal.GroupedSchemaMigratorImpl.performTablesMigration(GroupedSchemaMigratorImpl.java:65)
	at org.hibernate.tool.schema.internal.AbstractSchemaMigrator.performMigration(AbstractSchemaMigrator.java:207)
	at org.hibernate.tool.schema.internal.AbstractSchemaMigrator.doMigration(AbstractSchemaMigrator.java:114)
	at org.hibernate.tool.schema.spi.SchemaManagementToolCoordinator.performDatabaseAction(SchemaManagementToolCoordinator.java:184)
	at org.hibernate.tool.schema.spi.SchemaManagementToolCoordinator.process(SchemaManagementToolCoordinator.java:73)
	at org.hibernate.internal.SessionFactoryImpl.<init>(SessionFactoryImpl.java:316)
	at org.hibernate.boot.internal.SessionFactoryBuilderImpl.build(SessionFactoryBuilderImpl.java:469)
	at org.hibernate.jpa.boot.internal.EntityManagerFactoryBuilderImpl.build(EntityManagerFactoryBuilderImpl.java:1259)
	at org.springframework.orm.jpa.vendor.SpringHibernateJpaPersistenceProvider.createContainerEntityManagerFactory(SpringHibernateJpaPersistenceProvider.java:58)
	at org.springframework.orm.jpa.LocalContainerEntityManagerFactoryBean.createNativeEntityManagerFactory(LocalContainerEntityManagerFactoryBean.java:365)
	at org.springframework.orm.jpa.AbstractEntityManagerFactoryBean.buildNativeEntityManagerFactory(AbstractEntityManagerFactoryBean.java:409)
	... 21 common frames omitted
Caused by: com.mysql.cj.jdbc.exceptions.CommunicationsException: Communications link failure

The last packet sent successfully to the server was 0 milliseconds ago. The driver has not received any packets from the server.
	at com.mysql.cj.jdbc.exceptions.SQLError.createCommunicationsException(SQLError.java:174)
	at com.mysql.cj.jdbc.exceptions.SQLExceptionsMapping.translateException(SQLExceptionsMapping.java:64)
	at com.mysql.cj.jdbc.ConnectionImpl.createNewIO(ConnectionImpl.java:836)
	at com.mysql.cj.jdbc.ConnectionImpl.<init>(ConnectionImpl.java:456)
	at com.mysql.cj.jdbc.ConnectionImpl.getInstance(ConnectionImpl.java:246)
	at com.mysql.cj.jdbc.NonRegisteringDriver.connect(NonRegisteringDriver.java:198)
	at com.zaxxer.hikari.util.DriverDataSource.getConnection(DriverDataSource.java:138)
	at com.zaxxer.hikari.pool.PoolBase.newConnection(PoolBase.java:358)
	at com.zaxxer.hikari.pool.PoolBase.newPoolEntry(PoolBase.java:206)
	at com.zaxxer.hikari.pool.HikariPool.createPoolEntry(HikariPool.java:477)
	at com.zaxxer.hikari.pool.HikariPool.checkFailFast(HikariPool.java:560)
	at com.zaxxer.hikari.pool.HikariPool.<init>(HikariPool.java:115)
	at com.zaxxer.hikari.HikariDataSource.getConnection(HikariDataSource.java:112)
	at org.hibernate.engine.jdbc.connections.internal.DatasourceConnectionProviderImpl.getConnection(DatasourceConnectionProviderImpl.java:122)
	at org.hibernate.engine.jdbc.env.internal.JdbcEnvironmentInitiator$ConnectionProviderJdbcConnectionAccess.obtainConnection(JdbcEnvironmentInitiator.java:180)
	at org.hibernate.resource.transaction.backend.jdbc.internal.DdlTransactionIsolatorNonJtaImpl.getIsolatedConnection(DdlTransactionIsolatorNonJtaImpl.java:43)
	... 36 common frames omitted
Caused by: com.mysql.cj.exceptions.CJCommunicationsException: Communications link failure

The last packet sent successfully to the server was 0 milliseconds ago. The driver has not received any packets from the server.
	at java.base/jdk.internal.reflect.NativeConstructorAccessorImpl.newInstance0(Native Method)
	at java.base/jdk.internal.reflect.NativeConstructorAccessorImpl.newInstance(NativeConstructorAccessorImpl.java:64)
	at java.base/jdk.internal.reflect.DelegatingConstructorAccessorImpl.newInstance(DelegatingConstructorAccessorImpl.java:45)
	at java.base/java.lang.reflect.Constructor.newInstanceWithCaller(Constructor.java:500)
	at java.base/java.lang.reflect.Constructor.newInstance(Constructor.java:481)
	at com.mysql.cj.exceptions.ExceptionFactory.createException(ExceptionFactory.java:61)
	at com.mysql.cj.exceptions.ExceptionFactory.createException(ExceptionFactory.java:105)
	at com.mysql.cj.exceptions.ExceptionFactory.createException(ExceptionFactory.java:151)
	at com.mysql.cj.exceptions.ExceptionFactory.createCommunicationsException(ExceptionFactory.java:167)
	at com.mysql.cj.protocol.a.NativeSocketConnection.connect(NativeSocketConnection.java:89)
	at com.mysql.cj.NativeSession.connect(NativeSession.java:144)
	at com.mysql.cj.jdbc.ConnectionImpl.connectOneTryOnly(ConnectionImpl.java:956)
	at com.mysql.cj.jdbc.ConnectionImpl.createNewIO(ConnectionImpl.java:826)
	... 49 common frames omitted
Caused by: java.net.ConnectException: Connection refused: no further information
	at java.base/sun.nio.ch.Net.pollConnect(Native Method)
	at java.base/sun.nio.ch.Net.pollConnectNow(Net.java:660)
	at java.base/sun.nio.ch.NioSocketImpl.timedFinishConnect(NioSocketImpl.java:549)
	at java.base/sun.nio.ch.NioSocketImpl.connect(NioSocketImpl.java:597)
	at java.base/java.net.SocksSocketImpl.connect(SocksSocketImpl.java:333)
	at java.base/java.net.Socket.connect(Socket.java:648)
	at com.mysql.cj.protocol.StandardSocketFactory.connect(StandardSocketFactory.java:155)
	at com.mysql.cj.protocol.a.NativeSocketConnection.connect(NativeSocketConnection.java:63)
	... 52 common frames omitted
