2020-12-31 08:58:15 [main] WARN  o.s.b.a.j.JacksonAutoConfiguration$JodaDateTimeJacksonConfiguration -
				Auto-configuration of Jackson's Joda-Time integration is deprecated in favor of using java.time (JSR-310).
2020-12-31 08:58:15 [main] WARN  o.s.c.n.a.ArchaiusAutoConfiguration -
				No spring.application.name found, defaulting to 'application'
2020-12-31 08:58:15 [main] WARN  c.n.c.sources.URLConfigurationSource -
				No URLs will be polled as dynamic configuration sources.
2020-12-31 08:58:15 [main] WARN  c.n.c.sources.URLConfigurationSource -
				No URLs will be polled as dynamic configuration sources.
2020-12-31 08:58:19 [main] WARN  o.s.c.l.c.BlockingLoadBalancerClientAutoConfiguration$BlockingLoadBalancerClientRibbonWarnLogger -
				You already have RibbonLoadBalancerClient on your classpath. It will be used by default. As Spring Cloud Ribbon is in maintenance mode. We recommend switching to BlockingLoadBalancerClient instead. In order to use it, set the value of `spring.cloud.loadbalancer.ribbon.enabled` to `false` or remove spring-cloud-starter-netflix-ribbon from your project.
2020-12-31 08:58:33 [main] WARN  o.s.b.a.j.JacksonAutoConfiguration$JodaDateTimeJacksonConfiguration -
				Auto-configuration of Jackson's Joda-Time integration is deprecated in favor of using java.time (JSR-310).
2020-12-31 08:58:33 [main] WARN  o.s.c.n.a.ArchaiusAutoConfiguration -
				Netflix ConfigurationManager has already been installed, unable to re-install
2020-12-31 08:58:33 [org.springframework.amqp.rabbit.RabbitListenerEndpointContainer#0-1] WARN  o.s.a.r.l.SimpleMessageListenerContainer -
				Consumer raised exception, processing can restart if the connection factory supports it. Exception summary: org.springframework.amqp.AmqpConnectException: java.net.ConnectException: Connection refused: no further information
2020-12-31 08:58:37 [main] WARN  o.s.c.l.c.BlockingLoadBalancerClientAutoConfiguration$BlockingLoadBalancerClientRibbonWarnLogger -
				You already have RibbonLoadBalancerClient on your classpath. It will be used by default. As Spring Cloud Ribbon is in maintenance mode. We recommend switching to BlockingLoadBalancerClient instead. In order to use it, set the value of `spring.cloud.loadbalancer.ribbon.enabled` to `false` or remove spring-cloud-starter-netflix-ribbon from your project.
2020-12-31 08:58:42 [org.springframework.amqp.rabbit.RabbitListenerEndpointContainer#0-2] WARN  o.s.a.r.l.SimpleMessageListenerContainer -
				Consumer raised exception, processing can restart if the connection factory supports it. Exception summary: org.springframework.amqp.AmqpConnectException: java.net.ConnectException: Connection refused: no further information
